0.8220 	WARNING 	We strongly recommend you activate the PTB sound engine in PsychoPy prefs as the preferred audio engine. Its timing is vastly superior. Your prefs are currently set to use ['sounddevice', 'PTB', 'pyo', 'pygame'] (in that order).
15.4622 	WARNING 	User requested fullscreen with size [1920 1080], but screen is actually [1680, 1050]. Using actual size
16.1779 	EXP 	Created window1 = Window(allowGUI=True, allowStencil=False, args=UNKNOWN, autoLog=True, bitsMode=UNKNOWN, blendMode='avg', bpc=(8, 8, 8), color=array([0., 0., 0.]), colorSpace='rgb', depthBits=8, fullscr=<method-wrapper '__getattribute__' of attributeSetter object at 0x143e9b748>, gamma=None, gammaErrorPolicy='raise', kwargs=UNKNOWN, lms=UNKNOWN, monitor=<psychopy.monitors.calibTools.Monitor object at 0x14b562f98>, multiSample=False, name='window1', numSamples=2, pos=[420.0, 262.5], screen=0, size=array([3360, 2100]), stencilBits=0, stereo=False, units='norm', useFBO=True, useRetina=True, viewOri=0.0, viewPos=None, viewScale=None, waitBlanking=True, winType='pyglet')
16.1779 	EXP 	window1: recordFrameIntervals = False
16.3433 	EXP 	window1: recordFrameIntervals = True
16.5270 	EXP 	window1: recordFrameIntervals = False
16.9995 	EXP 	Created ExperimentInstructions = TextStim(__class__=<class 'psychopy.visual.text.TextStim'>, alignHoriz=method-wrapper(...), alignText='center', alignVert=method-wrapper(...), anchorHoriz='center', anchorVert='center', antialias=True, autoLog=True, bold=False, color='white', colorSpace='named', contrast=1.0, depth=0.0, flipHoriz=False, flipVert=False, font='Arial', fontFiles=[], height=0.1, italic=False, languageStyle='LTR', name='ExperimentInstructions', opacity=1.0, ori=0, pos=array([0., 0.]), rgb=array([255., 255., 255.]), text=str(...), units='norm', win=Window(...), wrapWidth=1)
17.3868 	EXP 	Created Cross = ShapeStim(__class__=<class 'psychopy.visual.shape.ShapeStim'>, autoDraw=False, autoLog=True, closeShape=True, contrast=1.0, depth=-1.0, fillColor=array([1., 1., 1.]), fillColorSpace='rgb', interpolate=True, lineColor=array([1., 1., 1.]), lineColorSpace='rgb', lineWidth=1, name='Cross', opacity=1.0, ori=array(0.), pos=array([0., 0.]), size=array([1., 1.]), units='deg', vertices=ndarray(...), win=Window(...), windingRule=None)
17.3966 	EXP 	Created polygon_2 = Polygon(__class__=<class 'psychopy.visual.polygon.Polygon'>, autoDraw=False, autoLog=True, closeShape=True, color=method-wrapper(...), colorSpace=None, contrast=1.0, depth=-2.0, fillColor=array([1., 1., 1.]), fillColorSpace='rgb255', fillRGB=array([1., 1., 1.]), interpolate=True, lineColor=array([1., 1., 1.]), lineColorSpace='rgb255', lineRGB=array([1., 1., 1.]), lineWidth=1, name='polygon_2', opacity=1.0, ori=array(0.), pos=array([0., 0.]), size=array([2.74, 2.74]), units='deg', vertices=ndarray(...), win=Window(...))
17.7968 	EXP 	Created thanksText = TextStim(__class__=<class 'psychopy.visual.text.TextStim'>, alignHoriz=method-wrapper(...), alignText='center', alignVert=method-wrapper(...), anchorHoriz='center', anchorVert='center', antialias=True, autoLog=True, bold=False, color=array([1., 1., 1.]), colorSpace='rgb', contrast=1.0, depth=0.0, flipHoriz=False, flipVert=False, font='arial', fontFiles=[], height=0.3, italic=False, languageStyle='LTR', name='thanksText', opacity=1.0, ori=0, pos=array([0., 0.]), rgb=array([1., 1., 1.]), text=str(...), units='norm', win=Window(...), wrapWidth=1)
17.8214 	EXP 	ExperimentInstructions: autoDraw = True
19.7497 	EXP 	Created sequence: random, trialTypes=1, nReps=100, seed=None
19.7503 	EXP 	New trial (rep=0, index=0): None
19.7541 	DATA 	Keypress: space
19.7681 	EXP 	ExperimentInstructions: autoDraw = False
19.7681 	EXP 	polygon_2: fillColor = '[255. 255.   0.] (rgb255)'
19.7681 	EXP 	polygon_2: lineColor = '[255. 255.   0.] (rgb255)'
20.7652 	EXP 	Cross: autoDraw = True
20.9651 	EXP 	Cross: autoDraw = False
21.4651 	EXP 	polygon_2: autoDraw = True
22.0684 	EXP 	New trial (rep=1, index=0): None
22.0707 	DATA 	Keypress: j
22.0844 	EXP 	Cross: autoDraw = False
22.0844 	EXP 	polygon_2: autoDraw = False
22.0844 	EXP 	polygon_2: fillColor = '[255. 255.   0.] (rgb255)'
22.0844 	EXP 	polygon_2: lineColor = '[255. 255.   0.] (rgb255)'
23.0650 	EXP 	Cross: autoDraw = True
23.2692 	EXP 	Cross: autoDraw = False
23.7317 	EXP 	polygon_2: autoDraw = True
24.0677 	EXP 	New trial (rep=2, index=0): None
24.0699 	DATA 	Keypress: j
24.0838 	EXP 	Cross: autoDraw = False
24.0838 	EXP 	polygon_2: autoDraw = False
24.0838 	EXP 	polygon_2: fillColor = '[255. 255.   0.] (rgb255)'
24.0838 	EXP 	polygon_2: lineColor = '[255. 255.   0.] (rgb255)'
25.0647 	EXP 	Cross: autoDraw = True
25.2648 	EXP 	Cross: autoDraw = False
25.6646 	EXP 	polygon_2: autoDraw = True
25.9683 	EXP 	New trial (rep=3, index=0): None
25.9706 	DATA 	Keypress: j
25.9844 	EXP 	Cross: autoDraw = False
25.9844 	EXP 	polygon_2: autoDraw = False
25.9844 	EXP 	polygon_2: fillColor = '[255. 255.   0.] (rgb255)'
25.9844 	EXP 	polygon_2: lineColor = '[255. 255.   0.] (rgb255)'
26.9647 	EXP 	Cross: autoDraw = True
27.1649 	EXP 	Cross: autoDraw = False
27.8649 	EXP 	polygon_2: autoDraw = True
28.1343 	EXP 	New trial (rep=4, index=0): None
28.1364 	DATA 	Keypress: j
28.1501 	EXP 	Cross: autoDraw = False
28.1501 	EXP 	polygon_2: autoDraw = False
28.1501 	EXP 	polygon_2: fillColor = '[255.   0.   0.] (rgb255)'
28.1501 	EXP 	polygon_2: lineColor = '[255.   0.   0.] (rgb255)'
29.1321 	EXP 	Cross: autoDraw = True
29.3313 	EXP 	Cross: autoDraw = False
29.8818 	EXP 	polygon_2: autoDraw = True
30.2503 	EXP 	New trial (rep=5, index=0): None
30.2520 	DATA 	Keypress: f
30.2658 	EXP 	Cross: autoDraw = False
30.2658 	EXP 	polygon_2: autoDraw = False
30.2658 	EXP 	polygon_2: fillColor = '[255. 255.   0.] (rgb255)'
30.2658 	EXP 	polygon_2: lineColor = '[255. 255.   0.] (rgb255)'
31.2485 	EXP 	Cross: autoDraw = True
31.4485 	EXP 	Cross: autoDraw = False
32.1486 	EXP 	polygon_2: autoDraw = True
32.5684 	EXP 	New trial (rep=6, index=0): None
32.5708 	DATA 	Keypress: j
32.5846 	EXP 	Cross: autoDraw = False
32.5846 	EXP 	polygon_2: autoDraw = False
32.5846 	EXP 	polygon_2: fillColor = '[255.   0.   0.] (rgb255)'
32.5846 	EXP 	polygon_2: lineColor = '[255.   0.   0.] (rgb255)'
33.5651 	EXP 	Cross: autoDraw = True
33.7652 	EXP 	Cross: autoDraw = False
34.5316 	EXP 	polygon_2: autoDraw = True
34.8498 	EXP 	New trial (rep=7, index=0): None
34.8513 	DATA 	Keypress: f
34.8653 	EXP 	Cross: autoDraw = False
34.8653 	EXP 	polygon_2: autoDraw = False
34.8653 	EXP 	polygon_2: fillColor = '[255. 255.   0.] (rgb255)'
34.8653 	EXP 	polygon_2: lineColor = '[255. 255.   0.] (rgb255)'
35.8479 	EXP 	Cross: autoDraw = True
36.0477 	EXP 	Cross: autoDraw = False
36.3815 	EXP 	polygon_2: autoDraw = True
36.6505 	EXP 	New trial (rep=8, index=0): None
36.6523 	DATA 	Keypress: j
36.6661 	EXP 	Cross: autoDraw = False
36.6661 	EXP 	polygon_2: autoDraw = False
36.6661 	EXP 	polygon_2: fillColor = '[255.   0.   0.] (rgb255)'
36.6661 	EXP 	polygon_2: lineColor = '[255.   0.   0.] (rgb255)'
37.6484 	EXP 	Cross: autoDraw = True
37.8483 	EXP 	Cross: autoDraw = False
38.3312 	EXP 	polygon_2: autoDraw = True
38.8500 	EXP 	New trial (rep=9, index=0): None
38.8518 	DATA 	Keypress: f
38.8657 	EXP 	Cross: autoDraw = False
38.8657 	EXP 	polygon_2: autoDraw = False
38.8657 	EXP 	polygon_2: fillColor = '[255.   0.   0.] (rgb255)'
38.8657 	EXP 	polygon_2: lineColor = '[255.   0.   0.] (rgb255)'
39.8476 	EXP 	Cross: autoDraw = True
40.0482 	EXP 	Cross: autoDraw = False
40.3648 	EXP 	polygon_2: autoDraw = True
40.7678 	EXP 	New trial (rep=10, index=0): None
40.7702 	DATA 	Keypress: f
40.7841 	EXP 	Cross: autoDraw = False
40.7841 	EXP 	polygon_2: autoDraw = False
40.7841 	EXP 	polygon_2: fillColor = '[255. 255.   0.] (rgb255)'
40.7841 	EXP 	polygon_2: lineColor = '[255. 255.   0.] (rgb255)'
41.7645 	EXP 	Cross: autoDraw = True
41.9644 	EXP 	Cross: autoDraw = False
42.2643 	EXP 	polygon_2: autoDraw = True
42.6333 	EXP 	New trial (rep=11, index=0): None
42.6351 	DATA 	Keypress: j
42.6489 	EXP 	Cross: autoDraw = False
42.6489 	EXP 	polygon_2: autoDraw = False
42.6489 	EXP 	polygon_2: fillColor = '[255.   0.   0.] (rgb255)'
42.6489 	EXP 	polygon_2: lineColor = '[255.   0.   0.] (rgb255)'
43.6310 	EXP 	Cross: autoDraw = True
43.8311 	EXP 	Cross: autoDraw = False
44.1475 	EXP 	polygon_2: autoDraw = True
44.6168 	EXP 	New trial (rep=12, index=0): None
44.6184 	DATA 	Keypress: f
44.6323 	EXP 	Cross: autoDraw = False
44.6323 	EXP 	polygon_2: autoDraw = False
44.6323 	EXP 	polygon_2: fillColor = '[255.   0.   0.] (rgb255)'
44.6323 	EXP 	polygon_2: lineColor = '[255.   0.   0.] (rgb255)'
45.6140 	EXP 	Cross: autoDraw = True
45.8140 	EXP 	Cross: autoDraw = False
46.2142 	EXP 	polygon_2: autoDraw = True
46.5673 	EXP 	New trial (rep=13, index=0): None
46.5695 	DATA 	Keypress: f
46.5834 	EXP 	Cross: autoDraw = False
46.5834 	EXP 	polygon_2: autoDraw = False
46.5834 	EXP 	polygon_2: fillColor = '[255.   0.   0.] (rgb255)'
46.5834 	EXP 	polygon_2: lineColor = '[255.   0.   0.] (rgb255)'
47.5641 	EXP 	Cross: autoDraw = True
47.7642 	EXP 	Cross: autoDraw = False
48.2310 	EXP 	polygon_2: autoDraw = True
48.5999 	EXP 	New trial (rep=14, index=0): None
48.6017 	DATA 	Keypress: f
48.6154 	EXP 	Cross: autoDraw = False
48.6154 	EXP 	polygon_2: autoDraw = False
48.6154 	EXP 	polygon_2: fillColor = '[255.   0.   0.] (rgb255)'
48.6154 	EXP 	polygon_2: lineColor = '[255.   0.   0.] (rgb255)'
49.5980 	EXP 	Cross: autoDraw = True
49.7980 	EXP 	Cross: autoDraw = False
50.5147 	EXP 	polygon_2: autoDraw = True
50.8501 	EXP 	New trial (rep=15, index=0): None
50.8521 	DATA 	Keypress: f
50.8660 	EXP 	Cross: autoDraw = False
50.8660 	EXP 	polygon_2: autoDraw = False
50.8660 	EXP 	polygon_2: fillColor = '[255. 255.   0.] (rgb255)'
50.8660 	EXP 	polygon_2: lineColor = '[255. 255.   0.] (rgb255)'
51.8477 	EXP 	Cross: autoDraw = True
52.0478 	EXP 	Cross: autoDraw = False
52.8313 	EXP 	polygon_2: autoDraw = True
53.1675 	EXP 	New trial (rep=16, index=0): None
53.1698 	DATA 	Keypress: j
53.1836 	EXP 	Cross: autoDraw = False
53.1836 	EXP 	polygon_2: autoDraw = False
53.1836 	EXP 	polygon_2: fillColor = '[255. 255.   0.] (rgb255)'
53.1836 	EXP 	polygon_2: lineColor = '[255. 255.   0.] (rgb255)'
54.1639 	EXP 	Cross: autoDraw = True
54.3641 	EXP 	Cross: autoDraw = False
54.9972 	EXP 	polygon_2: autoDraw = True
55.3007 	EXP 	New trial (rep=17, index=0): None
55.3030 	DATA 	Keypress: j
55.3169 	EXP 	Cross: autoDraw = False
55.3169 	EXP 	polygon_2: autoDraw = False
55.3169 	EXP 	polygon_2: fillColor = '[255.   0.   0.] (rgb255)'
55.3169 	EXP 	polygon_2: lineColor = '[255.   0.   0.] (rgb255)'
56.2972 	EXP 	Cross: autoDraw = True
56.4974 	EXP 	Cross: autoDraw = False
56.8806 	EXP 	polygon_2: autoDraw = True
57.1836 	EXP 	New trial (rep=18, index=0): None
57.1858 	DATA 	Keypress: j
57.1998 	EXP 	Cross: autoDraw = False
57.1998 	EXP 	polygon_2: autoDraw = False
57.1998 	EXP 	polygon_2: fillColor = '[255. 255.   0.] (rgb255)'
57.1998 	EXP 	polygon_2: lineColor = '[255. 255.   0.] (rgb255)'
58.1806 	EXP 	Cross: autoDraw = True
58.3806 	EXP 	Cross: autoDraw = False
58.9807 	EXP 	polygon_2: autoDraw = True
59.3160 	EXP 	New trial (rep=19, index=0): None
59.3178 	DATA 	Keypress: j
59.3317 	EXP 	Cross: autoDraw = False
59.3317 	EXP 	polygon_2: autoDraw = False
59.3317 	EXP 	polygon_2: fillColor = '[255. 255.   0.] (rgb255)'
59.3317 	EXP 	polygon_2: lineColor = '[255. 255.   0.] (rgb255)'
60.3139 	EXP 	Cross: autoDraw = True
60.5139 	EXP 	Cross: autoDraw = False
61.1304 	EXP 	polygon_2: autoDraw = True
61.4338 	EXP 	New trial (rep=20, index=0): None
61.4361 	DATA 	Keypress: j
61.4499 	EXP 	Cross: autoDraw = False
61.4499 	EXP 	polygon_2: autoDraw = False
61.4499 	EXP 	polygon_2: fillColor = '[255. 255.   0.] (rgb255)'
61.4499 	EXP 	polygon_2: lineColor = '[255. 255.   0.] (rgb255)'
62.4304 	EXP 	Cross: autoDraw = True
62.6304 	EXP 	Cross: autoDraw = False
63.3803 	EXP 	polygon_2: autoDraw = True
63.7331 	EXP 	New trial (rep=21, index=0): None
63.7351 	DATA 	Keypress: j
63.7488 	EXP 	Cross: autoDraw = False
63.7488 	EXP 	polygon_2: autoDraw = False
63.7488 	EXP 	polygon_2: fillColor = '[255.   0.   0.] (rgb255)'
63.7488 	EXP 	polygon_2: lineColor = '[255.   0.   0.] (rgb255)'
64.7306 	EXP 	Cross: autoDraw = True
64.9309 	EXP 	Cross: autoDraw = False
65.6637 	EXP 	polygon_2: autoDraw = True
66.0168 	EXP 	New trial (rep=22, index=0): None
66.0185 	DATA 	Keypress: f
66.0325 	EXP 	Cross: autoDraw = False
66.0325 	EXP 	polygon_2: autoDraw = False
66.0325 	EXP 	polygon_2: fillColor = '[255.   0.   0.] (rgb255)'
66.0325 	EXP 	polygon_2: lineColor = '[255.   0.   0.] (rgb255)'
67.0137 	EXP 	Cross: autoDraw = True
67.2137 	EXP 	Cross: autoDraw = False
67.7971 	EXP 	polygon_2: autoDraw = True
68.1505 	EXP 	New trial (rep=23, index=0): None
68.1525 	DATA 	Keypress: f
68.1662 	EXP 	Cross: autoDraw = False
68.1662 	EXP 	polygon_2: autoDraw = False
68.1662 	EXP 	polygon_2: fillColor = '[255.   0.   0.] (rgb255)'
68.1662 	EXP 	polygon_2: lineColor = '[255.   0.   0.] (rgb255)'
69.1473 	EXP 	Cross: autoDraw = True
69.3470 	EXP 	Cross: autoDraw = False
69.9970 	EXP 	polygon_2: autoDraw = True
70.3007 	EXP 	New trial (rep=24, index=0): None
70.3029 	DATA 	Keypress: f
70.3167 	EXP 	Cross: autoDraw = False
70.3167 	EXP 	polygon_2: autoDraw = False
70.3167 	EXP 	polygon_2: fillColor = '[255. 255.   0.] (rgb255)'
70.3167 	EXP 	polygon_2: lineColor = '[255. 255.   0.] (rgb255)'
71.2970 	EXP 	Cross: autoDraw = True
71.4972 	EXP 	Cross: autoDraw = False
72.2636 	EXP 	polygon_2: autoDraw = True
72.6324 	EXP 	New trial (rep=25, index=0): None
72.6342 	DATA 	Keypress: j
72.6479 	EXP 	Cross: autoDraw = False
72.6479 	EXP 	polygon_2: autoDraw = False
72.6479 	EXP 	polygon_2: fillColor = '[255.   0.   0.] (rgb255)'
72.6479 	EXP 	polygon_2: lineColor = '[255.   0.   0.] (rgb255)'
73.6305 	EXP 	Cross: autoDraw = True
73.8306 	EXP 	Cross: autoDraw = False
74.2805 	EXP 	polygon_2: autoDraw = True
74.7161 	EXP 	New trial (rep=26, index=0): None
74.7179 	DATA 	Keypress: f
74.7316 	EXP 	Cross: autoDraw = False
74.7316 	EXP 	polygon_2: autoDraw = False
74.7316 	EXP 	polygon_2: fillColor = '[255.   0.   0.] (rgb255)'
74.7316 	EXP 	polygon_2: lineColor = '[255.   0.   0.] (rgb255)'
75.7142 	EXP 	Cross: autoDraw = True
75.9140 	EXP 	Cross: autoDraw = False
76.2470 	EXP 	polygon_2: autoDraw = True
76.8988 	EXP 	New trial (rep=27, index=0): None
76.9004 	DATA 	Keypress: f
76.9141 	EXP 	Cross: autoDraw = False
76.9141 	EXP 	polygon_2: autoDraw = False
76.9141 	EXP 	polygon_2: fillColor = '[255. 255.   0.] (rgb255)'
76.9141 	EXP 	polygon_2: lineColor = '[255. 255.   0.] (rgb255)'
77.8971 	EXP 	Cross: autoDraw = True
78.0972 	EXP 	Cross: autoDraw = False
78.5639 	EXP 	polygon_2: autoDraw = True
78.9337 	EXP 	New trial (rep=28, index=0): None
78.9355 	DATA 	Keypress: j
78.9494 	EXP 	Cross: autoDraw = False
78.9494 	EXP 	polygon_2: autoDraw = False
78.9494 	EXP 	polygon_2: fillColor = '[255.   0.   0.] (rgb255)'
78.9494 	EXP 	polygon_2: lineColor = '[255.   0.   0.] (rgb255)'
79.9303 	EXP 	Cross: autoDraw = True
80.1298 	EXP 	Cross: autoDraw = False
80.6299 	EXP 	polygon_2: autoDraw = True
81.0335 	EXP 	New trial (rep=29, index=0): None
81.0357 	DATA 	Keypress: f
81.0496 	EXP 	Cross: autoDraw = False
81.0496 	EXP 	polygon_2: autoDraw = False
81.0496 	EXP 	polygon_2: fillColor = '[255. 255.   0.] (rgb255)'
81.0496 	EXP 	polygon_2: lineColor = '[255. 255.   0.] (rgb255)'
82.0301 	EXP 	Cross: autoDraw = True
82.2300 	EXP 	Cross: autoDraw = False
82.6632 	EXP 	polygon_2: autoDraw = True
83.0489 	EXP 	New trial (rep=30, index=0): None
83.0507 	DATA 	Keypress: j
83.0644 	EXP 	Cross: autoDraw = False
83.0644 	EXP 	polygon_2: autoDraw = False
83.0644 	EXP 	polygon_2: fillColor = '[255. 255.   0.] (rgb255)'
83.0644 	EXP 	polygon_2: lineColor = '[255. 255.   0.] (rgb255)'
84.0465 	EXP 	Cross: autoDraw = True
84.2466 	EXP 	Cross: autoDraw = False
84.8632 	EXP 	polygon_2: autoDraw = True
85.2159 	EXP 	New trial (rep=31, index=0): None
85.2175 	DATA 	Keypress: j
85.2314 	EXP 	Cross: autoDraw = False
85.2314 	EXP 	polygon_2: autoDraw = False
85.2314 	EXP 	polygon_2: fillColor = '[255. 255.   0.] (rgb255)'
85.2314 	EXP 	polygon_2: lineColor = '[255. 255.   0.] (rgb255)'
86.2132 	EXP 	Cross: autoDraw = True
86.4132 	EXP 	Cross: autoDraw = False
87.0132 	EXP 	polygon_2: autoDraw = True
87.3327 	EXP 	New trial (rep=32, index=0): None
87.3347 	DATA 	Keypress: j
87.3484 	EXP 	Cross: autoDraw = False
87.3484 	EXP 	polygon_2: autoDraw = False
87.3484 	EXP 	polygon_2: fillColor = '[255. 255.   0.] (rgb255)'
87.3484 	EXP 	polygon_2: lineColor = '[255. 255.   0.] (rgb255)'
88.3303 	EXP 	Cross: autoDraw = True
88.5302 	EXP 	Cross: autoDraw = False
88.9295 	EXP 	polygon_2: autoDraw = True
89.2158 	EXP 	New trial (rep=33, index=0): None
89.2177 	DATA 	Keypress: j
89.2316 	EXP 	Cross: autoDraw = False
89.2316 	EXP 	polygon_2: autoDraw = False
89.2316 	EXP 	polygon_2: fillColor = '[255.   0.   0.] (rgb255)'
89.2316 	EXP 	polygon_2: lineColor = '[255.   0.   0.] (rgb255)'
90.2134 	EXP 	Cross: autoDraw = True
90.4131 	EXP 	Cross: autoDraw = False
90.8302 	EXP 	polygon_2: autoDraw = True
91.2160 	EXP 	New trial (rep=34, index=0): None
91.2180 	DATA 	Keypress: f
91.2317 	EXP 	Cross: autoDraw = False
91.2317 	EXP 	polygon_2: autoDraw = False
91.2317 	EXP 	polygon_2: fillColor = '[255.   0.   0.] (rgb255)'
91.2317 	EXP 	polygon_2: lineColor = '[255.   0.   0.] (rgb255)'
92.2134 	EXP 	Cross: autoDraw = True
92.4129 	EXP 	Cross: autoDraw = False
93.1129 	EXP 	polygon_2: autoDraw = True
93.4161 	EXP 	New trial (rep=35, index=0): None
93.4181 	DATA 	Keypress: f
93.4319 	EXP 	Cross: autoDraw = False
93.4319 	EXP 	polygon_2: autoDraw = False
93.4319 	EXP 	polygon_2: fillColor = '[255. 255.   0.] (rgb255)'
93.4319 	EXP 	polygon_2: lineColor = '[255. 255.   0.] (rgb255)'
94.4127 	EXP 	Cross: autoDraw = True
94.6129 	EXP 	Cross: autoDraw = False
95.1127 	EXP 	polygon_2: autoDraw = True
95.4496 	EXP 	New trial (rep=36, index=0): None
95.4522 	DATA 	Keypress: j
95.4661 	EXP 	Cross: autoDraw = False
95.4661 	EXP 	polygon_2: autoDraw = False
95.4661 	EXP 	polygon_2: fillColor = '[255. 255.   0.] (rgb255)'
95.4661 	EXP 	polygon_2: lineColor = '[255. 255.   0.] (rgb255)'
96.4465 	EXP 	Cross: autoDraw = True
96.6462 	EXP 	Cross: autoDraw = False
97.1632 	EXP 	polygon_2: autoDraw = True
97.4485 	EXP 	New trial (rep=37, index=0): None
97.4502 	DATA 	Keypress: j
97.4642 	EXP 	Cross: autoDraw = False
97.4642 	EXP 	polygon_2: autoDraw = False
97.4642 	EXP 	polygon_2: fillColor = '[255.   0.   0.] (rgb255)'
97.4642 	EXP 	polygon_2: lineColor = '[255.   0.   0.] (rgb255)'
98.4463 	EXP 	Cross: autoDraw = True
98.6462 	EXP 	Cross: autoDraw = False
98.9795 	EXP 	polygon_2: autoDraw = True
99.3487 	EXP 	New trial (rep=38, index=0): None
99.3505 	DATA 	Keypress: f
99.3643 	EXP 	Cross: autoDraw = False
99.3643 	EXP 	polygon_2: autoDraw = False
99.3643 	EXP 	polygon_2: fillColor = '[255.   0.   0.] (rgb255)'
99.3643 	EXP 	polygon_2: lineColor = '[255.   0.   0.] (rgb255)'
100.3466 	EXP 	Cross: autoDraw = True
100.5459 	EXP 	Cross: autoDraw = False
101.2465 	EXP 	polygon_2: autoDraw = True
101.5488 	EXP 	New trial (rep=39, index=0): None
101.5507 	DATA 	Keypress: f
101.5645 	EXP 	Cross: autoDraw = False
101.5645 	EXP 	polygon_2: autoDraw = False
101.5645 	EXP 	polygon_2: fillColor = '[255.   0.   0.] (rgb255)'
101.5645 	EXP 	polygon_2: lineColor = '[255.   0.   0.] (rgb255)'
102.5460 	EXP 	Cross: autoDraw = True
102.7466 	EXP 	Cross: autoDraw = False
103.4462 	EXP 	polygon_2: autoDraw = True
103.7815 	EXP 	New trial (rep=40, index=0): None
103.7833 	DATA 	Keypress: f
103.7969 	EXP 	Cross: autoDraw = False
103.7969 	EXP 	polygon_2: autoDraw = False
103.7969 	EXP 	polygon_2: fillColor = '[255. 255.   0.] (rgb255)'
103.7969 	EXP 	polygon_2: lineColor = '[255. 255.   0.] (rgb255)'
104.7795 	EXP 	Cross: autoDraw = True
104.9793 	EXP 	Cross: autoDraw = False
105.3131 	EXP 	polygon_2: autoDraw = True
105.6479 	EXP 	New trial (rep=41, index=0): None
105.6496 	DATA 	Keypress: j
105.6633 	EXP 	Cross: autoDraw = False
105.6633 	EXP 	polygon_2: autoDraw = False
105.6633 	EXP 	polygon_2: fillColor = '[255.   0.   0.] (rgb255)'
105.6633 	EXP 	polygon_2: lineColor = '[255.   0.   0.] (rgb255)'
106.6459 	EXP 	Cross: autoDraw = True
106.8459 	EXP 	Cross: autoDraw = False
107.3964 	EXP 	polygon_2: autoDraw = True
107.7649 	EXP 	New trial (rep=42, index=0): None
107.7665 	DATA 	Keypress: f
107.7805 	EXP 	Cross: autoDraw = False
107.7805 	EXP 	polygon_2: autoDraw = False
107.7805 	EXP 	polygon_2: fillColor = '[255. 255.   0.] (rgb255)'
107.7805 	EXP 	polygon_2: lineColor = '[255. 255.   0.] (rgb255)'
108.7624 	EXP 	Cross: autoDraw = True
108.9625 	EXP 	Cross: autoDraw = False
109.4792 	EXP 	polygon_2: autoDraw = True
109.8151 	EXP 	New trial (rep=43, index=0): None
109.8171 	DATA 	Keypress: j
109.8308 	EXP 	Cross: autoDraw = False
109.8308 	EXP 	polygon_2: autoDraw = False
109.8308 	EXP 	polygon_2: fillColor = '[255. 255.   0.] (rgb255)'
109.8308 	EXP 	polygon_2: lineColor = '[255. 255.   0.] (rgb255)'
110.8130 	EXP 	Cross: autoDraw = True
111.0124 	EXP 	Cross: autoDraw = False
111.3795 	EXP 	polygon_2: autoDraw = True
111.7652 	EXP 	New trial (rep=44, index=0): None
111.7668 	DATA 	Keypress: j
111.7806 	EXP 	Cross: autoDraw = False
111.7806 	EXP 	polygon_2: autoDraw = False
111.7806 	EXP 	polygon_2: fillColor = '[255.   0.   0.] (rgb255)'
111.7806 	EXP 	polygon_2: lineColor = '[255.   0.   0.] (rgb255)'
112.7476 	DATA 	Mouse: Left button down, pos=(728,685)
112.7629 	EXP 	Cross: autoDraw = True
112.7802 	DATA 	Mouse:  Left button up, pos=(728,685)
113.0289 	EXP 	Cross: autoDraw = False
113.5795 	EXP 	polygon_2: autoDraw = True
113.9326 	EXP 	New trial (rep=45, index=0): None
113.9348 	DATA 	Keypress: f
113.9487 	EXP 	Cross: autoDraw = False
113.9487 	EXP 	polygon_2: autoDraw = False
113.9487 	EXP 	polygon_2: fillColor = '[255.   0.   0.] (rgb255)'
113.9487 	EXP 	polygon_2: lineColor = '[255.   0.   0.] (rgb255)'
114.9292 	EXP 	Cross: autoDraw = True
115.1291 	EXP 	Cross: autoDraw = False
115.9295 	EXP 	polygon_2: autoDraw = True
116.3823 	EXP 	New trial (rep=46, index=0): None
116.3844 	DATA 	Keypress: f
116.3983 	EXP 	Cross: autoDraw = False
116.3983 	EXP 	polygon_2: autoDraw = False
116.3983 	EXP 	polygon_2: fillColor = '[255. 255.   0.] (rgb255)'
116.3983 	EXP 	polygon_2: lineColor = '[255. 255.   0.] (rgb255)'
117.3790 	EXP 	Cross: autoDraw = True
117.5792 	EXP 	Cross: autoDraw = False
118.2292 	EXP 	polygon_2: autoDraw = True
118.5485 	EXP 	New trial (rep=47, index=0): None
118.5504 	DATA 	Keypress: j
118.5641 	EXP 	Cross: autoDraw = False
118.5641 	EXP 	polygon_2: autoDraw = False
118.5641 	EXP 	polygon_2: fillColor = '[255.   0.   0.] (rgb255)'
118.5641 	EXP 	polygon_2: lineColor = '[255.   0.   0.] (rgb255)'
119.5453 	EXP 	Cross: autoDraw = True
119.7453 	EXP 	Cross: autoDraw = False
120.1959 	EXP 	polygon_2: autoDraw = True
120.5475 	EXP 	New trial (rep=48, index=0): None
120.5490 	DATA 	Keypress: f
120.5629 	EXP 	Cross: autoDraw = False
120.5629 	EXP 	polygon_2: autoDraw = False
120.5629 	EXP 	polygon_2: fillColor = '[255.   0.   0.] (rgb255)'
120.5629 	EXP 	polygon_2: lineColor = '[255.   0.   0.] (rgb255)'
121.5459 	EXP 	Cross: autoDraw = True
121.7453 	EXP 	Cross: autoDraw = False
122.5126 	EXP 	polygon_2: autoDraw = True
122.8987 	EXP 	New trial (rep=49, index=0): None
122.9012 	DATA 	Keypress: f
122.9150 	EXP 	Cross: autoDraw = False
122.9150 	EXP 	polygon_2: autoDraw = False
122.9150 	EXP 	polygon_2: fillColor = '[255.   0.   0.] (rgb255)'
122.9150 	EXP 	polygon_2: lineColor = '[255.   0.   0.] (rgb255)'
123.8955 	EXP 	Cross: autoDraw = True
124.0951 	EXP 	Cross: autoDraw = False
124.5120 	EXP 	polygon_2: autoDraw = True
124.8643 	EXP 	New trial (rep=50, index=0): None
124.8665 	DATA 	Keypress: f
124.8801 	EXP 	Cross: autoDraw = False
124.8801 	EXP 	polygon_2: autoDraw = False
124.8801 	EXP 	polygon_2: fillColor = '[255.   0.   0.] (rgb255)'
124.8801 	EXP 	polygon_2: lineColor = '[255.   0.   0.] (rgb255)'
125.8620 	EXP 	Cross: autoDraw = True
126.0621 	EXP 	Cross: autoDraw = False
126.8292 	EXP 	polygon_2: autoDraw = True
127.1740 	EXP 	New trial (rep=51, index=0): None
127.1763 	DATA 	Keypress: f
127.2065 	EXP 	Cross: autoDraw = False
127.2065 	EXP 	polygon_2: autoDraw = False
127.2065 	EXP 	polygon_2: fillColor = '[255.   0.   0.] (rgb255)'
127.2065 	EXP 	polygon_2: lineColor = '[255.   0.   0.] (rgb255)'
128.1619 	EXP 	Cross: autoDraw = True
128.3619 	EXP 	Cross: autoDraw = False
128.7957 	EXP 	polygon_2: autoDraw = True
129.0976 	EXP 	New trial (rep=52, index=0): None
129.0994 	DATA 	Keypress: f
129.1133 	EXP 	Cross: autoDraw = False
129.1133 	EXP 	polygon_2: autoDraw = False
129.1133 	EXP 	polygon_2: fillColor = '[255.   0.   0.] (rgb255)'
129.1133 	EXP 	polygon_2: lineColor = '[255.   0.   0.] (rgb255)'
130.0953 	EXP 	Cross: autoDraw = True
130.2953 	EXP 	Cross: autoDraw = False
131.0454 	EXP 	polygon_2: autoDraw = True
131.3492 	EXP 	New trial (rep=53, index=0): None
131.3515 	DATA 	Keypress: f
131.3654 	EXP 	Cross: autoDraw = False
131.3654 	EXP 	polygon_2: autoDraw = False
131.3654 	EXP 	polygon_2: fillColor = '[255.   0.   0.] (rgb255)'
131.3654 	EXP 	polygon_2: lineColor = '[255.   0.   0.] (rgb255)'
132.3451 	EXP 	Cross: autoDraw = True
132.5453 	EXP 	Cross: autoDraw = False
132.8953 	EXP 	polygon_2: autoDraw = True
133.1981 	EXP 	New trial (rep=54, index=0): None
133.2001 	DATA 	Keypress: f
133.2140 	EXP 	Cross: autoDraw = False
133.2140 	EXP 	polygon_2: autoDraw = False
133.2140 	EXP 	polygon_2: fillColor = '[255.   0.   0.] (rgb255)'
133.2140 	EXP 	polygon_2: lineColor = '[255.   0.   0.] (rgb255)'
134.1956 	EXP 	Cross: autoDraw = True
134.3955 	EXP 	Cross: autoDraw = False
135.1618 	EXP 	polygon_2: autoDraw = True
135.4642 	EXP 	New trial (rep=55, index=0): None
135.4660 	DATA 	Keypress: f
135.4797 	EXP 	Cross: autoDraw = False
135.4797 	EXP 	polygon_2: autoDraw = False
135.4797 	EXP 	polygon_2: fillColor = '[255.   0.   0.] (rgb255)'
135.4797 	EXP 	polygon_2: lineColor = '[255.   0.   0.] (rgb255)'
136.4617 	EXP 	Cross: autoDraw = True
136.6622 	EXP 	Cross: autoDraw = False
137.4455 	EXP 	polygon_2: autoDraw = True
137.7308 	EXP 	New trial (rep=56, index=0): None
137.7325 	DATA 	Keypress: f
137.7462 	EXP 	Cross: autoDraw = False
137.7462 	EXP 	polygon_2: autoDraw = False
137.7462 	EXP 	polygon_2: fillColor = '[255. 255.   0.] (rgb255)'
137.7462 	EXP 	polygon_2: lineColor = '[255. 255.   0.] (rgb255)'
138.7285 	EXP 	Cross: autoDraw = True
138.9283 	EXP 	Cross: autoDraw = False
139.4117 	EXP 	polygon_2: autoDraw = True
139.8814 	EXP 	New trial (rep=57, index=0): None
139.8834 	DATA 	Keypress: j
139.8971 	EXP 	Cross: autoDraw = False
139.8971 	EXP 	polygon_2: autoDraw = False
139.8971 	EXP 	polygon_2: fillColor = '[255.   0.   0.] (rgb255)'
139.8971 	EXP 	polygon_2: lineColor = '[255.   0.   0.] (rgb255)'
140.8782 	EXP 	Cross: autoDraw = True
141.0782 	EXP 	Cross: autoDraw = False
141.8784 	EXP 	polygon_2: autoDraw = True
142.3311 	EXP 	New trial (rep=58, index=0): None
142.3332 	DATA 	Keypress: f
142.3470 	EXP 	Cross: autoDraw = False
142.3470 	EXP 	polygon_2: autoDraw = False
142.3470 	EXP 	polygon_2: fillColor = '[255.   0.   0.] (rgb255)'
142.3470 	EXP 	polygon_2: lineColor = '[255.   0.   0.] (rgb255)'
143.3288 	EXP 	Cross: autoDraw = True
143.5287 	EXP 	Cross: autoDraw = False
144.2617 	EXP 	polygon_2: autoDraw = True
144.5806 	EXP 	New trial (rep=59, index=0): None
144.5824 	DATA 	Keypress: f
144.5961 	EXP 	Cross: autoDraw = False
144.5961 	EXP 	polygon_2: autoDraw = False
144.5961 	EXP 	polygon_2: fillColor = '[255.   0.   0.] (rgb255)'
144.5961 	EXP 	polygon_2: lineColor = '[255.   0.   0.] (rgb255)'
145.5781 	EXP 	Cross: autoDraw = True
145.7786 	EXP 	Cross: autoDraw = False
146.1947 	EXP 	polygon_2: autoDraw = True
146.4816 	EXP 	New trial (rep=60, index=0): None
146.4836 	DATA 	Keypress: f
146.4973 	EXP 	Cross: autoDraw = False
146.4973 	EXP 	polygon_2: autoDraw = False
146.4973 	EXP 	polygon_2: fillColor = '[255. 255.   0.] (rgb255)'
146.4973 	EXP 	polygon_2: lineColor = '[255. 255.   0.] (rgb255)'
147.4780 	EXP 	Cross: autoDraw = True
147.6781 	EXP 	Cross: autoDraw = False
148.3280 	EXP 	polygon_2: autoDraw = True
148.7305 	EXP 	New trial (rep=61, index=0): None
148.7321 	DATA 	Keypress: j
148.7459 	EXP 	Cross: autoDraw = False
148.7459 	EXP 	polygon_2: autoDraw = False
148.7459 	EXP 	polygon_2: fillColor = '[255. 255.   0.] (rgb255)'
148.7459 	EXP 	polygon_2: lineColor = '[255. 255.   0.] (rgb255)'
149.7281 	EXP 	Cross: autoDraw = True
149.9285 	EXP 	Cross: autoDraw = False
150.4614 	EXP 	polygon_2: autoDraw = True
150.9139 	EXP 	New trial (rep=62, index=0): None
150.9157 	DATA 	Keypress: j
150.9294 	EXP 	Cross: autoDraw = False
150.9294 	EXP 	polygon_2: autoDraw = False
150.9294 	EXP 	polygon_2: fillColor = '[255. 255.   0.] (rgb255)'
150.9294 	EXP 	polygon_2: lineColor = '[255. 255.   0.] (rgb255)'
151.9119 	EXP 	Cross: autoDraw = True
152.1113 	EXP 	Cross: autoDraw = False
152.5945 	EXP 	polygon_2: autoDraw = True
152.8803 	EXP 	New trial (rep=63, index=0): None
152.8818 	DATA 	Keypress: j
152.8958 	EXP 	Cross: autoDraw = False
152.8958 	EXP 	polygon_2: autoDraw = False
152.8958 	EXP 	polygon_2: fillColor = '[255.   0.   0.] (rgb255)'
152.8958 	EXP 	polygon_2: lineColor = '[255.   0.   0.] (rgb255)'
153.8779 	EXP 	Cross: autoDraw = True
154.0781 	EXP 	Cross: autoDraw = False
154.5447 	EXP 	polygon_2: autoDraw = True
154.9306 	EXP 	New trial (rep=64, index=0): None
154.9326 	DATA 	Keypress: f
154.9464 	EXP 	Cross: autoDraw = False
154.9464 	EXP 	polygon_2: autoDraw = False
154.9464 	EXP 	polygon_2: fillColor = '[255.   0.   0.] (rgb255)'
154.9464 	EXP 	polygon_2: lineColor = '[255.   0.   0.] (rgb255)'
155.9280 	EXP 	Cross: autoDraw = True
156.1278 	EXP 	Cross: autoDraw = False
156.7944 	EXP 	polygon_2: autoDraw = True
157.1134 	EXP 	New trial (rep=65, index=0): None
157.1153 	DATA 	Keypress: f
157.1290 	EXP 	Cross: autoDraw = False
157.1290 	EXP 	polygon_2: autoDraw = False
157.1290 	EXP 	polygon_2: fillColor = '[255. 255.   0.] (rgb255)'
157.1290 	EXP 	polygon_2: lineColor = '[255. 255.   0.] (rgb255)'
158.1116 	EXP 	Cross: autoDraw = True
158.3117 	EXP 	Cross: autoDraw = False
158.6451 	EXP 	polygon_2: autoDraw = True
159.0972 	EXP 	New trial (rep=66, index=0): None
159.0990 	DATA 	Keypress: j
159.1129 	EXP 	Cross: autoDraw = False
159.1129 	EXP 	polygon_2: autoDraw = False
159.1129 	EXP 	polygon_2: fillColor = '[255.   0.   0.] (rgb255)'
159.1129 	EXP 	polygon_2: lineColor = '[255.   0.   0.] (rgb255)'
160.0945 	EXP 	Cross: autoDraw = True
160.2945 	EXP 	Cross: autoDraw = False
160.8611 	EXP 	polygon_2: autoDraw = True
161.2809 	EXP 	New trial (rep=67, index=0): None
161.2830 	DATA 	Keypress: j
161.2967 	EXP 	Cross: autoDraw = False
161.2967 	EXP 	polygon_2: autoDraw = False
161.2967 	EXP 	polygon_2: fillColor = '[255. 255.   0.] (rgb255)'
161.2967 	EXP 	polygon_2: lineColor = '[255. 255.   0.] (rgb255)'
162.2776 	EXP 	Cross: autoDraw = True
162.4778 	EXP 	Cross: autoDraw = False
163.2113 	EXP 	polygon_2: autoDraw = True
163.5964 	EXP 	New trial (rep=68, index=0): None
163.5980 	DATA 	Keypress: j
163.6120 	EXP 	Cross: autoDraw = False
163.6120 	EXP 	polygon_2: autoDraw = False
163.6120 	EXP 	polygon_2: fillColor = '[255.   0.   0.] (rgb255)'
163.6120 	EXP 	polygon_2: lineColor = '[255.   0.   0.] (rgb255)'
164.5948 	EXP 	Cross: autoDraw = True
164.7948 	EXP 	Cross: autoDraw = False
165.4949 	EXP 	polygon_2: autoDraw = True
165.8630 	EXP 	New trial (rep=69, index=0): None
165.8645 	DATA 	Keypress: f
165.8785 	EXP 	Cross: autoDraw = False
165.8785 	EXP 	polygon_2: autoDraw = False
165.8785 	EXP 	polygon_2: fillColor = '[255.   0.   0.] (rgb255)'
165.8785 	EXP 	polygon_2: lineColor = '[255.   0.   0.] (rgb255)'
166.8615 	EXP 	Cross: autoDraw = True
167.0609 	EXP 	Cross: autoDraw = False
167.4948 	EXP 	polygon_2: autoDraw = True
167.8630 	EXP 	New trial (rep=70, index=0): None
167.8646 	DATA 	Keypress: f
167.8784 	EXP 	Cross: autoDraw = False
167.8784 	EXP 	polygon_2: autoDraw = False
167.8784 	EXP 	polygon_2: fillColor = '[255. 255.   0.] (rgb255)'
167.8784 	EXP 	polygon_2: lineColor = '[255. 255.   0.] (rgb255)'
168.8614 	EXP 	Cross: autoDraw = True
169.0616 	EXP 	Cross: autoDraw = False
169.8274 	EXP 	polygon_2: autoDraw = True
170.2468 	EXP 	New trial (rep=71, index=0): None
170.2487 	DATA 	Keypress: j
170.2624 	EXP 	Cross: autoDraw = False
170.2624 	EXP 	polygon_2: autoDraw = False
170.2624 	EXP 	polygon_2: fillColor = '[255.   0.   0.] (rgb255)'
170.2624 	EXP 	polygon_2: lineColor = '[255.   0.   0.] (rgb255)'
171.2443 	EXP 	Cross: autoDraw = True
171.4446 	EXP 	Cross: autoDraw = False
172.0273 	EXP 	polygon_2: autoDraw = True
172.4631 	EXP 	New trial (rep=72, index=0): None
172.4646 	DATA 	Keypress: f
172.4785 	EXP 	Cross: autoDraw = False
172.4785 	EXP 	polygon_2: autoDraw = False
172.4785 	EXP 	polygon_2: fillColor = '[255.   0.   0.] (rgb255)'
172.4785 	EXP 	polygon_2: lineColor = '[255.   0.   0.] (rgb255)'
173.4607 	EXP 	Cross: autoDraw = True
173.6608 	EXP 	Cross: autoDraw = False
174.0775 	EXP 	polygon_2: autoDraw = True
174.4962 	EXP 	New trial (rep=73, index=0): None
174.4979 	DATA 	Keypress: f
174.5116 	EXP 	Cross: autoDraw = False
174.5116 	EXP 	polygon_2: autoDraw = False
174.5116 	EXP 	polygon_2: fillColor = '[255.   0.   0.] (rgb255)'
174.5116 	EXP 	polygon_2: lineColor = '[255.   0.   0.] (rgb255)'
175.4941 	EXP 	Cross: autoDraw = True
175.6941 	EXP 	Cross: autoDraw = False
176.3942 	EXP 	polygon_2: autoDraw = True
176.7297 	EXP 	New trial (rep=74, index=0): None
176.7313 	DATA 	Keypress: f
176.7452 	EXP 	Cross: autoDraw = False
176.7452 	EXP 	polygon_2: autoDraw = False
176.7452 	EXP 	polygon_2: fillColor = '[255.   0.   0.] (rgb255)'
176.7452 	EXP 	polygon_2: lineColor = '[255.   0.   0.] (rgb255)'
177.7272 	EXP 	Cross: autoDraw = True
177.9274 	EXP 	Cross: autoDraw = False
178.3106 	EXP 	polygon_2: autoDraw = True
178.6465 	EXP 	New trial (rep=75, index=0): None
178.6484 	DATA 	Keypress: f
178.6622 	EXP 	Cross: autoDraw = False
178.6622 	EXP 	polygon_2: autoDraw = False
178.6622 	EXP 	polygon_2: fillColor = '[255.   0.   0.] (rgb255)'
178.6622 	EXP 	polygon_2: lineColor = '[255.   0.   0.] (rgb255)'
179.6444 	EXP 	Cross: autoDraw = True
179.8444 	EXP 	Cross: autoDraw = False
180.6272 	EXP 	polygon_2: autoDraw = True
180.9800 	EXP 	New trial (rep=76, index=0): None
180.9820 	DATA 	Keypress: f
180.9958 	EXP 	Cross: autoDraw = False
180.9958 	EXP 	polygon_2: autoDraw = False
180.9958 	EXP 	polygon_2: fillColor = '[255. 255.   0.] (rgb255)'
180.9958 	EXP 	polygon_2: lineColor = '[255. 255.   0.] (rgb255)'
181.9773 	EXP 	Cross: autoDraw = True
182.1771 	EXP 	Cross: autoDraw = False
182.4944 	EXP 	polygon_2: autoDraw = True
182.8629 	EXP 	New trial (rep=77, index=0): None
182.8645 	DATA 	Keypress: j
182.8784 	EXP 	Cross: autoDraw = False
182.8784 	EXP 	polygon_2: autoDraw = False
182.8784 	EXP 	polygon_2: fillColor = '[255.   0.   0.] (rgb255)'
182.8784 	EXP 	polygon_2: lineColor = '[255.   0.   0.] (rgb255)'
183.8610 	EXP 	Cross: autoDraw = True
184.0611 	EXP 	Cross: autoDraw = False
184.4107 	EXP 	polygon_2: autoDraw = True
184.8292 	EXP 	New trial (rep=78, index=0): None
184.8310 	DATA 	Keypress: f
184.8448 	EXP 	Cross: autoDraw = False
184.8448 	EXP 	polygon_2: autoDraw = False
184.8448 	EXP 	polygon_2: fillColor = '[255.   0.   0.] (rgb255)'
184.8448 	EXP 	polygon_2: lineColor = '[255.   0.   0.] (rgb255)'
185.8271 	EXP 	Cross: autoDraw = True
186.0271 	EXP 	Cross: autoDraw = False
186.5270 	EXP 	polygon_2: autoDraw = True
186.9629 	EXP 	New trial (rep=79, index=0): None
186.9649 	DATA 	Keypress: f
186.9789 	EXP 	Cross: autoDraw = False
186.9789 	EXP 	polygon_2: autoDraw = False
186.9789 	EXP 	polygon_2: fillColor = '[255. 255.   0.] (rgb255)'
186.9789 	EXP 	polygon_2: lineColor = '[255. 255.   0.] (rgb255)'
187.9604 	EXP 	Cross: autoDraw = True
188.1770 	EXP 	Cross: autoDraw = False
188.9102 	EXP 	polygon_2: autoDraw = True
189.2458 	EXP 	New trial (rep=80, index=0): None
189.2476 	DATA 	Keypress: j
189.2614 	EXP 	Cross: autoDraw = False
189.2614 	EXP 	polygon_2: autoDraw = False
189.2614 	EXP 	polygon_2: fillColor = '[255. 255.   0.] (rgb255)'
189.2614 	EXP 	polygon_2: lineColor = '[255. 255.   0.] (rgb255)'
190.2440 	EXP 	Cross: autoDraw = True
190.4437 	EXP 	Cross: autoDraw = False
190.7437 	EXP 	polygon_2: autoDraw = True
191.1297 	EXP 	New trial (rep=81, index=0): None
191.1318 	DATA 	Keypress: j
191.1455 	EXP 	Cross: autoDraw = False
191.1455 	EXP 	polygon_2: autoDraw = False
191.1455 	EXP 	polygon_2: fillColor = '[255. 255.   0.] (rgb255)'
191.1455 	EXP 	polygon_2: lineColor = '[255. 255.   0.] (rgb255)'
192.1275 	EXP 	Cross: autoDraw = True
192.3274 	EXP 	Cross: autoDraw = False
193.0274 	EXP 	polygon_2: autoDraw = True
193.4130 	EXP 	New trial (rep=82, index=0): None
193.4146 	DATA 	Keypress: j
193.4284 	EXP 	Cross: autoDraw = False
193.4284 	EXP 	polygon_2: autoDraw = False
193.4284 	EXP 	polygon_2: fillColor = '[255. 255.   0.] (rgb255)'
193.4284 	EXP 	polygon_2: lineColor = '[255. 255.   0.] (rgb255)'
194.4103 	EXP 	Cross: autoDraw = True
194.6102 	EXP 	Cross: autoDraw = False
195.1105 	EXP 	polygon_2: autoDraw = True
195.4457 	EXP 	New trial (rep=83, index=0): None
195.4474 	DATA 	Keypress: j
195.4611 	EXP 	Cross: autoDraw = False
195.4611 	EXP 	polygon_2: autoDraw = False
195.4611 	EXP 	polygon_2: fillColor = '[255. 255.   0.] (rgb255)'
195.4611 	EXP 	polygon_2: lineColor = '[255. 255.   0.] (rgb255)'
196.4436 	EXP 	Cross: autoDraw = True
196.6440 	EXP 	Cross: autoDraw = False
197.2601 	EXP 	polygon_2: autoDraw = True
197.5792 	EXP 	New trial (rep=84, index=0): None
197.5810 	DATA 	Keypress: j
197.5947 	EXP 	Cross: autoDraw = False
197.5947 	EXP 	polygon_2: autoDraw = False
197.5947 	EXP 	polygon_2: fillColor = '[255. 255.   0.] (rgb255)'
197.5947 	EXP 	polygon_2: lineColor = '[255. 255.   0.] (rgb255)'
198.5770 	EXP 	Cross: autoDraw = True
198.7773 	EXP 	Cross: autoDraw = False
199.0769 	EXP 	polygon_2: autoDraw = True
199.3959 	EXP 	New trial (rep=85, index=0): None
199.3975 	DATA 	Keypress: j
199.4112 	EXP 	Cross: autoDraw = False
199.4112 	EXP 	polygon_2: autoDraw = False
199.4112 	EXP 	polygon_2: fillColor = '[255. 255.   0.] (rgb255)'
199.4112 	EXP 	polygon_2: lineColor = '[255. 255.   0.] (rgb255)'
200.3933 	EXP 	Cross: autoDraw = True
200.5932 	EXP 	Cross: autoDraw = False
200.9103 	EXP 	polygon_2: autoDraw = True
201.1958 	EXP 	New trial (rep=86, index=0): None
201.1973 	DATA 	Keypress: j
201.2111 	EXP 	Cross: autoDraw = False
201.2111 	EXP 	polygon_2: autoDraw = False
201.2111 	EXP 	polygon_2: fillColor = '[255. 255.   0.] (rgb255)'
201.2111 	EXP 	polygon_2: lineColor = '[255. 255.   0.] (rgb255)'
202.1937 	EXP 	Cross: autoDraw = True
202.3933 	EXP 	Cross: autoDraw = False
202.6932 	EXP 	polygon_2: autoDraw = True
203.0118 	EXP 	New trial (rep=87, index=0): None
203.0135 	DATA 	Keypress: j
203.0272 	EXP 	Cross: autoDraw = False
203.0272 	EXP 	polygon_2: autoDraw = False
203.0272 	EXP 	polygon_2: fillColor = '[255. 255.   0.] (rgb255)'
203.0272 	EXP 	polygon_2: lineColor = '[255. 255.   0.] (rgb255)'
204.0104 	EXP 	Cross: autoDraw = True
204.2103 	EXP 	Cross: autoDraw = False
204.8098 	EXP 	polygon_2: autoDraw = True
205.0953 	EXP 	New trial (rep=88, index=0): None
205.0969 	DATA 	Keypress: j
205.1107 	EXP 	Cross: autoDraw = False
205.1107 	EXP 	polygon_2: autoDraw = False
205.1107 	EXP 	polygon_2: fillColor = '[255. 255.   0.] (rgb255)'
205.1107 	EXP 	polygon_2: lineColor = '[255. 255.   0.] (rgb255)'
206.0937 	EXP 	Cross: autoDraw = True
206.2931 	EXP 	Cross: autoDraw = False
207.0265 	EXP 	polygon_2: autoDraw = True
207.3620 	EXP 	New trial (rep=89, index=0): None
207.3636 	DATA 	Keypress: j
207.3776 	EXP 	Cross: autoDraw = False
207.3776 	EXP 	polygon_2: autoDraw = False
207.3776 	EXP 	polygon_2: fillColor = '[255. 255.   0.] (rgb255)'
207.3776 	EXP 	polygon_2: lineColor = '[255. 255.   0.] (rgb255)'
208.3603 	EXP 	Cross: autoDraw = True
208.5597 	EXP 	Cross: autoDraw = False
209.2098 	EXP 	polygon_2: autoDraw = True
209.5124 	EXP 	New trial (rep=90, index=0): None
209.5139 	DATA 	Keypress: j
209.5279 	EXP 	Cross: autoDraw = False
209.5279 	EXP 	polygon_2: autoDraw = False
209.5279 	EXP 	polygon_2: fillColor = '[255. 255.   0.] (rgb255)'
209.5279 	EXP 	polygon_2: lineColor = '[255. 255.   0.] (rgb255)'
210.5096 	EXP 	Cross: autoDraw = True
210.7098 	EXP 	Cross: autoDraw = False
211.2930 	EXP 	polygon_2: autoDraw = True
211.6296 	EXP 	New trial (rep=91, index=0): None
211.6316 	DATA 	Keypress: j
211.6454 	EXP 	Cross: autoDraw = False
211.6454 	EXP 	polygon_2: autoDraw = False
211.6454 	EXP 	polygon_2: fillColor = '[255. 255.   0.] (rgb255)'
211.6454 	EXP 	polygon_2: lineColor = '[255. 255.   0.] (rgb255)'
212.6263 	EXP 	Cross: autoDraw = True
212.8263 	EXP 	Cross: autoDraw = False
213.3596 	EXP 	polygon_2: autoDraw = True
213.7117 	EXP 	New trial (rep=92, index=0): None
213.7134 	DATA 	Keypress: j
213.7273 	EXP 	Cross: autoDraw = False
213.7273 	EXP 	polygon_2: autoDraw = False
213.7273 	EXP 	polygon_2: fillColor = '[255.   0.   0.] (rgb255)'
213.7273 	EXP 	polygon_2: lineColor = '[255.   0.   0.] (rgb255)'
214.7098 	EXP 	Cross: autoDraw = True
214.9097 	EXP 	Cross: autoDraw = False
215.3935 	EXP 	polygon_2: autoDraw = True
215.7791 	EXP 	New trial (rep=93, index=0): None
215.7810 	DATA 	Keypress: f
215.7949 	EXP 	Cross: autoDraw = False
215.7949 	EXP 	polygon_2: autoDraw = False
215.7949 	EXP 	polygon_2: fillColor = '[255.   0.   0.] (rgb255)'
215.7949 	EXP 	polygon_2: lineColor = '[255.   0.   0.] (rgb255)'
216.7763 	EXP 	Cross: autoDraw = True
216.9762 	EXP 	Cross: autoDraw = False
217.4597 	EXP 	polygon_2: autoDraw = True
217.7958 	EXP 	New trial (rep=94, index=0): None
217.7975 	DATA 	Keypress: f
217.8114 	EXP 	Cross: autoDraw = False
217.8114 	EXP 	polygon_2: autoDraw = False
217.8114 	EXP 	polygon_2: fillColor = '[255.   0.   0.] (rgb255)'
217.8114 	EXP 	polygon_2: lineColor = '[255.   0.   0.] (rgb255)'
218.7931 	EXP 	Cross: autoDraw = True
218.9932 	EXP 	Cross: autoDraw = False
219.6761 	EXP 	polygon_2: autoDraw = True
220.0463 	EXP 	New trial (rep=95, index=0): None
220.0481 	DATA 	Keypress: f
220.0619 	EXP 	Cross: autoDraw = False
220.0619 	EXP 	polygon_2: autoDraw = False
220.0619 	EXP 	polygon_2: fillColor = '[255.   0.   0.] (rgb255)'
220.0619 	EXP 	polygon_2: lineColor = '[255.   0.   0.] (rgb255)'
221.0428 	EXP 	Cross: autoDraw = True
221.2428 	EXP 	Cross: autoDraw = False
221.8600 	EXP 	polygon_2: autoDraw = True
222.1951 	EXP 	New trial (rep=96, index=0): None
222.1969 	DATA 	Keypress: f
222.2106 	EXP 	Cross: autoDraw = False
222.2106 	EXP 	polygon_2: autoDraw = False
222.2106 	EXP 	polygon_2: fillColor = '[255.   0.   0.] (rgb255)'
222.2106 	EXP 	polygon_2: lineColor = '[255.   0.   0.] (rgb255)'
223.1930 	EXP 	Cross: autoDraw = True
223.3929 	EXP 	Cross: autoDraw = False
223.8760 	EXP 	polygon_2: autoDraw = True
224.1954 	EXP 	New trial (rep=97, index=0): None
224.1970 	DATA 	Keypress: f
224.2110 	EXP 	Cross: autoDraw = False
224.2110 	EXP 	polygon_2: autoDraw = False
224.2110 	EXP 	polygon_2: fillColor = '[255. 255.   0.] (rgb255)'
224.2110 	EXP 	polygon_2: lineColor = '[255. 255.   0.] (rgb255)'
225.1928 	EXP 	Cross: autoDraw = True
225.3927 	EXP 	Cross: autoDraw = False
225.7932 	EXP 	polygon_2: autoDraw = True
226.0619 	EXP 	New trial (rep=98, index=0): None
226.0635 	DATA 	Keypress: f
226.0774 	EXP 	Cross: autoDraw = False
226.0774 	EXP 	polygon_2: autoDraw = False
226.0774 	EXP 	polygon_2: fillColor = '[255.   0.   0.] (rgb255)'
226.0774 	EXP 	polygon_2: lineColor = '[255.   0.   0.] (rgb255)'
227.0593 	EXP 	Cross: autoDraw = True
227.2594 	EXP 	Cross: autoDraw = False
227.9761 	EXP 	polygon_2: autoDraw = True
228.3448 	EXP 	New trial (rep=99, index=0): None
228.3466 	DATA 	Keypress: f
228.3604 	EXP 	Cross: autoDraw = False
228.3604 	EXP 	polygon_2: autoDraw = False
228.3604 	EXP 	polygon_2: fillColor = '[255. 255.   0.] (rgb255)'
228.3604 	EXP 	polygon_2: lineColor = '[255. 255.   0.] (rgb255)'
229.3431 	EXP 	Cross: autoDraw = True
229.5426 	EXP 	Cross: autoDraw = False
230.2758 	EXP 	polygon_2: autoDraw = True
230.6735 	DATA 	Keypress: j
230.6924 	EXP 	Cross: autoDraw = False
230.6924 	EXP 	polygon_2: autoDraw = False
230.6924 	EXP 	thanksText: autoDraw = True
232.6752 	EXP 	thanksText: autoDraw = False
232.9588 	EXP 	window1: mouseVisible = True
