0.8082 	WARNING 	We strongly recommend you activate the PTB sound engine in PsychoPy prefs as the preferred audio engine. Its timing is vastly superior. Your prefs are currently set to use ['sounddevice', 'PTB', 'pyo', 'pygame'] (in that order).
170.6542 	WARNING 	User requested fullscreen with size [1920 1080], but screen is actually [1680, 1050]. Using actual size
171.3604 	EXP 	Created window1 = Window(allowGUI=True, allowStencil=False, args=UNKNOWN, autoLog=True, bitsMode=UNKNOWN, blendMode='avg', bpc=(8, 8, 8), color=array([0., 0., 0.]), colorSpace='rgb', depthBits=8, fullscr=<method-wrapper '__getattribute__' of attributeSetter object at 0x1450bd748>, gamma=None, gammaErrorPolicy='raise', kwargs=UNKNOWN, lms=UNKNOWN, monitor=<psychopy.monitors.calibTools.Monitor object at 0x14bd15f98>, multiSample=False, name='window1', numSamples=2, pos=[420.0, 262.5], screen=0, size=array([3360, 2100]), stencilBits=0, stereo=False, units='norm', useFBO=True, useRetina=True, viewOri=0.0, viewPos=None, viewScale=None, waitBlanking=True, winType='pyglet')
171.3604 	EXP 	window1: recordFrameIntervals = False
171.5253 	EXP 	window1: recordFrameIntervals = True
171.7093 	EXP 	window1: recordFrameIntervals = False
172.1762 	EXP 	Created ExperimentInstructions = TextStim(__class__=<class 'psychopy.visual.text.TextStim'>, alignHoriz=method-wrapper(...), alignText='center', alignVert=method-wrapper(...), anchorHoriz='center', anchorVert='center', antialias=True, autoLog=True, bold=False, color='white', colorSpace='named', contrast=1.0, depth=0.0, flipHoriz=False, flipVert=False, font='Arial', fontFiles=[], height=0.1, italic=False, languageStyle='LTR', name='ExperimentInstructions', opacity=1.0, ori=0, pos=array([0., 0.]), rgb=array([255., 255., 255.]), text=str(...), units='norm', win=Window(...), wrapWidth=1)
172.5810 	EXP 	Created Cross = ShapeStim(__class__=<class 'psychopy.visual.shape.ShapeStim'>, autoDraw=False, autoLog=True, closeShape=True, contrast=1.0, depth=-1.0, fillColor=array([1., 1., 1.]), fillColorSpace='rgb', interpolate=True, lineColor=array([1., 1., 1.]), lineColorSpace='rgb', lineWidth=1, name='Cross', opacity=1.0, ori=array(0.), pos=array([0., 0.]), size=array([1., 1.]), units='deg', vertices=ndarray(...), win=Window(...), windingRule=None)
172.5908 	EXP 	Created polygon_2 = Polygon(__class__=<class 'psychopy.visual.polygon.Polygon'>, autoDraw=False, autoLog=True, closeShape=True, color=method-wrapper(...), colorSpace=None, contrast=1.0, depth=-2.0, fillColor=array([1., 1., 1.]), fillColorSpace='rgb255', fillRGB=array([1., 1., 1.]), interpolate=True, lineColor=array([1., 1., 1.]), lineColorSpace='rgb255', lineRGB=array([1., 1., 1.]), lineWidth=1, name='polygon_2', opacity=1.0, ori=array(0.), pos=array([0., 0.]), size=array([2.74, 2.74]), units='deg', vertices=ndarray(...), win=Window(...))
173.0084 	EXP 	Created thanksText = TextStim(__class__=<class 'psychopy.visual.text.TextStim'>, alignHoriz=method-wrapper(...), alignText='center', alignVert=method-wrapper(...), anchorHoriz='center', anchorVert='center', antialias=True, autoLog=True, bold=False, color=array([1., 1., 1.]), colorSpace='rgb', contrast=1.0, depth=0.0, flipHoriz=False, flipVert=False, font='arial', fontFiles=[], height=0.3, italic=False, languageStyle='LTR', name='thanksText', opacity=1.0, ori=0, pos=array([0., 0.]), rgb=array([1., 1., 1.]), text=str(...), units='norm', win=Window(...), wrapWidth=1)
173.0298 	EXP 	ExperimentInstructions: autoDraw = True
178.6980 	EXP 	Created sequence: random, trialTypes=1, nReps=100, seed=None
178.6989 	EXP 	New trial (rep=0, index=0): None
178.7028 	DATA 	Keypress: space
178.7171 	EXP 	ExperimentInstructions: autoDraw = False
178.7171 	EXP 	polygon_2: fillColor = '[255.   0.   0.] (rgb255)'
178.7171 	EXP 	polygon_2: lineColor = '[255.   0.   0.] (rgb255)'
179.7133 	EXP 	Cross: autoDraw = True
179.9132 	EXP 	Cross: autoDraw = False
180.6463 	EXP 	polygon_2: autoDraw = True
181.1824 	EXP 	New trial (rep=1, index=0): None
181.1841 	DATA 	Keypress: j
181.1978 	EXP 	Cross: autoDraw = False
181.1978 	EXP 	polygon_2: autoDraw = False
181.1978 	EXP 	polygon_2: fillColor = '[  0. 255.   0.] (rgb255)'
181.1978 	EXP 	polygon_2: lineColor = '[  0. 255.   0.] (rgb255)'
182.1808 	EXP 	Cross: autoDraw = True
182.3801 	EXP 	Cross: autoDraw = False
182.8131 	EXP 	polygon_2: autoDraw = True
183.1822 	EXP 	New trial (rep=2, index=0): None
183.1837 	DATA 	Keypress: f
183.1974 	EXP 	Cross: autoDraw = False
183.1974 	EXP 	polygon_2: autoDraw = False
183.1974 	EXP 	polygon_2: fillColor = '[255.   0.   0.] (rgb255)'
183.1974 	EXP 	polygon_2: lineColor = '[255.   0.   0.] (rgb255)'
184.1801 	EXP 	Cross: autoDraw = True
184.3802 	EXP 	Cross: autoDraw = False
185.1297 	EXP 	polygon_2: autoDraw = True
185.6821 	EXP 	New trial (rep=3, index=0): None
185.6837 	DATA 	Keypress: j
185.6976 	EXP 	Cross: autoDraw = False
185.6976 	EXP 	polygon_2: autoDraw = False
185.6976 	EXP 	polygon_2: fillColor = '[  0. 255.   0.] (rgb255)'
185.6976 	EXP 	polygon_2: lineColor = '[  0. 255.   0.] (rgb255)'
186.6797 	EXP 	Cross: autoDraw = True
186.8796 	EXP 	Cross: autoDraw = False
187.2462 	EXP 	polygon_2: autoDraw = True
187.6650 	EXP 	New trial (rep=4, index=0): None
187.6667 	DATA 	Keypress: f
187.6805 	EXP 	Cross: autoDraw = False
187.6805 	EXP 	polygon_2: autoDraw = False
187.6805 	EXP 	polygon_2: fillColor = '[  0. 255.   0.] (rgb255)'
187.6805 	EXP 	polygon_2: lineColor = '[  0. 255.   0.] (rgb255)'
188.6629 	EXP 	Cross: autoDraw = True
188.8629 	EXP 	Cross: autoDraw = False
189.2799 	EXP 	polygon_2: autoDraw = True
189.6329 	EXP 	New trial (rep=5, index=0): None
189.6351 	DATA 	Keypress: f
189.6490 	EXP 	Cross: autoDraw = False
189.6490 	EXP 	polygon_2: autoDraw = False
189.6490 	EXP 	polygon_2: fillColor = '[  0. 255.   0.] (rgb255)'
189.6490 	EXP 	polygon_2: lineColor = '[  0. 255.   0.] (rgb255)'
190.6296 	EXP 	Cross: autoDraw = True
190.8297 	EXP 	Cross: autoDraw = False
191.4628 	EXP 	polygon_2: autoDraw = True
191.7819 	EXP 	New trial (rep=6, index=0): None
191.7835 	DATA 	Keypress: f
191.7973 	EXP 	Cross: autoDraw = False
191.7973 	EXP 	polygon_2: autoDraw = False
191.7973 	EXP 	polygon_2: fillColor = '[  0. 255.   0.] (rgb255)'
191.7973 	EXP 	polygon_2: lineColor = '[  0. 255.   0.] (rgb255)'
192.7800 	EXP 	Cross: autoDraw = True
192.9800 	EXP 	Cross: autoDraw = False
193.6799 	EXP 	polygon_2: autoDraw = True
193.9982 	EXP 	New trial (rep=7, index=0): None
193.9999 	DATA 	Keypress: f
194.0137 	EXP 	Cross: autoDraw = False
194.0137 	EXP 	polygon_2: autoDraw = False
194.0137 	EXP 	polygon_2: fillColor = '[  0. 255.   0.] (rgb255)'
194.0137 	EXP 	polygon_2: lineColor = '[  0. 255.   0.] (rgb255)'
194.9966 	EXP 	Cross: autoDraw = True
195.1960 	EXP 	Cross: autoDraw = False
195.9628 	EXP 	polygon_2: autoDraw = True
196.2986 	EXP 	New trial (rep=8, index=0): None
196.3001 	DATA 	Keypress: f
196.3139 	EXP 	Cross: autoDraw = False
196.3139 	EXP 	polygon_2: autoDraw = False
196.3139 	EXP 	polygon_2: fillColor = '[255.   0.   0.] (rgb255)'
196.3139 	EXP 	polygon_2: lineColor = '[255.   0.   0.] (rgb255)'
197.2966 	EXP 	Cross: autoDraw = True
197.4965 	EXP 	Cross: autoDraw = False
197.8130 	EXP 	polygon_2: autoDraw = True
198.2159 	EXP 	New trial (rep=9, index=0): None
198.2181 	DATA 	Keypress: j
198.2319 	EXP 	Cross: autoDraw = False
198.2319 	EXP 	polygon_2: autoDraw = False
198.2319 	EXP 	polygon_2: fillColor = '[255.   0.   0.] (rgb255)'
198.2319 	EXP 	polygon_2: lineColor = '[255.   0.   0.] (rgb255)'
199.2126 	EXP 	Cross: autoDraw = True
199.4126 	EXP 	Cross: autoDraw = False
200.1293 	EXP 	polygon_2: autoDraw = True
200.5146 	EXP 	New trial (rep=10, index=0): None
200.5163 	DATA 	Keypress: j
200.5302 	EXP 	Cross: autoDraw = False
200.5302 	EXP 	polygon_2: autoDraw = False
200.5302 	EXP 	polygon_2: fillColor = '[  0. 255.   0.] (rgb255)'
200.5302 	EXP 	polygon_2: lineColor = '[  0. 255.   0.] (rgb255)'
201.5131 	EXP 	Cross: autoDraw = True
201.7127 	EXP 	Cross: autoDraw = False
202.4628 	EXP 	polygon_2: autoDraw = True
202.8314 	EXP 	New trial (rep=11, index=0): None
202.8329 	DATA 	Keypress: f
202.8467 	EXP 	Cross: autoDraw = False
202.8467 	EXP 	polygon_2: autoDraw = False
202.8467 	EXP 	polygon_2: fillColor = '[  0. 255.   0.] (rgb255)'
202.8467 	EXP 	polygon_2: lineColor = '[  0. 255.   0.] (rgb255)'
203.8297 	EXP 	Cross: autoDraw = True
204.0297 	EXP 	Cross: autoDraw = False
204.8131 	EXP 	polygon_2: autoDraw = True
205.2481 	EXP 	New trial (rep=12, index=0): None
205.2497 	DATA 	Keypress: f
205.2636 	EXP 	Cross: autoDraw = False
205.2636 	EXP 	polygon_2: autoDraw = False
205.2636 	EXP 	polygon_2: fillColor = '[255.   0.   0.] (rgb255)'
205.2636 	EXP 	polygon_2: lineColor = '[255.   0.   0.] (rgb255)'
206.2457 	EXP 	Cross: autoDraw = True
206.4462 	EXP 	Cross: autoDraw = False
206.9625 	EXP 	polygon_2: autoDraw = True
207.3316 	EXP 	New trial (rep=13, index=0): None
207.3332 	DATA 	Keypress: j
207.3471 	EXP 	Cross: autoDraw = False
207.3471 	EXP 	polygon_2: autoDraw = False
207.3471 	EXP 	polygon_2: fillColor = '[255.   0.   0.] (rgb255)'
207.3471 	EXP 	polygon_2: lineColor = '[255.   0.   0.] (rgb255)'
208.3292 	EXP 	Cross: autoDraw = True
208.5291 	EXP 	Cross: autoDraw = False
209.1296 	EXP 	polygon_2: autoDraw = True
209.5480 	EXP 	New trial (rep=14, index=0): None
209.5498 	DATA 	Keypress: j
209.5636 	EXP 	Cross: autoDraw = False
209.5636 	EXP 	polygon_2: autoDraw = False
209.5636 	EXP 	polygon_2: fillColor = '[255.   0.   0.] (rgb255)'
209.5636 	EXP 	polygon_2: lineColor = '[255.   0.   0.] (rgb255)'
210.5459 	EXP 	Cross: autoDraw = True
210.7462 	EXP 	Cross: autoDraw = False
211.2458 	EXP 	polygon_2: autoDraw = True
211.5816 	EXP 	New trial (rep=15, index=0): None
211.5830 	DATA 	Keypress: j
211.5971 	EXP 	Cross: autoDraw = False
211.5971 	EXP 	polygon_2: autoDraw = False
211.5971 	EXP 	polygon_2: fillColor = '[  0. 255.   0.] (rgb255)'
211.5971 	EXP 	polygon_2: lineColor = '[  0. 255.   0.] (rgb255)'
212.5795 	EXP 	Cross: autoDraw = True
212.7789 	EXP 	Cross: autoDraw = False
213.5462 	EXP 	polygon_2: autoDraw = True
213.8811 	EXP 	New trial (rep=16, index=0): None
213.8828 	DATA 	Keypress: f
213.8965 	EXP 	Cross: autoDraw = False
213.8965 	EXP 	polygon_2: autoDraw = False
213.8965 	EXP 	polygon_2: fillColor = '[255.   0.   0.] (rgb255)'
213.8965 	EXP 	polygon_2: lineColor = '[255.   0.   0.] (rgb255)'
214.8791 	EXP 	Cross: autoDraw = True
215.0791 	EXP 	Cross: autoDraw = False
215.6625 	EXP 	polygon_2: autoDraw = True
215.9990 	EXP 	New trial (rep=17, index=0): None
216.0008 	DATA 	Keypress: f
216.0146 	EXP 	Cross: autoDraw = False
216.0146 	EXP 	polygon_2: autoDraw = False
216.0146 	EXP 	polygon_2: fillColor = '[255.   0.   0.] (rgb255)'
216.0146 	EXP 	polygon_2: lineColor = '[255.   0.   0.] (rgb255)'
216.9956 	EXP 	Cross: autoDraw = True
217.1956 	EXP 	Cross: autoDraw = False
217.6624 	EXP 	polygon_2: autoDraw = True
218.0308 	EXP 	New trial (rep=18, index=0): None
218.0324 	DATA 	Keypress: j
218.0463 	EXP 	Cross: autoDraw = False
218.0463 	EXP 	polygon_2: autoDraw = False
218.0463 	EXP 	polygon_2: fillColor = '[  0. 255.   0.] (rgb255)'
218.0463 	EXP 	polygon_2: lineColor = '[  0. 255.   0.] (rgb255)'
219.0290 	EXP 	Cross: autoDraw = True
219.2293 	EXP 	Cross: autoDraw = False
219.8957 	EXP 	polygon_2: autoDraw = True
220.2806 	EXP 	New trial (rep=19, index=0): None
220.2823 	DATA 	Keypress: f
220.2961 	EXP 	Cross: autoDraw = False
220.2961 	EXP 	polygon_2: autoDraw = False
220.2961 	EXP 	polygon_2: fillColor = '[  0. 255.   0.] (rgb255)'
220.2961 	EXP 	polygon_2: lineColor = '[  0. 255.   0.] (rgb255)'
221.2792 	EXP 	Cross: autoDraw = True
221.4793 	EXP 	Cross: autoDraw = False
222.0631 	EXP 	polygon_2: autoDraw = True
222.5308 	EXP 	New trial (rep=20, index=0): None
222.5324 	DATA 	Keypress: f
222.5461 	EXP 	Cross: autoDraw = False
222.5461 	EXP 	polygon_2: autoDraw = False
222.5461 	EXP 	polygon_2: fillColor = '[  0. 255.   0.] (rgb255)'
222.5461 	EXP 	polygon_2: lineColor = '[  0. 255.   0.] (rgb255)'
223.5287 	EXP 	Cross: autoDraw = True
223.7288 	EXP 	Cross: autoDraw = False
224.0953 	EXP 	polygon_2: autoDraw = True
224.4811 	EXP 	New trial (rep=21, index=0): None
224.4829 	DATA 	Keypress: f
224.4966 	EXP 	Cross: autoDraw = False
224.4966 	EXP 	polygon_2: autoDraw = False
224.4966 	EXP 	polygon_2: fillColor = '[  0. 255.   0.] (rgb255)'
224.4966 	EXP 	polygon_2: lineColor = '[  0. 255.   0.] (rgb255)'
225.4789 	EXP 	Cross: autoDraw = True
225.6792 	EXP 	Cross: autoDraw = False
226.0121 	EXP 	polygon_2: autoDraw = True
226.3475 	EXP 	New trial (rep=22, index=0): None
226.3493 	DATA 	Keypress: f
226.3648 	EXP 	Cross: autoDraw = False
226.3648 	EXP 	polygon_2: autoDraw = False
226.3648 	EXP 	polygon_2: fillColor = '[  0. 255.   0.] (rgb255)'
226.3648 	EXP 	polygon_2: lineColor = '[  0. 255.   0.] (rgb255)'
227.3455 	EXP 	Cross: autoDraw = True
227.5453 	EXP 	Cross: autoDraw = False
227.8956 	EXP 	polygon_2: autoDraw = True
228.2152 	EXP 	New trial (rep=23, index=0): None
228.2175 	DATA 	Keypress: f
228.2314 	EXP 	Cross: autoDraw = False
228.2314 	EXP 	polygon_2: autoDraw = False
228.2314 	EXP 	polygon_2: fillColor = '[  0. 255.   0.] (rgb255)'
228.2314 	EXP 	polygon_2: lineColor = '[  0. 255.   0.] (rgb255)'
229.2119 	EXP 	Cross: autoDraw = True
229.4119 	EXP 	Cross: autoDraw = False
229.7952 	EXP 	polygon_2: autoDraw = True
230.0971 	EXP 	New trial (rep=24, index=0): None
230.0987 	DATA 	Keypress: f
230.1123 	EXP 	Cross: autoDraw = False
230.1123 	EXP 	polygon_2: autoDraw = False
230.1123 	EXP 	polygon_2: fillColor = '[255.   0.   0.] (rgb255)'
230.1123 	EXP 	polygon_2: lineColor = '[255.   0.   0.] (rgb255)'
231.0952 	EXP 	Cross: autoDraw = True
231.2956 	EXP 	Cross: autoDraw = False
232.0124 	EXP 	polygon_2: autoDraw = True
232.4471 	EXP 	New trial (rep=25, index=0): None
232.4487 	DATA 	Keypress: j
232.4625 	EXP 	Cross: autoDraw = False
232.4625 	EXP 	polygon_2: autoDraw = False
232.4625 	EXP 	polygon_2: fillColor = '[  0. 255.   0.] (rgb255)'
232.4625 	EXP 	polygon_2: lineColor = '[  0. 255.   0.] (rgb255)'
233.4457 	EXP 	Cross: autoDraw = True
233.6450 	EXP 	Cross: autoDraw = False
234.1952 	EXP 	polygon_2: autoDraw = True
234.5141 	EXP 	New trial (rep=26, index=0): None
234.5159 	DATA 	Keypress: f
234.5298 	EXP 	Cross: autoDraw = False
234.5298 	EXP 	polygon_2: autoDraw = False
234.5298 	EXP 	polygon_2: fillColor = '[255.   0.   0.] (rgb255)'
234.5298 	EXP 	polygon_2: lineColor = '[255.   0.   0.] (rgb255)'
235.5123 	EXP 	Cross: autoDraw = True
235.7119 	EXP 	Cross: autoDraw = False
236.2619 	EXP 	polygon_2: autoDraw = True
236.6470 	EXP 	New trial (rep=27, index=0): None
236.6484 	DATA 	Keypress: j
236.6624 	EXP 	Cross: autoDraw = False
236.6624 	EXP 	polygon_2: autoDraw = False
236.6624 	EXP 	polygon_2: fillColor = '[255.   0.   0.] (rgb255)'
236.6624 	EXP 	polygon_2: lineColor = '[255.   0.   0.] (rgb255)'
237.6454 	EXP 	Cross: autoDraw = True
237.8456 	EXP 	Cross: autoDraw = False
238.4618 	EXP 	polygon_2: autoDraw = True
238.7982 	EXP 	New trial (rep=28, index=0): None
238.8003 	DATA 	Keypress: j
238.8141 	EXP 	Cross: autoDraw = False
238.8141 	EXP 	polygon_2: autoDraw = False
238.8141 	EXP 	polygon_2: fillColor = '[255.   0.   0.] (rgb255)'
238.8141 	EXP 	polygon_2: lineColor = '[255.   0.   0.] (rgb255)'
239.7950 	EXP 	Cross: autoDraw = True
239.9951 	EXP 	Cross: autoDraw = False
240.6619 	EXP 	polygon_2: autoDraw = True
240.9811 	EXP 	New trial (rep=29, index=0): None
240.9832 	DATA 	Keypress: j
240.9970 	EXP 	Cross: autoDraw = False
240.9970 	EXP 	polygon_2: autoDraw = False
240.9970 	EXP 	polygon_2: fillColor = '[255.   0.   0.] (rgb255)'
240.9970 	EXP 	polygon_2: lineColor = '[255.   0.   0.] (rgb255)'
241.9783 	EXP 	Cross: autoDraw = True
242.1786 	EXP 	Cross: autoDraw = False
242.7453 	EXP 	polygon_2: autoDraw = True
243.0805 	EXP 	New trial (rep=30, index=0): None
243.0822 	DATA 	Keypress: j
243.0960 	EXP 	Cross: autoDraw = False
243.0960 	EXP 	polygon_2: autoDraw = False
243.0960 	EXP 	polygon_2: fillColor = '[255.   0.   0.] (rgb255)'
243.0960 	EXP 	polygon_2: lineColor = '[255.   0.   0.] (rgb255)'
244.0781 	EXP 	Cross: autoDraw = True
244.2782 	EXP 	Cross: autoDraw = False
244.9952 	EXP 	polygon_2: autoDraw = True
245.3469 	EXP 	New trial (rep=31, index=0): None
245.3485 	DATA 	Keypress: j
245.3622 	EXP 	Cross: autoDraw = False
245.3622 	EXP 	polygon_2: autoDraw = False
245.3622 	EXP 	polygon_2: fillColor = '[  0. 255.   0.] (rgb255)'
245.3622 	EXP 	polygon_2: lineColor = '[  0. 255.   0.] (rgb255)'
246.3449 	EXP 	Cross: autoDraw = True
246.5450 	EXP 	Cross: autoDraw = False
247.2778 	EXP 	polygon_2: autoDraw = True
247.6946 	EXP 	New trial (rep=32, index=0): None
247.6964 	DATA 	Keypress: f
247.7087 	EXP 	Cross: autoDraw = False
247.7087 	EXP 	polygon_2: autoDraw = False
247.7087 	EXP 	polygon_2: fillColor = '[255.   0.   0.] (rgb255)'
247.7087 	EXP 	polygon_2: lineColor = '[255.   0.   0.] (rgb255)'
248.6949 	EXP 	Cross: autoDraw = True
248.8950 	EXP 	Cross: autoDraw = False
249.5286 	EXP 	polygon_2: autoDraw = True
249.9147 	EXP 	New trial (rep=33, index=0): None
249.9164 	DATA 	Keypress: j
249.9302 	EXP 	Cross: autoDraw = False
249.9302 	EXP 	polygon_2: autoDraw = False
249.9302 	EXP 	polygon_2: fillColor = '[  0. 255.   0.] (rgb255)'
249.9302 	EXP 	polygon_2: lineColor = '[  0. 255.   0.] (rgb255)'
250.9118 	EXP 	Cross: autoDraw = True
251.1115 	EXP 	Cross: autoDraw = False
251.7614 	EXP 	polygon_2: autoDraw = True
252.1467 	EXP 	New trial (rep=34, index=0): None
252.1484 	DATA 	Keypress: f
252.1622 	EXP 	Cross: autoDraw = False
252.1622 	EXP 	polygon_2: autoDraw = False
252.1622 	EXP 	polygon_2: fillColor = '[255.   0.   0.] (rgb255)'
252.1622 	EXP 	polygon_2: lineColor = '[255.   0.   0.] (rgb255)'
253.1451 	EXP 	Cross: autoDraw = True
253.3452 	EXP 	Cross: autoDraw = False
253.6785 	EXP 	polygon_2: autoDraw = True
254.1634 	EXP 	New trial (rep=35, index=0): None
254.1650 	DATA 	Keypress: j
254.1824 	EXP 	Cross: autoDraw = False
254.1824 	EXP 	polygon_2: autoDraw = False
254.1824 	EXP 	polygon_2: fillColor = '[  0. 255.   0.] (rgb255)'
254.1824 	EXP 	polygon_2: lineColor = '[  0. 255.   0.] (rgb255)'
255.1616 	EXP 	Cross: autoDraw = True
255.3618 	EXP 	Cross: autoDraw = False
256.0778 	EXP 	polygon_2: autoDraw = True
256.7146 	EXP 	New trial (rep=36, index=0): None
256.7169 	DATA 	Keypress: f
256.7306 	EXP 	Cross: autoDraw = False
256.7306 	EXP 	polygon_2: autoDraw = False
256.7306 	EXP 	polygon_2: fillColor = '[  0. 255.   0.] (rgb255)'
256.7306 	EXP 	polygon_2: lineColor = '[  0. 255.   0.] (rgb255)'
257.7111 	EXP 	Cross: autoDraw = True
257.9111 	EXP 	Cross: autoDraw = False
258.5444 	EXP 	polygon_2: autoDraw = True
258.9472 	EXP 	New trial (rep=37, index=0): None
258.9493 	DATA 	Keypress: f
258.9632 	EXP 	Cross: autoDraw = False
258.9632 	EXP 	polygon_2: autoDraw = False
258.9632 	EXP 	polygon_2: fillColor = '[  0. 255.   0.] (rgb255)'
258.9632 	EXP 	polygon_2: lineColor = '[  0. 255.   0.] (rgb255)'
259.9446 	EXP 	Cross: autoDraw = True
260.1443 	EXP 	Cross: autoDraw = False
260.5782 	EXP 	polygon_2: autoDraw = True
260.8967 	EXP 	New trial (rep=38, index=0): None
260.8984 	DATA 	Keypress: f
260.9123 	EXP 	Cross: autoDraw = False
260.9123 	EXP 	polygon_2: autoDraw = False
260.9123 	EXP 	polygon_2: fillColor = '[255.   0.   0.] (rgb255)'
260.9123 	EXP 	polygon_2: lineColor = '[255.   0.   0.] (rgb255)'
261.8943 	EXP 	Cross: autoDraw = True
262.0943 	EXP 	Cross: autoDraw = False
262.7612 	EXP 	polygon_2: autoDraw = True
263.1631 	EXP 	New trial (rep=39, index=0): None
263.1647 	DATA 	Keypress: j
263.1786 	EXP 	Cross: autoDraw = False
263.1786 	EXP 	polygon_2: autoDraw = False
263.1786 	EXP 	polygon_2: fillColor = '[255.   0.   0.] (rgb255)'
263.1786 	EXP 	polygon_2: lineColor = '[255.   0.   0.] (rgb255)'
264.1614 	EXP 	Cross: autoDraw = True
264.3611 	EXP 	Cross: autoDraw = False
264.8944 	EXP 	polygon_2: autoDraw = True
265.2308 	EXP 	New trial (rep=40, index=0): None
265.2328 	DATA 	Keypress: j
265.2466 	EXP 	Cross: autoDraw = False
265.2466 	EXP 	polygon_2: autoDraw = False
265.2466 	EXP 	polygon_2: fillColor = '[  0. 255.   0.] (rgb255)'
265.2466 	EXP 	polygon_2: lineColor = '[  0. 255.   0.] (rgb255)'
266.2281 	EXP 	Cross: autoDraw = True
266.4276 	EXP 	Cross: autoDraw = False
267.0776 	EXP 	polygon_2: autoDraw = True
267.4479 	EXP 	New trial (rep=41, index=0): None
267.4501 	DATA 	Keypress: f
267.4639 	EXP 	Cross: autoDraw = False
267.4639 	EXP 	polygon_2: autoDraw = False
267.4639 	EXP 	polygon_2: fillColor = '[255.   0.   0.] (rgb255)'
267.4639 	EXP 	polygon_2: lineColor = '[255.   0.   0.] (rgb255)'
268.4442 	EXP 	Cross: autoDraw = True
268.6444 	EXP 	Cross: autoDraw = False
269.3114 	EXP 	polygon_2: autoDraw = True
269.6804 	EXP 	New trial (rep=42, index=0): None
269.6820 	DATA 	Keypress: j
269.6958 	EXP 	Cross: autoDraw = False
269.6958 	EXP 	polygon_2: autoDraw = False
269.6958 	EXP 	polygon_2: fillColor = '[255.   0.   0.] (rgb255)'
269.6958 	EXP 	polygon_2: lineColor = '[255.   0.   0.] (rgb255)'
270.6775 	EXP 	Cross: autoDraw = True
270.8777 	EXP 	Cross: autoDraw = False
271.4775 	EXP 	polygon_2: autoDraw = True
271.8137 	EXP 	New trial (rep=43, index=0): None
271.8158 	DATA 	Keypress: j
271.8297 	EXP 	Cross: autoDraw = False
271.8297 	EXP 	polygon_2: autoDraw = False
271.8297 	EXP 	polygon_2: fillColor = '[255.   0.   0.] (rgb255)'
271.8297 	EXP 	polygon_2: lineColor = '[255.   0.   0.] (rgb255)'
272.8108 	EXP 	Cross: autoDraw = True
273.0108 	EXP 	Cross: autoDraw = False
273.5441 	EXP 	polygon_2: autoDraw = True
273.8630 	EXP 	New trial (rep=44, index=0): None
273.8648 	DATA 	Keypress: j
273.8785 	EXP 	Cross: autoDraw = False
273.8785 	EXP 	polygon_2: autoDraw = False
273.8785 	EXP 	polygon_2: fillColor = '[255.   0.   0.] (rgb255)'
273.8785 	EXP 	polygon_2: lineColor = '[255.   0.   0.] (rgb255)'
274.8612 	EXP 	Cross: autoDraw = True
275.0613 	EXP 	Cross: autoDraw = False
275.5441 	EXP 	polygon_2: autoDraw = True
275.8632 	EXP 	New trial (rep=45, index=0): None
275.8651 	DATA 	Keypress: j
275.8790 	EXP 	Cross: autoDraw = False
275.8790 	EXP 	polygon_2: autoDraw = False
275.8790 	EXP 	polygon_2: fillColor = '[255.   0.   0.] (rgb255)'
275.8790 	EXP 	polygon_2: lineColor = '[255.   0.   0.] (rgb255)'
276.8611 	EXP 	Cross: autoDraw = True
277.0612 	EXP 	Cross: autoDraw = False
277.5939 	EXP 	polygon_2: autoDraw = True
277.8796 	EXP 	New trial (rep=46, index=0): None
277.8811 	DATA 	Keypress: j
277.8949 	EXP 	Cross: autoDraw = False
277.8949 	EXP 	polygon_2: autoDraw = False
277.8949 	EXP 	polygon_2: fillColor = '[255.   0.   0.] (rgb255)'
277.8949 	EXP 	polygon_2: lineColor = '[255.   0.   0.] (rgb255)'
278.8775 	EXP 	Cross: autoDraw = True
279.0775 	EXP 	Cross: autoDraw = False
279.7441 	EXP 	polygon_2: autoDraw = True
280.0135 	EXP 	New trial (rep=47, index=0): None
280.0152 	DATA 	Keypress: j
280.0290 	EXP 	Cross: autoDraw = False
280.0290 	EXP 	polygon_2: autoDraw = False
280.0290 	EXP 	polygon_2: fillColor = '[  0. 255.   0.] (rgb255)'
280.0290 	EXP 	polygon_2: lineColor = '[  0. 255.   0.] (rgb255)'
281.0111 	EXP 	Cross: autoDraw = True
281.2108 	EXP 	Cross: autoDraw = False
281.8610 	EXP 	polygon_2: autoDraw = True
282.2126 	EXP 	New trial (rep=48, index=0): None
282.2142 	DATA 	Keypress: f
282.2281 	EXP 	Cross: autoDraw = False
282.2281 	EXP 	polygon_2: autoDraw = False
282.2281 	EXP 	polygon_2: fillColor = '[255.   0.   0.] (rgb255)'
282.2281 	EXP 	polygon_2: lineColor = '[255.   0.   0.] (rgb255)'
283.2106 	EXP 	Cross: autoDraw = True
283.4103 	EXP 	Cross: autoDraw = False
284.1109 	EXP 	polygon_2: autoDraw = True
284.4298 	EXP 	New trial (rep=49, index=0): None
284.4315 	DATA 	Keypress: j
284.4454 	EXP 	Cross: autoDraw = False
284.4454 	EXP 	polygon_2: autoDraw = False
284.4454 	EXP 	polygon_2: fillColor = '[255.   0.   0.] (rgb255)'
284.4454 	EXP 	polygon_2: lineColor = '[255.   0.   0.] (rgb255)'
285.4271 	EXP 	Cross: autoDraw = True
285.6270 	EXP 	Cross: autoDraw = False
286.3776 	EXP 	polygon_2: autoDraw = True
286.7128 	EXP 	New trial (rep=50, index=0): None
286.7143 	DATA 	Keypress: j
286.7283 	EXP 	Cross: autoDraw = False
286.7283 	EXP 	polygon_2: autoDraw = False
286.7283 	EXP 	polygon_2: fillColor = '[255.   0.   0.] (rgb255)'
286.7283 	EXP 	polygon_2: lineColor = '[255.   0.   0.] (rgb255)'
287.7105 	EXP 	Cross: autoDraw = True
287.9107 	EXP 	Cross: autoDraw = False
288.6439 	EXP 	polygon_2: autoDraw = True
289.0300 	EXP 	New trial (rep=51, index=0): None
289.0318 	DATA 	Keypress: j
289.0457 	EXP 	Cross: autoDraw = False
289.0457 	EXP 	polygon_2: autoDraw = False
289.0457 	EXP 	polygon_2: fillColor = '[255.   0.   0.] (rgb255)'
289.0457 	EXP 	polygon_2: lineColor = '[255.   0.   0.] (rgb255)'
290.0271 	EXP 	Cross: autoDraw = True
290.2271 	EXP 	Cross: autoDraw = False
290.6442 	EXP 	polygon_2: autoDraw = True
290.9958 	EXP 	New trial (rep=52, index=0): None
290.9975 	DATA 	Keypress: j
291.0113 	EXP 	Cross: autoDraw = False
291.0113 	EXP 	polygon_2: autoDraw = False
291.0113 	EXP 	polygon_2: fillColor = '[  0. 255.   0.] (rgb255)'
291.0113 	EXP 	polygon_2: lineColor = '[  0. 255.   0.] (rgb255)'
291.9942 	EXP 	Cross: autoDraw = True
292.1941 	EXP 	Cross: autoDraw = False
292.5274 	EXP 	polygon_2: autoDraw = True
292.9637 	EXP 	New trial (rep=53, index=0): None
292.9657 	DATA 	Keypress: f
292.9794 	EXP 	Cross: autoDraw = False
292.9794 	EXP 	polygon_2: autoDraw = False
292.9794 	EXP 	polygon_2: fillColor = '[  0. 255.   0.] (rgb255)'
292.9794 	EXP 	polygon_2: lineColor = '[  0. 255.   0.] (rgb255)'
293.9603 	EXP 	Cross: autoDraw = True
294.1605 	EXP 	Cross: autoDraw = False
294.7605 	EXP 	polygon_2: autoDraw = True
295.1807 	EXP 	New trial (rep=54, index=0): None
295.1829 	DATA 	Keypress: f
295.1967 	EXP 	Cross: autoDraw = False
295.1967 	EXP 	polygon_2: autoDraw = False
295.1967 	EXP 	polygon_2: fillColor = '[255.   0.   0.] (rgb255)'
295.1967 	EXP 	polygon_2: lineColor = '[255.   0.   0.] (rgb255)'
296.1769 	EXP 	Cross: autoDraw = True
296.3771 	EXP 	Cross: autoDraw = False
296.7774 	EXP 	polygon_2: autoDraw = True
297.1635 	EXP 	New trial (rep=55, index=0): None
297.1656 	DATA 	Keypress: j
297.1792 	EXP 	Cross: autoDraw = False
297.1792 	EXP 	polygon_2: autoDraw = False
297.1792 	EXP 	polygon_2: fillColor = '[  0. 255.   0.] (rgb255)'
297.1792 	EXP 	polygon_2: lineColor = '[  0. 255.   0.] (rgb255)'
298.1601 	EXP 	Cross: autoDraw = True
298.3604 	EXP 	Cross: autoDraw = False
298.7773 	EXP 	polygon_2: autoDraw = True
299.1631 	EXP 	New trial (rep=56, index=0): None
299.1651 	DATA 	Keypress: f
299.1788 	EXP 	Cross: autoDraw = False
299.1788 	EXP 	polygon_2: autoDraw = False
299.1788 	EXP 	polygon_2: fillColor = '[255.   0.   0.] (rgb255)'
299.1788 	EXP 	polygon_2: lineColor = '[255.   0.   0.] (rgb255)'
300.1605 	EXP 	Cross: autoDraw = True
300.3601 	EXP 	Cross: autoDraw = False
300.7771 	EXP 	polygon_2: autoDraw = True
301.0809 	EXP 	New trial (rep=57, index=0): None
301.0832 	DATA 	Keypress: j
301.0970 	EXP 	Cross: autoDraw = False
301.0970 	EXP 	polygon_2: autoDraw = False
301.0970 	EXP 	polygon_2: fillColor = '[  0. 255.   0.] (rgb255)'
301.0970 	EXP 	polygon_2: lineColor = '[  0. 255.   0.] (rgb255)'
302.0773 	EXP 	Cross: autoDraw = True
302.2772 	EXP 	Cross: autoDraw = False
302.8602 	EXP 	polygon_2: autoDraw = True
303.1630 	EXP 	New trial (rep=58, index=0): None
303.1650 	DATA 	Keypress: f
303.1787 	EXP 	Cross: autoDraw = False
303.1787 	EXP 	polygon_2: autoDraw = False
303.1787 	EXP 	polygon_2: fillColor = '[255.   0.   0.] (rgb255)'
303.1787 	EXP 	polygon_2: lineColor = '[255.   0.   0.] (rgb255)'
304.1599 	EXP 	Cross: autoDraw = True
304.3604 	EXP 	Cross: autoDraw = False
305.0766 	EXP 	polygon_2: autoDraw = True
305.3959 	EXP 	New trial (rep=59, index=0): None
305.3975 	DATA 	Keypress: j
305.4113 	EXP 	Cross: autoDraw = False
305.4113 	EXP 	polygon_2: autoDraw = False
305.4113 	EXP 	polygon_2: fillColor = '[255.   0.   0.] (rgb255)'
305.4113 	EXP 	polygon_2: lineColor = '[255.   0.   0.] (rgb255)'
306.3934 	EXP 	Cross: autoDraw = True
306.5934 	EXP 	Cross: autoDraw = False
307.1265 	EXP 	polygon_2: autoDraw = True
307.4962 	EXP 	New trial (rep=60, index=0): None
307.4983 	DATA 	Keypress: j
307.5120 	EXP 	Cross: autoDraw = False
307.5120 	EXP 	polygon_2: autoDraw = False
307.5120 	EXP 	polygon_2: fillColor = '[255.   0.   0.] (rgb255)'
307.5120 	EXP 	polygon_2: lineColor = '[255.   0.   0.] (rgb255)'
308.4930 	EXP 	Cross: autoDraw = True
308.6930 	EXP 	Cross: autoDraw = False
309.4436 	EXP 	polygon_2: autoDraw = True
309.8294 	EXP 	New trial (rep=61, index=0): None
309.8310 	DATA 	Keypress: j
309.8449 	EXP 	Cross: autoDraw = False
309.8449 	EXP 	polygon_2: autoDraw = False
309.8449 	EXP 	polygon_2: fillColor = '[255.   0.   0.] (rgb255)'
309.8449 	EXP 	polygon_2: lineColor = '[255.   0.   0.] (rgb255)'
310.8267 	EXP 	Cross: autoDraw = True
311.0261 	EXP 	Cross: autoDraw = False
311.3764 	EXP 	polygon_2: autoDraw = True
311.7122 	EXP 	New trial (rep=62, index=0): None
311.7138 	DATA 	Keypress: j
311.7277 	EXP 	Cross: autoDraw = False
311.7277 	EXP 	polygon_2: autoDraw = False
311.7277 	EXP 	polygon_2: fillColor = '[  0. 255.   0.] (rgb255)'
311.7277 	EXP 	polygon_2: lineColor = '[  0. 255.   0.] (rgb255)'
312.7098 	EXP 	Cross: autoDraw = True
312.9096 	EXP 	Cross: autoDraw = False
313.2264 	EXP 	polygon_2: autoDraw = True
313.6790 	EXP 	New trial (rep=63, index=0): None
313.6808 	DATA 	Keypress: f
313.6945 	EXP 	Cross: autoDraw = False
313.6945 	EXP 	polygon_2: autoDraw = False
313.6945 	EXP 	polygon_2: fillColor = '[255.   0.   0.] (rgb255)'
313.6945 	EXP 	polygon_2: lineColor = '[255.   0.   0.] (rgb255)'
314.6765 	EXP 	Cross: autoDraw = True
314.8765 	EXP 	Cross: autoDraw = False
315.6603 	EXP 	polygon_2: autoDraw = True
316.0120 	EXP 	New trial (rep=64, index=0): None
316.0138 	DATA 	Keypress: j
316.0276 	EXP 	Cross: autoDraw = False
316.0276 	EXP 	polygon_2: autoDraw = False
316.0276 	EXP 	polygon_2: fillColor = '[  0. 255.   0.] (rgb255)'
316.0276 	EXP 	polygon_2: lineColor = '[  0. 255.   0.] (rgb255)'
317.0101 	EXP 	Cross: autoDraw = True
317.2098 	EXP 	Cross: autoDraw = False
317.9597 	EXP 	polygon_2: autoDraw = True
318.2954 	EXP 	New trial (rep=65, index=0): None
318.2969 	DATA 	Keypress: f
318.3112 	EXP 	Cross: autoDraw = False
318.3112 	EXP 	polygon_2: autoDraw = False
318.3112 	EXP 	polygon_2: fillColor = '[  0. 255.   0.] (rgb255)'
318.3112 	EXP 	polygon_2: lineColor = '[  0. 255.   0.] (rgb255)'
319.2933 	EXP 	Cross: autoDraw = True
319.4929 	EXP 	Cross: autoDraw = False
320.0096 	EXP 	polygon_2: autoDraw = True
320.3950 	EXP 	New trial (rep=66, index=0): None
320.3967 	DATA 	Keypress: f
320.4104 	EXP 	Cross: autoDraw = False
320.4104 	EXP 	polygon_2: autoDraw = False
320.4104 	EXP 	polygon_2: fillColor = '[  0. 255.   0.] (rgb255)'
320.4104 	EXP 	polygon_2: lineColor = '[  0. 255.   0.] (rgb255)'
321.3932 	EXP 	Cross: autoDraw = True
321.5934 	EXP 	Cross: autoDraw = False
322.3428 	EXP 	polygon_2: autoDraw = True
322.6292 	EXP 	New trial (rep=67, index=0): None
322.6313 	DATA 	Keypress: f
322.6450 	EXP 	Cross: autoDraw = False
322.6450 	EXP 	polygon_2: autoDraw = False
322.6450 	EXP 	polygon_2: fillColor = '[  0. 255.   0.] (rgb255)'
322.6450 	EXP 	polygon_2: lineColor = '[  0. 255.   0.] (rgb255)'
323.6264 	EXP 	Cross: autoDraw = True
323.8261 	EXP 	Cross: autoDraw = False
324.3427 	EXP 	polygon_2: autoDraw = True
324.6292 	EXP 	New trial (rep=68, index=0): None
324.6312 	DATA 	Keypress: f
324.6449 	EXP 	Cross: autoDraw = False
324.6449 	EXP 	polygon_2: autoDraw = False
324.6449 	EXP 	polygon_2: fillColor = '[  0. 255.   0.] (rgb255)'
324.6449 	EXP 	polygon_2: lineColor = '[  0. 255.   0.] (rgb255)'
325.6263 	EXP 	Cross: autoDraw = True
325.8263 	EXP 	Cross: autoDraw = False
326.6093 	EXP 	polygon_2: autoDraw = True
326.8960 	EXP 	New trial (rep=69, index=0): None
326.8981 	DATA 	Keypress: f
326.9118 	EXP 	Cross: autoDraw = False
326.9118 	EXP 	polygon_2: autoDraw = False
326.9118 	EXP 	polygon_2: fillColor = '[255.   0.   0.] (rgb255)'
326.9118 	EXP 	polygon_2: lineColor = '[255.   0.   0.] (rgb255)'
327.8926 	EXP 	Cross: autoDraw = True
328.0927 	EXP 	Cross: autoDraw = False
328.4760 	EXP 	polygon_2: autoDraw = True
328.8781 	EXP 	New trial (rep=70, index=0): None
328.8799 	DATA 	Keypress: j
328.8939 	EXP 	Cross: autoDraw = False
328.8939 	EXP 	polygon_2: autoDraw = False
328.8939 	EXP 	polygon_2: fillColor = '[255.   0.   0.] (rgb255)'
328.8939 	EXP 	polygon_2: lineColor = '[255.   0.   0.] (rgb255)'
329.8761 	EXP 	Cross: autoDraw = True
330.0765 	EXP 	Cross: autoDraw = False
330.7258 	EXP 	polygon_2: autoDraw = True
331.0291 	EXP 	New trial (rep=71, index=0): None
331.0311 	DATA 	Keypress: j
331.0448 	EXP 	Cross: autoDraw = False
331.0448 	EXP 	polygon_2: autoDraw = False
331.0448 	EXP 	polygon_2: fillColor = '[255.   0.   0.] (rgb255)'
331.0448 	EXP 	polygon_2: lineColor = '[255.   0.   0.] (rgb255)'
332.0257 	EXP 	Cross: autoDraw = True
332.2259 	EXP 	Cross: autoDraw = False
332.9928 	EXP 	polygon_2: autoDraw = True
333.4779 	EXP 	New trial (rep=72, index=0): None
333.4797 	DATA 	Keypress: j
333.4936 	EXP 	Cross: autoDraw = False
333.4936 	EXP 	polygon_2: autoDraw = False
333.4936 	EXP 	polygon_2: fillColor = '[255.   0.   0.] (rgb255)'
333.4936 	EXP 	polygon_2: lineColor = '[255.   0.   0.] (rgb255)'
334.4763 	EXP 	Cross: autoDraw = True
334.6761 	EXP 	Cross: autoDraw = False
335.1763 	EXP 	polygon_2: autoDraw = True
335.4952 	EXP 	New trial (rep=73, index=0): None
335.4968 	DATA 	Keypress: j
335.5108 	EXP 	Cross: autoDraw = False
335.5108 	EXP 	polygon_2: autoDraw = False
335.5108 	EXP 	polygon_2: fillColor = '[255.   0.   0.] (rgb255)'
335.5108 	EXP 	polygon_2: lineColor = '[255.   0.   0.] (rgb255)'
336.4925 	EXP 	Cross: autoDraw = True
336.6925 	EXP 	Cross: autoDraw = False
337.1426 	EXP 	polygon_2: autoDraw = True
337.6117 	EXP 	New trial (rep=74, index=0): None
337.6138 	DATA 	Keypress: j
337.6276 	EXP 	Cross: autoDraw = False
337.6276 	EXP 	polygon_2: autoDraw = False
337.6276 	EXP 	polygon_2: fillColor = '[  0. 255.   0.] (rgb255)'
337.6276 	EXP 	polygon_2: lineColor = '[  0. 255.   0.] (rgb255)'
338.6095 	EXP 	Cross: autoDraw = True
338.8096 	EXP 	Cross: autoDraw = False
339.5096 	EXP 	polygon_2: autoDraw = True
339.8957 	EXP 	New trial (rep=75, index=0): None
339.8979 	DATA 	Keypress: f
339.9116 	EXP 	Cross: autoDraw = False
339.9116 	EXP 	polygon_2: autoDraw = False
339.9116 	EXP 	polygon_2: fillColor = '[  0. 255.   0.] (rgb255)'
339.9116 	EXP 	polygon_2: lineColor = '[  0. 255.   0.] (rgb255)'
340.8924 	EXP 	Cross: autoDraw = True
341.0924 	EXP 	Cross: autoDraw = False
341.7595 	EXP 	polygon_2: autoDraw = True
342.1624 	EXP 	New trial (rep=76, index=0): None
342.1649 	DATA 	Keypress: f
342.1786 	EXP 	Cross: autoDraw = False
342.1786 	EXP 	polygon_2: autoDraw = False
342.1786 	EXP 	polygon_2: fillColor = '[  0. 255.   0.] (rgb255)'
342.1786 	EXP 	polygon_2: lineColor = '[  0. 255.   0.] (rgb255)'
343.1590 	EXP 	Cross: autoDraw = True
343.3590 	EXP 	Cross: autoDraw = False
343.7593 	EXP 	polygon_2: autoDraw = True
344.0458 	EXP 	New trial (rep=77, index=0): None
344.0480 	DATA 	Keypress: f
344.0619 	EXP 	Cross: autoDraw = False
344.0619 	EXP 	polygon_2: autoDraw = False
344.0619 	EXP 	polygon_2: fillColor = '[255.   0.   0.] (rgb255)'
344.0619 	EXP 	polygon_2: lineColor = '[255.   0.   0.] (rgb255)'
345.0424 	EXP 	Cross: autoDraw = True
345.2425 	EXP 	Cross: autoDraw = False
345.7259 	EXP 	polygon_2: autoDraw = True
346.0955 	EXP 	New trial (rep=78, index=0): None
346.0975 	DATA 	Keypress: j
346.1112 	EXP 	Cross: autoDraw = False
346.1112 	EXP 	polygon_2: autoDraw = False
346.1112 	EXP 	polygon_2: fillColor = '[255.   0.   0.] (rgb255)'
346.1112 	EXP 	polygon_2: lineColor = '[255.   0.   0.] (rgb255)'
347.0921 	EXP 	Cross: autoDraw = True
347.2925 	EXP 	Cross: autoDraw = False
347.6422 	EXP 	polygon_2: autoDraw = True
348.0286 	EXP 	New trial (rep=79, index=0): None
348.0306 	DATA 	Keypress: j
348.0444 	EXP 	Cross: autoDraw = False
348.0444 	EXP 	polygon_2: autoDraw = False
348.0444 	EXP 	polygon_2: fillColor = '[  0. 255.   0.] (rgb255)'
348.0444 	EXP 	polygon_2: lineColor = '[  0. 255.   0.] (rgb255)'
349.0257 	EXP 	Cross: autoDraw = True
349.2254 	EXP 	Cross: autoDraw = False
349.6421 	EXP 	polygon_2: autoDraw = True
349.9622 	EXP 	New trial (rep=80, index=0): None
349.9638 	DATA 	Keypress: f
349.9774 	EXP 	Cross: autoDraw = False
349.9774 	EXP 	polygon_2: autoDraw = False
349.9774 	EXP 	polygon_2: fillColor = '[  0. 255.   0.] (rgb255)'
349.9774 	EXP 	polygon_2: lineColor = '[  0. 255.   0.] (rgb255)'
350.9594 	EXP 	Cross: autoDraw = True
351.1586 	EXP 	Cross: autoDraw = False
351.7587 	EXP 	polygon_2: autoDraw = True
352.0622 	EXP 	New trial (rep=81, index=0): None
352.0644 	DATA 	Keypress: f
352.0783 	EXP 	Cross: autoDraw = False
352.0783 	EXP 	polygon_2: autoDraw = False
352.0783 	EXP 	polygon_2: fillColor = '[  0. 255.   0.] (rgb255)'
352.0783 	EXP 	polygon_2: lineColor = '[  0. 255.   0.] (rgb255)'
353.0588 	EXP 	Cross: autoDraw = True
353.2590 	EXP 	Cross: autoDraw = False
353.6758 	EXP 	polygon_2: autoDraw = True
353.9625 	EXP 	New trial (rep=82, index=0): None
353.9648 	DATA 	Keypress: f
353.9787 	EXP 	Cross: autoDraw = False
353.9787 	EXP 	polygon_2: autoDraw = False
353.9787 	EXP 	polygon_2: fillColor = '[  0. 255.   0.] (rgb255)'
353.9787 	EXP 	polygon_2: lineColor = '[  0. 255.   0.] (rgb255)'
354.9594 	EXP 	Cross: autoDraw = True
355.1592 	EXP 	Cross: autoDraw = False
355.7586 	EXP 	polygon_2: autoDraw = True
356.0442 	EXP 	New trial (rep=83, index=0): None
356.0458 	DATA 	Keypress: f
356.0597 	EXP 	Cross: autoDraw = False
356.0597 	EXP 	polygon_2: autoDraw = False
356.0597 	EXP 	polygon_2: fillColor = '[255.   0.   0.] (rgb255)'
356.0597 	EXP 	polygon_2: lineColor = '[255.   0.   0.] (rgb255)'
357.0418 	EXP 	Cross: autoDraw = True
357.2419 	EXP 	Cross: autoDraw = False
357.7086 	EXP 	polygon_2: autoDraw = True
358.0779 	EXP 	New trial (rep=84, index=0): None
358.0797 	DATA 	Keypress: j
358.0936 	EXP 	Cross: autoDraw = False
358.0936 	EXP 	polygon_2: autoDraw = False
358.0936 	EXP 	polygon_2: fillColor = '[  0. 255.   0.] (rgb255)'
358.0936 	EXP 	polygon_2: lineColor = '[  0. 255.   0.] (rgb255)'
359.0754 	EXP 	Cross: autoDraw = True
359.2757 	EXP 	Cross: autoDraw = False
359.9086 	EXP 	polygon_2: autoDraw = True
360.2622 	EXP 	New trial (rep=85, index=0): None
360.2644 	DATA 	Keypress: f
360.2781 	EXP 	Cross: autoDraw = False
360.2781 	EXP 	polygon_2: autoDraw = False
360.2781 	EXP 	polygon_2: fillColor = '[  0. 255.   0.] (rgb255)'
360.2781 	EXP 	polygon_2: lineColor = '[  0. 255.   0.] (rgb255)'
361.2585 	EXP 	Cross: autoDraw = True
361.4585 	EXP 	Cross: autoDraw = False
362.2088 	EXP 	polygon_2: autoDraw = True
362.5784 	EXP 	New trial (rep=86, index=0): None
362.5805 	DATA 	Keypress: f
362.5942 	EXP 	Cross: autoDraw = False
362.5942 	EXP 	polygon_2: autoDraw = False
362.5942 	EXP 	polygon_2: fillColor = '[255.   0.   0.] (rgb255)'
362.5942 	EXP 	polygon_2: lineColor = '[255.   0.   0.] (rgb255)'
363.5754 	EXP 	Cross: autoDraw = True
363.7751 	EXP 	Cross: autoDraw = False
364.2083 	EXP 	polygon_2: autoDraw = True
364.5614 	EXP 	New trial (rep=87, index=0): None
364.5634 	DATA 	Keypress: j
364.5771 	EXP 	Cross: autoDraw = False
364.5771 	EXP 	polygon_2: autoDraw = False
364.5771 	EXP 	polygon_2: fillColor = '[  0. 255.   0.] (rgb255)'
364.5771 	EXP 	polygon_2: lineColor = '[  0. 255.   0.] (rgb255)'
365.5589 	EXP 	Cross: autoDraw = True
365.7589 	EXP 	Cross: autoDraw = False
366.3752 	EXP 	polygon_2: autoDraw = True
366.7288 	EXP 	New trial (rep=88, index=0): None
366.7309 	DATA 	Keypress: f
366.7447 	EXP 	Cross: autoDraw = False
366.7447 	EXP 	polygon_2: autoDraw = False
366.7447 	EXP 	polygon_2: fillColor = '[255.   0.   0.] (rgb255)'
366.7447 	EXP 	polygon_2: lineColor = '[255.   0.   0.] (rgb255)'
367.7250 	EXP 	Cross: autoDraw = True
367.9251 	EXP 	Cross: autoDraw = False
368.6917 	EXP 	polygon_2: autoDraw = True
369.0449 	EXP 	New trial (rep=89, index=0): None
369.0470 	DATA 	Keypress: j
369.0608 	EXP 	Cross: autoDraw = False
369.0608 	EXP 	polygon_2: autoDraw = False
369.0608 	EXP 	polygon_2: fillColor = '[  0. 255.   0.] (rgb255)'
369.0608 	EXP 	polygon_2: lineColor = '[  0. 255.   0.] (rgb255)'
370.0418 	EXP 	Cross: autoDraw = True
370.2417 	EXP 	Cross: autoDraw = False
371.0247 	EXP 	polygon_2: autoDraw = True
371.3443 	EXP 	New trial (rep=90, index=0): None
371.3461 	DATA 	Keypress: f
371.3598 	EXP 	Cross: autoDraw = False
371.3598 	EXP 	polygon_2: autoDraw = False
371.3598 	EXP 	polygon_2: fillColor = '[255.   0.   0.] (rgb255)'
371.3598 	EXP 	polygon_2: lineColor = '[255.   0.   0.] (rgb255)'
372.3416 	EXP 	Cross: autoDraw = True
372.5413 	EXP 	Cross: autoDraw = False
373.1752 	EXP 	polygon_2: autoDraw = True
373.5612 	EXP 	New trial (rep=91, index=0): None
373.5633 	DATA 	Keypress: j
373.5770 	EXP 	Cross: autoDraw = False
373.5770 	EXP 	polygon_2: autoDraw = False
373.5770 	EXP 	polygon_2: fillColor = '[  0. 255.   0.] (rgb255)'
373.5770 	EXP 	polygon_2: lineColor = '[  0. 255.   0.] (rgb255)'
374.5580 	EXP 	Cross: autoDraw = True
374.7580 	EXP 	Cross: autoDraw = False
375.5250 	EXP 	polygon_2: autoDraw = True
375.9273 	EXP 	New trial (rep=92, index=0): None
375.9291 	DATA 	Keypress: f
375.9428 	EXP 	Cross: autoDraw = False
375.9428 	EXP 	polygon_2: autoDraw = False
375.9428 	EXP 	polygon_2: fillColor = '[255.   0.   0.] (rgb255)'
375.9428 	EXP 	polygon_2: lineColor = '[255.   0.   0.] (rgb255)'
376.9252 	EXP 	Cross: autoDraw = True
377.1252 	EXP 	Cross: autoDraw = False
377.8919 	EXP 	polygon_2: autoDraw = True
378.3768 	EXP 	New trial (rep=93, index=0): None
378.3784 	DATA 	Keypress: j
378.3921 	EXP 	Cross: autoDraw = False
378.3921 	EXP 	polygon_2: autoDraw = False
378.3921 	EXP 	polygon_2: fillColor = '[255.   0.   0.] (rgb255)'
378.3921 	EXP 	polygon_2: lineColor = '[255.   0.   0.] (rgb255)'
379.3751 	EXP 	Cross: autoDraw = True
379.5752 	EXP 	Cross: autoDraw = False
380.2251 	EXP 	polygon_2: autoDraw = True
380.6438 	EXP 	New trial (rep=94, index=0): None
380.6457 	DATA 	Keypress: j
380.6594 	EXP 	Cross: autoDraw = False
380.6594 	EXP 	polygon_2: autoDraw = False
380.6594 	EXP 	polygon_2: fillColor = '[  0. 255.   0.] (rgb255)'
380.6594 	EXP 	polygon_2: lineColor = '[  0. 255.   0.] (rgb255)'
381.6418 	EXP 	Cross: autoDraw = True
381.8418 	EXP 	Cross: autoDraw = False
382.4917 	EXP 	polygon_2: autoDraw = True
382.8438 	EXP 	New trial (rep=95, index=0): None
382.8456 	DATA 	Keypress: f
382.8593 	EXP 	Cross: autoDraw = False
382.8593 	EXP 	polygon_2: autoDraw = False
382.8593 	EXP 	polygon_2: fillColor = '[  0. 255.   0.] (rgb255)'
382.8593 	EXP 	polygon_2: lineColor = '[  0. 255.   0.] (rgb255)'
383.8417 	EXP 	Cross: autoDraw = True
384.0417 	EXP 	Cross: autoDraw = False
384.7082 	EXP 	polygon_2: autoDraw = True
385.0610 	EXP 	New trial (rep=96, index=0): None
385.0630 	DATA 	Keypress: f
385.0767 	EXP 	Cross: autoDraw = False
385.0767 	EXP 	polygon_2: autoDraw = False
385.0767 	EXP 	polygon_2: fillColor = '[  0. 255.   0.] (rgb255)'
385.0767 	EXP 	polygon_2: lineColor = '[  0. 255.   0.] (rgb255)'
386.0583 	EXP 	Cross: autoDraw = True
386.2577 	EXP 	Cross: autoDraw = False
386.7245 	EXP 	polygon_2: autoDraw = True
387.0608 	EXP 	New trial (rep=97, index=0): None
387.0628 	DATA 	Keypress: f
387.0764 	EXP 	Cross: autoDraw = False
387.0764 	EXP 	polygon_2: autoDraw = False
387.0764 	EXP 	polygon_2: fillColor = '[  0. 255.   0.] (rgb255)'
387.0764 	EXP 	polygon_2: lineColor = '[  0. 255.   0.] (rgb255)'
388.0583 	EXP 	Cross: autoDraw = True
388.2582 	EXP 	Cross: autoDraw = False
388.6745 	EXP 	polygon_2: autoDraw = True
388.9440 	EXP 	New trial (rep=98, index=0): None
388.9456 	DATA 	Keypress: f
388.9594 	EXP 	Cross: autoDraw = False
388.9594 	EXP 	polygon_2: autoDraw = False
388.9594 	EXP 	polygon_2: fillColor = '[255.   0.   0.] (rgb255)'
388.9594 	EXP 	polygon_2: lineColor = '[255.   0.   0.] (rgb255)'
389.9414 	EXP 	Cross: autoDraw = True
390.1412 	EXP 	Cross: autoDraw = False
390.8249 	EXP 	polygon_2: autoDraw = True
391.2776 	EXP 	New trial (rep=99, index=0): None
391.2797 	DATA 	Keypress: j
391.2935 	EXP 	Cross: autoDraw = False
391.2935 	EXP 	polygon_2: autoDraw = False
391.2935 	EXP 	polygon_2: fillColor = '[255.   0.   0.] (rgb255)'
391.2935 	EXP 	polygon_2: lineColor = '[255.   0.   0.] (rgb255)'
392.2742 	EXP 	Cross: autoDraw = True
392.4743 	EXP 	Cross: autoDraw = False
393.1746 	EXP 	polygon_2: autoDraw = True
393.5707 	DATA 	Keypress: j
393.5908 	EXP 	Cross: autoDraw = False
393.5908 	EXP 	polygon_2: autoDraw = False
393.5908 	EXP 	thanksText: autoDraw = True
395.5744 	EXP 	thanksText: autoDraw = False
395.8577 	EXP 	window1: mouseVisible = True
