0.6675 	WARNING 	We strongly recommend you activate the PTB sound engine in PsychoPy prefs as the preferred audio engine. Its timing is vastly superior. Your prefs are currently set to use ['sounddevice', 'PTB', 'pyo', 'pygame'] (in that order).
6.9585 	WARNING 	User requested fullscreen with size [1920 1080], but screen is actually [1680, 1050]. Using actual size
7.6971 	EXP 	Created window1 = Window(allowGUI=True, allowStencil=False, args=UNKNOWN, autoLog=True, bitsMode=UNKNOWN, blendMode='avg', bpc=(8, 8, 8), color=array([0., 0., 0.]), colorSpace='rgb', depthBits=8, fullscr=<method-wrapper '__getattribute__' of attributeSetter object at 0x147b6b710>, gamma=None, gammaErrorPolicy='raise', kwargs=UNKNOWN, lms=UNKNOWN, monitor=<psychopy.monitors.calibTools.Monitor object at 0x14ef3f400>, multiSample=False, name='window1', numSamples=2, pos=[420.0, 262.5], screen=0, size=array([3360, 2100]), stencilBits=0, stereo=False, units='norm', useFBO=True, useRetina=True, viewOri=0.0, viewPos=None, viewScale=None, waitBlanking=True, winType='pyglet')
7.6971 	EXP 	window1: recordFrameIntervals = False
7.8627 	EXP 	window1: recordFrameIntervals = True
8.0463 	EXP 	window1: recordFrameIntervals = False
8.5547 	EXP 	Created ExperimentInstructions = TextStim(__class__=<class 'psychopy.visual.text.TextStim'>, alignHoriz=method-wrapper(...), alignText='center', alignVert=method-wrapper(...), anchorHoriz='center', anchorVert='center', antialias=True, autoLog=True, bold=False, color='white', colorSpace='named', contrast=1.0, depth=0.0, flipHoriz=False, flipVert=False, font='Arial', fontFiles=[], height=0.1, italic=False, languageStyle='LTR', name='ExperimentInstructions', opacity=1.0, ori=0, pos=array([0., 0.]), rgb=array([255., 255., 255.]), text=str(...), units='norm', win=Window(...), wrapWidth=1)
8.9408 	EXP 	Created Cross = ShapeStim(__class__=<class 'psychopy.visual.shape.ShapeStim'>, autoDraw=False, autoLog=True, closeShape=True, contrast=1.0, depth=-1.0, fillColor=array([1., 1., 1.]), fillColorSpace='rgb', interpolate=True, lineColor=array([1., 1., 1.]), lineColorSpace='rgb', lineWidth=1, name='Cross', opacity=1.0, ori=array(0.), pos=array([0., 0.]), size=array([1., 1.]), units='deg', vertices=ndarray(...), win=Window(...), windingRule=None)
8.9528 	EXP 	Created polygon_2 = Polygon(__class__=<class 'psychopy.visual.polygon.Polygon'>, autoDraw=False, autoLog=True, closeShape=True, color=method-wrapper(...), colorSpace=None, contrast=1.0, depth=-2.0, fillColor=array([1., 1., 1.]), fillColorSpace='rgb255', fillRGB=array([1., 1., 1.]), interpolate=True, lineColor=array([1., 1., 1.]), lineColorSpace='rgb255', lineRGB=array([1., 1., 1.]), lineWidth=1, name='polygon_2', opacity=1.0, ori=array(0.), pos=array([0., 0.]), size=array([2.74, 2.74]), units='deg', vertices=ndarray(...), win=Window(...))
9.3492 	EXP 	Created thanksText = TextStim(__class__=<class 'psychopy.visual.text.TextStim'>, alignHoriz=method-wrapper(...), alignText='center', alignVert=method-wrapper(...), anchorHoriz='center', anchorVert='center', antialias=True, autoLog=True, bold=False, color=array([1., 1., 1.]), colorSpace='rgb', contrast=1.0, depth=0.0, flipHoriz=False, flipVert=False, font='arial', fontFiles=[], height=0.3, italic=False, languageStyle='LTR', name='thanksText', opacity=1.0, ori=0, pos=array([0., 0.]), rgb=array([1., 1., 1.]), text=str(...), units='norm', win=Window(...), wrapWidth=1)
9.3728 	EXP 	ExperimentInstructions: autoDraw = True
14.8186 	EXP 	Created sequence: random, trialTypes=1, nReps=90, seed=None
14.8194 	EXP 	New trial (rep=0, index=0): None
14.8234 	DATA 	Keypress: space
14.8375 	EXP 	ExperimentInstructions: autoDraw = False
14.8375 	EXP 	polygon_2: fillColor = '[  0.   0. 255.] (rgb255)'
14.8375 	EXP 	polygon_2: lineColor = '[  0.   0. 255.] (rgb255)'
15.8340 	EXP 	Cross: autoDraw = True
16.0345 	EXP 	Cross: autoDraw = False
16.3176 	EXP 	polygon_2: autoDraw = True
16.9201 	EXP 	New trial (rep=1, index=0): None
16.9221 	DATA 	Keypress: v
16.9360 	EXP 	Cross: autoDraw = False
16.9360 	EXP 	polygon_2: autoDraw = False
16.9360 	EXP 	polygon_2: fillColor = '[  0.   0. 255.] (rgb255)'
16.9360 	EXP 	polygon_2: lineColor = '[  0.   0. 255.] (rgb255)'
17.9172 	EXP 	Cross: autoDraw = True
18.1171 	EXP 	Cross: autoDraw = False
18.7841 	EXP 	polygon_2: autoDraw = True
19.4032 	EXP 	New trial (rep=2, index=0): None
19.4074 	DATA 	Keypress: v
19.4213 	EXP 	Cross: autoDraw = False
19.4213 	EXP 	polygon_2: autoDraw = False
19.4213 	EXP 	polygon_2: fillColor = '[  0. 255.   0.] (rgb255)'
19.4213 	EXP 	polygon_2: lineColor = '[  0. 255.   0.] (rgb255)'
20.4005 	EXP 	Cross: autoDraw = True
20.6004 	EXP 	Cross: autoDraw = False
21.2176 	EXP 	polygon_2: autoDraw = True
21.6532 	EXP 	New trial (rep=3, index=0): None
21.6550 	DATA 	Keypress: b
21.6689 	EXP 	Cross: autoDraw = False
21.6689 	EXP 	polygon_2: autoDraw = False
21.6689 	EXP 	polygon_2: fillColor = '[  0. 255.   0.] (rgb255)'
21.6689 	EXP 	polygon_2: lineColor = '[  0. 255.   0.] (rgb255)'
22.6510 	EXP 	Cross: autoDraw = True
22.8504 	EXP 	Cross: autoDraw = False
23.5173 	EXP 	polygon_2: autoDraw = True
23.8867 	EXP 	New trial (rep=4, index=0): None
23.8888 	DATA 	Keypress: b
23.9029 	EXP 	Cross: autoDraw = False
23.9029 	EXP 	polygon_2: autoDraw = False
23.9029 	EXP 	polygon_2: fillColor = '[  0.   0. 255.] (rgb255)'
23.9029 	EXP 	polygon_2: lineColor = '[  0.   0. 255.] (rgb255)'
24.8842 	EXP 	Cross: autoDraw = True
25.0842 	EXP 	Cross: autoDraw = False
25.4504 	EXP 	polygon_2: autoDraw = True
25.8868 	EXP 	New trial (rep=5, index=0): None
25.8888 	DATA 	Keypress: v
25.9028 	EXP 	Cross: autoDraw = False
25.9028 	EXP 	polygon_2: autoDraw = False
25.9028 	EXP 	polygon_2: fillColor = '[  0. 255.   0.] (rgb255)'
25.9028 	EXP 	polygon_2: lineColor = '[  0. 255.   0.] (rgb255)'
26.8838 	EXP 	Cross: autoDraw = True
27.0837 	EXP 	Cross: autoDraw = False
27.4004 	EXP 	polygon_2: autoDraw = True
27.9531 	EXP 	New trial (rep=6, index=0): None
27.9552 	DATA 	Keypress: b
27.9691 	EXP 	Cross: autoDraw = False
27.9691 	EXP 	polygon_2: autoDraw = False
27.9691 	EXP 	polygon_2: fillColor = '[  0.   0. 255.] (rgb255)'
27.9691 	EXP 	polygon_2: lineColor = '[  0.   0. 255.] (rgb255)'
28.9506 	EXP 	Cross: autoDraw = True
29.1505 	EXP 	Cross: autoDraw = False
29.8337 	EXP 	polygon_2: autoDraw = True
30.3202 	EXP 	New trial (rep=7, index=0): None
30.3222 	DATA 	Keypress: v
30.3360 	EXP 	Cross: autoDraw = False
30.3360 	EXP 	polygon_2: autoDraw = False
30.3360 	EXP 	polygon_2: fillColor = '[  0.   0. 255.] (rgb255)'
30.3360 	EXP 	polygon_2: lineColor = '[  0.   0. 255.] (rgb255)'
31.3169 	EXP 	Cross: autoDraw = True
31.5170 	EXP 	Cross: autoDraw = False
32.2167 	EXP 	polygon_2: autoDraw = True
32.8028 	EXP 	New trial (rep=8, index=0): None
32.8049 	DATA 	Keypress: v
32.8188 	EXP 	Cross: autoDraw = False
32.8188 	EXP 	polygon_2: autoDraw = False
32.8188 	EXP 	polygon_2: fillColor = '[  0.   0. 255.] (rgb255)'
32.8188 	EXP 	polygon_2: lineColor = '[  0.   0. 255.] (rgb255)'
33.8003 	EXP 	Cross: autoDraw = True
34.0006 	EXP 	Cross: autoDraw = False
34.4836 	EXP 	polygon_2: autoDraw = True
34.8197 	EXP 	New trial (rep=9, index=0): None
34.8214 	DATA 	Keypress: v
34.8352 	EXP 	Cross: autoDraw = False
34.8352 	EXP 	polygon_2: autoDraw = False
34.8352 	EXP 	polygon_2: fillColor = '[  0.   0. 255.] (rgb255)'
34.8352 	EXP 	polygon_2: lineColor = '[  0.   0. 255.] (rgb255)'
35.8169 	EXP 	Cross: autoDraw = True
36.0171 	EXP 	Cross: autoDraw = False
36.7169 	EXP 	polygon_2: autoDraw = True
37.1195 	EXP 	New trial (rep=10, index=0): None
37.1215 	DATA 	Keypress: v
37.1357 	EXP 	Cross: autoDraw = False
37.1357 	EXP 	polygon_2: autoDraw = False
37.1357 	EXP 	polygon_2: fillColor = '[255.   0.   0.] (rgb255)'
37.1357 	EXP 	polygon_2: lineColor = '[255.   0.   0.] (rgb255)'
38.1166 	EXP 	Cross: autoDraw = True
38.3168 	EXP 	Cross: autoDraw = False
38.9669 	EXP 	polygon_2: autoDraw = True
39.5529 	EXP 	New trial (rep=11, index=0): None
39.5549 	DATA 	Keypress: n
39.5686 	EXP 	Cross: autoDraw = False
39.5686 	EXP 	polygon_2: autoDraw = False
39.5686 	EXP 	polygon_2: fillColor = '[255.   0.   0.] (rgb255)'
39.5686 	EXP 	polygon_2: lineColor = '[255.   0.   0.] (rgb255)'
40.5500 	EXP 	Cross: autoDraw = True
40.7504 	EXP 	Cross: autoDraw = False
41.1998 	EXP 	polygon_2: autoDraw = True
41.5867 	EXP 	New trial (rep=12, index=0): None
41.5891 	DATA 	Keypress: n
41.6030 	EXP 	Cross: autoDraw = False
41.6030 	EXP 	polygon_2: autoDraw = False
41.6030 	EXP 	polygon_2: fillColor = '[  0. 255.   0.] (rgb255)'
41.6030 	EXP 	polygon_2: lineColor = '[  0. 255.   0.] (rgb255)'
42.5832 	EXP 	Cross: autoDraw = True
42.7835 	EXP 	Cross: autoDraw = False
43.2335 	EXP 	polygon_2: autoDraw = True
43.8367 	EXP 	New trial (rep=13, index=0): None
43.8388 	DATA 	Keypress: b
43.8525 	EXP 	Cross: autoDraw = False
43.8525 	EXP 	polygon_2: autoDraw = False
43.8525 	EXP 	polygon_2: fillColor = '[  0. 255.   0.] (rgb255)'
43.8525 	EXP 	polygon_2: lineColor = '[  0. 255.   0.] (rgb255)'
44.8329 	EXP 	Cross: autoDraw = True
45.0331 	EXP 	Cross: autoDraw = False
45.7670 	EXP 	polygon_2: autoDraw = True
46.2191 	EXP 	New trial (rep=14, index=0): None
46.2211 	DATA 	Keypress: b
46.2350 	EXP 	Cross: autoDraw = False
46.2350 	EXP 	polygon_2: autoDraw = False
46.2350 	EXP 	polygon_2: fillColor = '[255.   0.   0.] (rgb255)'
46.2350 	EXP 	polygon_2: lineColor = '[255.   0.   0.] (rgb255)'
47.2164 	EXP 	Cross: autoDraw = True
47.4168 	EXP 	Cross: autoDraw = False
47.9836 	EXP 	polygon_2: autoDraw = True
48.4367 	EXP 	New trial (rep=15, index=0): None
48.4391 	DATA 	Keypress: n
48.4529 	EXP 	Cross: autoDraw = False
48.4529 	EXP 	polygon_2: autoDraw = False
48.4529 	EXP 	polygon_2: fillColor = '[  0. 255.   0.] (rgb255)'
48.4529 	EXP 	polygon_2: lineColor = '[  0. 255.   0.] (rgb255)'
49.4332 	EXP 	Cross: autoDraw = True
49.6333 	EXP 	Cross: autoDraw = False
50.3499 	EXP 	polygon_2: autoDraw = True
50.7696 	EXP 	New trial (rep=16, index=0): None
50.7715 	DATA 	Keypress: v
50.7855 	EXP 	Cross: autoDraw = False
50.7855 	EXP 	polygon_2: autoDraw = False
50.7855 	EXP 	polygon_2: fillColor = '[  0.   0. 255.] (rgb255)'
50.7855 	EXP 	polygon_2: lineColor = '[  0.   0. 255.] (rgb255)'
51.7667 	EXP 	Cross: autoDraw = True
51.9666 	EXP 	Cross: autoDraw = False
52.4166 	EXP 	polygon_2: autoDraw = True
52.8862 	EXP 	New trial (rep=17, index=0): None
52.8884 	DATA 	Keypress: v
52.9023 	EXP 	Cross: autoDraw = False
52.9023 	EXP 	polygon_2: autoDraw = False
52.9023 	EXP 	polygon_2: fillColor = '[  0.   0. 255.] (rgb255)'
52.9023 	EXP 	polygon_2: lineColor = '[  0.   0. 255.] (rgb255)'
53.8830 	EXP 	Cross: autoDraw = True
54.0830 	EXP 	Cross: autoDraw = False
54.8331 	EXP 	polygon_2: autoDraw = True
55.2694 	EXP 	New trial (rep=18, index=0): None
55.2715 	DATA 	Keypress: v
55.2854 	EXP 	Cross: autoDraw = False
55.2854 	EXP 	polygon_2: autoDraw = False
55.2854 	EXP 	polygon_2: fillColor = '[  0.   0. 255.] (rgb255)'
55.2854 	EXP 	polygon_2: lineColor = '[  0.   0. 255.] (rgb255)'
56.2662 	EXP 	Cross: autoDraw = True
56.4666 	EXP 	Cross: autoDraw = False
56.9668 	EXP 	polygon_2: autoDraw = True
57.3854 	EXP 	New trial (rep=19, index=0): None
57.3876 	DATA 	Keypress: v
57.4013 	EXP 	Cross: autoDraw = False
57.4013 	EXP 	polygon_2: autoDraw = False
57.4013 	EXP 	polygon_2: fillColor = '[  0.   0. 255.] (rgb255)'
57.4013 	EXP 	polygon_2: lineColor = '[  0.   0. 255.] (rgb255)'
58.3829 	EXP 	Cross: autoDraw = True
58.5829 	EXP 	Cross: autoDraw = False
59.0662 	EXP 	polygon_2: autoDraw = True
59.5023 	EXP 	New trial (rep=20, index=0): None
59.5044 	DATA 	Keypress: v
59.5184 	EXP 	Cross: autoDraw = False
59.5184 	EXP 	polygon_2: autoDraw = False
59.5184 	EXP 	polygon_2: fillColor = '[255.   0.   0.] (rgb255)'
59.5184 	EXP 	polygon_2: lineColor = '[255.   0.   0.] (rgb255)'
60.4997 	EXP 	Cross: autoDraw = True
60.6996 	EXP 	Cross: autoDraw = False
61.0165 	EXP 	polygon_2: autoDraw = True
61.6519 	EXP 	New trial (rep=21, index=0): None
61.6539 	DATA 	Keypress: n
61.6677 	EXP 	Cross: autoDraw = False
61.6677 	EXP 	polygon_2: autoDraw = False
61.6677 	EXP 	polygon_2: fillColor = '[  0.   0. 255.] (rgb255)'
61.6677 	EXP 	polygon_2: lineColor = '[  0.   0. 255.] (rgb255)'
62.6498 	EXP 	Cross: autoDraw = True
62.8492 	EXP 	Cross: autoDraw = False
63.3995 	EXP 	polygon_2: autoDraw = True
64.0023 	EXP 	New trial (rep=22, index=0): None
64.0042 	DATA 	Keypress: b
64.0182 	EXP 	Cross: autoDraw = False
64.0182 	EXP 	polygon_2: autoDraw = False
64.0182 	EXP 	polygon_2: fillColor = '[  0.   0. 255.] (rgb255)'
64.0182 	EXP 	polygon_2: lineColor = '[  0.   0. 255.] (rgb255)'
64.9996 	EXP 	Cross: autoDraw = True
65.1993 	EXP 	Cross: autoDraw = False
65.6992 	EXP 	polygon_2: autoDraw = True
66.1528 	EXP 	New trial (rep=23, index=0): None
66.1551 	DATA 	Keypress: v
66.1691 	EXP 	Cross: autoDraw = False
66.1691 	EXP 	polygon_2: autoDraw = False
66.1691 	EXP 	polygon_2: fillColor = '[  0. 255.   0.] (rgb255)'
66.1691 	EXP 	polygon_2: lineColor = '[  0. 255.   0.] (rgb255)'
67.1494 	EXP 	Cross: autoDraw = True
67.3497 	EXP 	Cross: autoDraw = False
67.8492 	EXP 	polygon_2: autoDraw = True
68.5014 	EXP 	New trial (rep=24, index=0): None
68.5034 	DATA 	Keypress: b
68.5174 	EXP 	Cross: autoDraw = False
68.5174 	EXP 	polygon_2: autoDraw = False
68.5174 	EXP 	polygon_2: fillColor = '[255.   0.   0.] (rgb255)'
68.5174 	EXP 	polygon_2: lineColor = '[255.   0.   0.] (rgb255)'
69.4993 	EXP 	Cross: autoDraw = True
69.6993 	EXP 	Cross: autoDraw = False
70.4992 	EXP 	polygon_2: autoDraw = True
70.9853 	EXP 	New trial (rep=25, index=0): None
70.9873 	DATA 	Keypress: n
71.0013 	EXP 	Cross: autoDraw = False
71.0013 	EXP 	polygon_2: autoDraw = False
71.0013 	EXP 	polygon_2: fillColor = '[  0.   0. 255.] (rgb255)'
71.0013 	EXP 	polygon_2: lineColor = '[  0.   0. 255.] (rgb255)'
71.9826 	EXP 	Cross: autoDraw = True
72.1824 	EXP 	Cross: autoDraw = False
72.6992 	EXP 	polygon_2: autoDraw = True
73.1686 	EXP 	New trial (rep=26, index=0): None
73.1706 	DATA 	Keypress: v
73.1846 	EXP 	Cross: autoDraw = False
73.1846 	EXP 	polygon_2: autoDraw = False
73.1846 	EXP 	polygon_2: fillColor = '[  0. 255.   0.] (rgb255)'
73.1846 	EXP 	polygon_2: lineColor = '[  0. 255.   0.] (rgb255)'
74.1657 	EXP 	Cross: autoDraw = True
74.3658 	EXP 	Cross: autoDraw = False
75.1495 	EXP 	polygon_2: autoDraw = True
75.6015 	EXP 	New trial (rep=27, index=0): None
75.6035 	DATA 	Keypress: b
75.6172 	EXP 	Cross: autoDraw = False
75.6172 	EXP 	polygon_2: autoDraw = False
75.6172 	EXP 	polygon_2: fillColor = '[255.   0.   0.] (rgb255)'
75.6172 	EXP 	polygon_2: lineColor = '[255.   0.   0.] (rgb255)'
76.5991 	EXP 	Cross: autoDraw = True
76.7996 	EXP 	Cross: autoDraw = False
77.1829 	EXP 	polygon_2: autoDraw = True
77.7348 	EXP 	New trial (rep=28, index=0): None
77.7367 	DATA 	Keypress: n
77.7507 	EXP 	Cross: autoDraw = False
77.7507 	EXP 	polygon_2: autoDraw = False
77.7507 	EXP 	polygon_2: fillColor = '[  0. 255.   0.] (rgb255)'
77.7507 	EXP 	polygon_2: lineColor = '[  0. 255.   0.] (rgb255)'
78.7328 	EXP 	Cross: autoDraw = True
78.9325 	EXP 	Cross: autoDraw = False
79.5160 	EXP 	polygon_2: autoDraw = True
80.1023 	EXP 	New trial (rep=29, index=0): None
80.1046 	DATA 	Keypress: b
80.1185 	EXP 	Cross: autoDraw = False
80.1185 	EXP 	polygon_2: autoDraw = False
80.1185 	EXP 	polygon_2: fillColor = '[255.   0.   0.] (rgb255)'
80.1185 	EXP 	polygon_2: lineColor = '[255.   0.   0.] (rgb255)'
81.0990 	EXP 	Cross: autoDraw = True
81.2991 	EXP 	Cross: autoDraw = False
81.6324 	EXP 	polygon_2: autoDraw = True
82.4185 	EXP 	New trial (rep=30, index=0): None
82.4208 	DATA 	Keypress: n
82.4346 	EXP 	Cross: autoDraw = False
82.4346 	EXP 	polygon_2: autoDraw = False
82.4346 	EXP 	polygon_2: fillColor = '[  0. 255.   0.] (rgb255)'
82.4346 	EXP 	polygon_2: lineColor = '[  0. 255.   0.] (rgb255)'
83.4155 	EXP 	Cross: autoDraw = True
83.6154 	EXP 	Cross: autoDraw = False
84.3492 	EXP 	polygon_2: autoDraw = True
84.8180 	EXP 	New trial (rep=31, index=0): None
84.8200 	DATA 	Keypress: b
84.8340 	EXP 	Cross: autoDraw = False
84.8340 	EXP 	polygon_2: autoDraw = False
84.8340 	EXP 	polygon_2: fillColor = '[  0. 255.   0.] (rgb255)'
84.8340 	EXP 	polygon_2: lineColor = '[  0. 255.   0.] (rgb255)'
85.8154 	EXP 	Cross: autoDraw = True
86.0155 	EXP 	Cross: autoDraw = False
86.7652 	EXP 	polygon_2: autoDraw = True
87.2685 	EXP 	New trial (rep=32, index=0): None
87.2706 	DATA 	Keypress: b
87.2846 	EXP 	Cross: autoDraw = False
87.2846 	EXP 	polygon_2: autoDraw = False
87.2846 	EXP 	polygon_2: fillColor = '[255.   0.   0.] (rgb255)'
87.2846 	EXP 	polygon_2: lineColor = '[255.   0.   0.] (rgb255)'
88.2657 	EXP 	Cross: autoDraw = True
88.4653 	EXP 	Cross: autoDraw = False
89.2155 	EXP 	polygon_2: autoDraw = True
89.8518 	EXP 	New trial (rep=33, index=0): None
89.8540 	DATA 	Keypress: n
89.8678 	EXP 	Cross: autoDraw = False
89.8678 	EXP 	polygon_2: autoDraw = False
89.8678 	EXP 	polygon_2: fillColor = '[  0.   0. 255.] (rgb255)'
89.8678 	EXP 	polygon_2: lineColor = '[  0.   0. 255.] (rgb255)'
90.8488 	EXP 	Cross: autoDraw = True
91.0489 	EXP 	Cross: autoDraw = False
91.8153 	EXP 	polygon_2: autoDraw = True
92.3683 	EXP 	New trial (rep=34, index=0): None
92.3705 	DATA 	Keypress: v
92.3842 	EXP 	Cross: autoDraw = False
92.3842 	EXP 	polygon_2: autoDraw = False
92.3842 	EXP 	polygon_2: fillColor = '[  0. 255.   0.] (rgb255)'
92.3842 	EXP 	polygon_2: lineColor = '[  0. 255.   0.] (rgb255)'
93.3652 	EXP 	Cross: autoDraw = True
93.5654 	EXP 	Cross: autoDraw = False
94.0652 	EXP 	polygon_2: autoDraw = True
94.6521 	EXP 	New trial (rep=35, index=0): None
94.6545 	DATA 	Keypress: b
94.6683 	EXP 	Cross: autoDraw = False
94.6683 	EXP 	polygon_2: autoDraw = False
94.6683 	EXP 	polygon_2: fillColor = '[  0.   0. 255.] (rgb255)'
94.6683 	EXP 	polygon_2: lineColor = '[  0.   0. 255.] (rgb255)'
95.6488 	EXP 	Cross: autoDraw = True
95.8489 	EXP 	Cross: autoDraw = False
96.2154 	EXP 	polygon_2: autoDraw = True
96.7172 	EXP 	New trial (rep=36, index=0): None
96.7189 	DATA 	Keypress: v
96.7328 	EXP 	Cross: autoDraw = False
96.7328 	EXP 	polygon_2: autoDraw = False
96.7328 	EXP 	polygon_2: fillColor = '[255.   0.   0.] (rgb255)'
96.7328 	EXP 	polygon_2: lineColor = '[255.   0.   0.] (rgb255)'
97.7153 	EXP 	Cross: autoDraw = True
97.9155 	EXP 	Cross: autoDraw = False
98.4988 	EXP 	polygon_2: autoDraw = True
98.9685 	EXP 	New trial (rep=37, index=0): None
98.9705 	DATA 	Keypress: n
98.9843 	EXP 	Cross: autoDraw = False
98.9843 	EXP 	polygon_2: autoDraw = False
98.9843 	EXP 	polygon_2: fillColor = '[  0. 255.   0.] (rgb255)'
98.9843 	EXP 	polygon_2: lineColor = '[  0. 255.   0.] (rgb255)'
99.9652 	EXP 	Cross: autoDraw = True
100.1651 	EXP 	Cross: autoDraw = False
100.5654 	EXP 	polygon_2: autoDraw = True
101.1340 	EXP 	New trial (rep=38, index=0): None
101.1358 	DATA 	Keypress: b
101.1496 	EXP 	Cross: autoDraw = False
101.1496 	EXP 	polygon_2: autoDraw = False
101.1496 	EXP 	polygon_2: fillColor = '[255.   0.   0.] (rgb255)'
101.1496 	EXP 	polygon_2: lineColor = '[255.   0.   0.] (rgb255)'
102.1318 	EXP 	Cross: autoDraw = True
102.3322 	EXP 	Cross: autoDraw = False
102.6984 	EXP 	polygon_2: autoDraw = True
103.2676 	EXP 	New trial (rep=39, index=0): None
103.2695 	DATA 	Keypress: n
103.2833 	EXP 	Cross: autoDraw = False
103.2833 	EXP 	polygon_2: autoDraw = False
103.2833 	EXP 	polygon_2: fillColor = '[  0.   0. 255.] (rgb255)'
103.2833 	EXP 	polygon_2: lineColor = '[  0.   0. 255.] (rgb255)'
104.2655 	EXP 	Cross: autoDraw = True
104.4655 	EXP 	Cross: autoDraw = False
105.0150 	EXP 	polygon_2: autoDraw = True
105.4841 	EXP 	New trial (rep=40, index=0): None
105.4860 	DATA 	Keypress: v
105.4999 	EXP 	Cross: autoDraw = False
105.4999 	EXP 	polygon_2: autoDraw = False
105.4999 	EXP 	polygon_2: fillColor = '[  0.   0. 255.] (rgb255)'
105.4999 	EXP 	polygon_2: lineColor = '[  0.   0. 255.] (rgb255)'
106.4821 	EXP 	Cross: autoDraw = True
106.6816 	EXP 	Cross: autoDraw = False
107.3483 	EXP 	polygon_2: autoDraw = True
107.7176 	EXP 	New trial (rep=41, index=0): None
107.7197 	DATA 	Keypress: v
107.7336 	EXP 	Cross: autoDraw = False
107.7336 	EXP 	polygon_2: autoDraw = False
107.7336 	EXP 	polygon_2: fillColor = '[  0.   0. 255.] (rgb255)'
107.7336 	EXP 	polygon_2: lineColor = '[  0.   0. 255.] (rgb255)'
108.7149 	EXP 	Cross: autoDraw = True
108.9153 	EXP 	Cross: autoDraw = False
109.4486 	EXP 	polygon_2: autoDraw = True
109.8007 	EXP 	New trial (rep=42, index=0): None
109.8029 	DATA 	Keypress: v
109.8170 	EXP 	Cross: autoDraw = False
109.8170 	EXP 	polygon_2: autoDraw = False
109.8170 	EXP 	polygon_2: fillColor = '[255.   0.   0.] (rgb255)'
109.8170 	EXP 	polygon_2: lineColor = '[255.   0.   0.] (rgb255)'
110.7983 	EXP 	Cross: autoDraw = True
110.9980 	EXP 	Cross: autoDraw = False
111.6816 	EXP 	polygon_2: autoDraw = True
112.1513 	EXP 	New trial (rep=43, index=0): None
112.1537 	DATA 	Keypress: n
112.1674 	EXP 	Cross: autoDraw = False
112.1674 	EXP 	polygon_2: autoDraw = False
112.1674 	EXP 	polygon_2: fillColor = '[  0.   0. 255.] (rgb255)'
112.1674 	EXP 	polygon_2: lineColor = '[  0.   0. 255.] (rgb255)'
113.1481 	EXP 	Cross: autoDraw = True
113.3485 	EXP 	Cross: autoDraw = False
113.8651 	EXP 	polygon_2: autoDraw = True
114.3337 	EXP 	New trial (rep=44, index=0): None
114.3357 	DATA 	Keypress: v
114.3497 	EXP 	Cross: autoDraw = False
114.3497 	EXP 	polygon_2: autoDraw = False
114.3497 	EXP 	polygon_2: fillColor = '[  0.   0. 255.] (rgb255)'
114.3497 	EXP 	polygon_2: lineColor = '[  0.   0. 255.] (rgb255)'
115.3313 	EXP 	Cross: autoDraw = True
115.5319 	EXP 	Cross: autoDraw = False
115.9152 	EXP 	polygon_2: autoDraw = True
116.3336 	EXP 	New trial (rep=45, index=0): None
116.3356 	DATA 	Keypress: v
116.3494 	EXP 	Cross: autoDraw = False
116.3494 	EXP 	polygon_2: autoDraw = False
116.3494 	EXP 	polygon_2: fillColor = '[  0.   0. 255.] (rgb255)'
116.3494 	EXP 	polygon_2: lineColor = '[  0.   0. 255.] (rgb255)'
117.3318 	EXP 	Cross: autoDraw = True
117.5311 	EXP 	Cross: autoDraw = False
117.9651 	EXP 	polygon_2: autoDraw = True
118.3500 	EXP 	New trial (rep=46, index=0): None
118.3519 	DATA 	Keypress: v
118.3658 	EXP 	Cross: autoDraw = False
118.3658 	EXP 	polygon_2: autoDraw = False
118.3658 	EXP 	polygon_2: fillColor = '[  0.   0. 255.] (rgb255)'
118.3658 	EXP 	polygon_2: lineColor = '[  0.   0. 255.] (rgb255)'
119.3479 	EXP 	Cross: autoDraw = True
119.5481 	EXP 	Cross: autoDraw = False
119.9650 	EXP 	polygon_2: autoDraw = True
120.3338 	EXP 	New trial (rep=47, index=0): None
120.3357 	DATA 	Keypress: v
120.3494 	EXP 	Cross: autoDraw = False
120.3494 	EXP 	polygon_2: autoDraw = False
120.3494 	EXP 	polygon_2: fillColor = '[  0.   0. 255.] (rgb255)'
120.3494 	EXP 	polygon_2: lineColor = '[  0.   0. 255.] (rgb255)'
121.3317 	EXP 	Cross: autoDraw = True
121.5317 	EXP 	Cross: autoDraw = False
122.2981 	EXP 	polygon_2: autoDraw = True
122.6172 	EXP 	New trial (rep=48, index=0): None
122.6194 	DATA 	Keypress: v
122.6334 	EXP 	Cross: autoDraw = False
122.6334 	EXP 	polygon_2: autoDraw = False
122.6334 	EXP 	polygon_2: fillColor = '[255.   0.   0.] (rgb255)'
122.6334 	EXP 	polygon_2: lineColor = '[255.   0.   0.] (rgb255)'
123.6144 	EXP 	Cross: autoDraw = True
123.8146 	EXP 	Cross: autoDraw = False
124.4483 	EXP 	polygon_2: autoDraw = True
125.0845 	EXP 	New trial (rep=49, index=0): None
125.0866 	DATA 	Keypress: n
125.1004 	EXP 	Cross: autoDraw = False
125.1004 	EXP 	polygon_2: autoDraw = False
125.1004 	EXP 	polygon_2: fillColor = '[  0. 255.   0.] (rgb255)'
125.1004 	EXP 	polygon_2: lineColor = '[  0. 255.   0.] (rgb255)'
126.0811 	EXP 	Cross: autoDraw = True
126.2811 	EXP 	Cross: autoDraw = False
126.9814 	EXP 	polygon_2: autoDraw = True
127.5507 	EXP 	New trial (rep=50, index=0): None
127.5531 	DATA 	Keypress: b
127.5671 	EXP 	Cross: autoDraw = False
127.5671 	EXP 	polygon_2: autoDraw = False
127.5671 	EXP 	polygon_2: fillColor = '[  0. 255.   0.] (rgb255)'
127.5671 	EXP 	polygon_2: lineColor = '[  0. 255.   0.] (rgb255)'
128.5478 	EXP 	Cross: autoDraw = True
128.7480 	EXP 	Cross: autoDraw = False
129.3648 	EXP 	polygon_2: autoDraw = True
129.8182 	EXP 	New trial (rep=51, index=0): None
129.8204 	DATA 	Keypress: n
129.8344 	EXP 	Cross: autoDraw = False
129.8344 	EXP 	polygon_2: autoDraw = False
129.8344 	EXP 	polygon_2: fillColor = '[  0.   0. 255.] (rgb255)'
129.8344 	EXP 	polygon_2: lineColor = '[  0.   0. 255.] (rgb255)'
130.8143 	EXP 	Cross: autoDraw = True
131.0141 	EXP 	Cross: autoDraw = False
131.4646 	EXP 	polygon_2: autoDraw = True
132.0169 	EXP 	New trial (rep=52, index=0): None
132.0190 	DATA 	Keypress: v
132.0330 	EXP 	Cross: autoDraw = False
132.0330 	EXP 	polygon_2: autoDraw = False
132.0330 	EXP 	polygon_2: fillColor = '[  0.   0. 255.] (rgb255)'
132.0330 	EXP 	polygon_2: lineColor = '[  0.   0. 255.] (rgb255)'
133.0145 	EXP 	Cross: autoDraw = True
133.2146 	EXP 	Cross: autoDraw = False
133.7142 	EXP 	polygon_2: autoDraw = True
134.0843 	EXP 	New trial (rep=53, index=0): None
134.0867 	DATA 	Keypress: v
134.1006 	EXP 	Cross: autoDraw = False
134.1006 	EXP 	polygon_2: autoDraw = False
134.1006 	EXP 	polygon_2: fillColor = '[255.   0.   0.] (rgb255)'
134.1006 	EXP 	polygon_2: lineColor = '[255.   0.   0.] (rgb255)'
135.0812 	EXP 	Cross: autoDraw = True
135.2809 	EXP 	Cross: autoDraw = False
136.0310 	EXP 	polygon_2: autoDraw = True
136.5172 	EXP 	New trial (rep=54, index=0): None
136.5191 	DATA 	Keypress: n
136.5330 	EXP 	Cross: autoDraw = False
136.5330 	EXP 	polygon_2: autoDraw = False
136.5330 	EXP 	polygon_2: fillColor = '[  0. 255.   0.] (rgb255)'
136.5330 	EXP 	polygon_2: lineColor = '[  0. 255.   0.] (rgb255)'
137.5140 	EXP 	Cross: autoDraw = True
137.7139 	EXP 	Cross: autoDraw = False
138.1639 	EXP 	polygon_2: autoDraw = True
138.6672 	EXP 	New trial (rep=55, index=0): None
138.6693 	DATA 	Keypress: b
138.6832 	EXP 	Cross: autoDraw = False
138.6832 	EXP 	polygon_2: autoDraw = False
138.6832 	EXP 	polygon_2: fillColor = '[  0. 255.   0.] (rgb255)'
138.6832 	EXP 	polygon_2: lineColor = '[  0. 255.   0.] (rgb255)'
139.6641 	EXP 	Cross: autoDraw = True
139.8642 	EXP 	Cross: autoDraw = False
140.3306 	EXP 	polygon_2: autoDraw = True
140.9839 	EXP 	New trial (rep=56, index=0): None
140.9862 	DATA 	Keypress: b
141.0001 	EXP 	Cross: autoDraw = False
141.0001 	EXP 	polygon_2: autoDraw = False
141.0001 	EXP 	polygon_2: fillColor = '[255.   0.   0.] (rgb255)'
141.0001 	EXP 	polygon_2: lineColor = '[255.   0.   0.] (rgb255)'
141.9805 	EXP 	Cross: autoDraw = True
142.1804 	EXP 	Cross: autoDraw = False
142.7639 	EXP 	polygon_2: autoDraw = True
143.3997 	EXP 	New trial (rep=57, index=0): None
143.4015 	DATA 	Keypress: n
143.4152 	EXP 	Cross: autoDraw = False
143.4152 	EXP 	polygon_2: autoDraw = False
143.4152 	EXP 	polygon_2: fillColor = '[  0.   0. 255.] (rgb255)'
143.4152 	EXP 	polygon_2: lineColor = '[  0.   0. 255.] (rgb255)'
144.3978 	EXP 	Cross: autoDraw = True
144.5973 	EXP 	Cross: autoDraw = False
144.9972 	EXP 	polygon_2: autoDraw = True
145.6337 	EXP 	New trial (rep=58, index=0): None
145.6359 	DATA 	Keypress: v
145.6497 	EXP 	Cross: autoDraw = False
145.6497 	EXP 	polygon_2: autoDraw = False
145.6497 	EXP 	polygon_2: fillColor = '[  0.   0. 255.] (rgb255)'
145.6497 	EXP 	polygon_2: lineColor = '[  0.   0. 255.] (rgb255)'
146.6306 	EXP 	Cross: autoDraw = True
146.8305 	EXP 	Cross: autoDraw = False
147.5641 	EXP 	polygon_2: autoDraw = True
147.9493 	EXP 	New trial (rep=59, index=0): None
147.9515 	DATA 	Keypress: v
147.9654 	EXP 	Cross: autoDraw = False
147.9654 	EXP 	polygon_2: autoDraw = False
147.9654 	EXP 	polygon_2: fillColor = '[  0.   0. 255.] (rgb255)'
147.9654 	EXP 	polygon_2: lineColor = '[  0.   0. 255.] (rgb255)'
148.9469 	EXP 	Cross: autoDraw = True
149.1469 	EXP 	Cross: autoDraw = False
149.7970 	EXP 	polygon_2: autoDraw = True
150.2166 	EXP 	New trial (rep=60, index=0): None
150.2189 	DATA 	Keypress: v
150.2327 	EXP 	Cross: autoDraw = False
150.2327 	EXP 	polygon_2: autoDraw = False
150.2327 	EXP 	polygon_2: fillColor = '[255.   0.   0.] (rgb255)'
150.2327 	EXP 	polygon_2: lineColor = '[255.   0.   0.] (rgb255)'
151.2135 	EXP 	Cross: autoDraw = True
151.4139 	EXP 	Cross: autoDraw = False
151.9971 	EXP 	polygon_2: autoDraw = True
152.5827 	EXP 	New trial (rep=61, index=0): None
152.5847 	DATA 	Keypress: n
152.5984 	EXP 	Cross: autoDraw = False
152.5984 	EXP 	polygon_2: autoDraw = False
152.5984 	EXP 	polygon_2: fillColor = '[  0. 255.   0.] (rgb255)'
152.5984 	EXP 	polygon_2: lineColor = '[  0. 255.   0.] (rgb255)'
153.5808 	EXP 	Cross: autoDraw = True
153.7804 	EXP 	Cross: autoDraw = False
154.1136 	EXP 	polygon_2: autoDraw = True
154.6661 	EXP 	New trial (rep=62, index=0): None
154.6680 	DATA 	Keypress: b
154.6819 	EXP 	Cross: autoDraw = False
154.6819 	EXP 	polygon_2: autoDraw = False
154.6819 	EXP 	polygon_2: fillColor = '[  0.   0. 255.] (rgb255)'
154.6819 	EXP 	polygon_2: lineColor = '[  0.   0. 255.] (rgb255)'
155.6635 	EXP 	Cross: autoDraw = True
155.8635 	EXP 	Cross: autoDraw = False
156.3473 	EXP 	polygon_2: autoDraw = True
156.9161 	EXP 	New trial (rep=63, index=0): None
156.9181 	DATA 	Keypress: v
156.9318 	EXP 	Cross: autoDraw = False
156.9318 	EXP 	polygon_2: autoDraw = False
156.9318 	EXP 	polygon_2: fillColor = '[  0. 255.   0.] (rgb255)'
156.9318 	EXP 	polygon_2: lineColor = '[  0. 255.   0.] (rgb255)'
157.9140 	EXP 	Cross: autoDraw = True
158.1140 	EXP 	Cross: autoDraw = False
158.7138 	EXP 	polygon_2: autoDraw = True
159.3329 	EXP 	New trial (rep=64, index=0): None
159.3346 	DATA 	Keypress: b
159.3485 	EXP 	Cross: autoDraw = False
159.3485 	EXP 	polygon_2: autoDraw = False
159.3485 	EXP 	polygon_2: fillColor = '[  0.   0. 255.] (rgb255)'
159.3485 	EXP 	polygon_2: lineColor = '[  0.   0. 255.] (rgb255)'
160.3301 	EXP 	Cross: autoDraw = True
160.5301 	EXP 	Cross: autoDraw = False
160.8635 	EXP 	polygon_2: autoDraw = True
161.4496 	EXP 	New trial (rep=65, index=0): None
161.4517 	DATA 	Keypress: v
161.4653 	EXP 	Cross: autoDraw = False
161.4653 	EXP 	polygon_2: autoDraw = False
161.4653 	EXP 	polygon_2: fillColor = '[  0. 255.   0.] (rgb255)'
161.4653 	EXP 	polygon_2: lineColor = '[  0. 255.   0.] (rgb255)'
162.4467 	EXP 	Cross: autoDraw = True
162.6466 	EXP 	Cross: autoDraw = False
163.2966 	EXP 	polygon_2: autoDraw = True
163.8660 	EXP 	New trial (rep=66, index=0): None
163.8680 	DATA 	Keypress: b
163.8816 	EXP 	Cross: autoDraw = False
163.8816 	EXP 	polygon_2: autoDraw = False
163.8816 	EXP 	polygon_2: fillColor = '[  0. 255.   0.] (rgb255)'
163.8816 	EXP 	polygon_2: lineColor = '[  0. 255.   0.] (rgb255)'
164.8630 	EXP 	Cross: autoDraw = True
165.0629 	EXP 	Cross: autoDraw = False
165.6133 	EXP 	polygon_2: autoDraw = True
166.0491 	EXP 	New trial (rep=67, index=0): None
166.0510 	DATA 	Keypress: b
166.0649 	EXP 	Cross: autoDraw = False
166.0649 	EXP 	polygon_2: autoDraw = False
166.0649 	EXP 	polygon_2: fillColor = '[255.   0.   0.] (rgb255)'
166.0649 	EXP 	polygon_2: lineColor = '[255.   0.   0.] (rgb255)'
167.0465 	EXP 	Cross: autoDraw = True
167.2469 	EXP 	Cross: autoDraw = False
167.6299 	EXP 	polygon_2: autoDraw = True
168.2000 	EXP 	New trial (rep=68, index=0): None
168.2023 	DATA 	Keypress: n
168.2162 	EXP 	Cross: autoDraw = False
168.2162 	EXP 	polygon_2: autoDraw = False
168.2162 	EXP 	polygon_2: fillColor = '[  0.   0. 255.] (rgb255)'
168.2162 	EXP 	polygon_2: lineColor = '[  0.   0. 255.] (rgb255)'
169.1966 	EXP 	Cross: autoDraw = True
169.3968 	EXP 	Cross: autoDraw = False
170.1466 	EXP 	polygon_2: autoDraw = True
171.0988 	EXP 	New trial (rep=69, index=0): None
171.1005 	DATA 	Keypress: v
171.1143 	EXP 	Cross: autoDraw = False
171.1143 	EXP 	polygon_2: autoDraw = False
171.1143 	EXP 	polygon_2: fillColor = '[  0.   0. 255.] (rgb255)'
171.1143 	EXP 	polygon_2: lineColor = '[  0.   0. 255.] (rgb255)'
172.0968 	EXP 	Cross: autoDraw = True
172.2965 	EXP 	Cross: autoDraw = False
172.6635 	EXP 	polygon_2: autoDraw = True
173.0320 	EXP 	New trial (rep=70, index=0): None
173.0339 	DATA 	Keypress: v
173.0479 	EXP 	Cross: autoDraw = False
173.0479 	EXP 	polygon_2: autoDraw = False
173.0479 	EXP 	polygon_2: fillColor = '[  0. 255.   0.] (rgb255)'
173.0479 	EXP 	polygon_2: lineColor = '[  0. 255.   0.] (rgb255)'
174.0298 	EXP 	Cross: autoDraw = True
174.2297 	EXP 	Cross: autoDraw = False
174.5628 	EXP 	polygon_2: autoDraw = True
175.0817 	EXP 	New trial (rep=71, index=0): None
175.0835 	DATA 	Keypress: b
175.0973 	EXP 	Cross: autoDraw = False
175.0973 	EXP 	polygon_2: autoDraw = False
175.0973 	EXP 	polygon_2: fillColor = '[  0. 255.   0.] (rgb255)'
175.0973 	EXP 	polygon_2: lineColor = '[  0. 255.   0.] (rgb255)'
176.0802 	EXP 	Cross: autoDraw = True
176.2796 	EXP 	Cross: autoDraw = False
176.6632 	EXP 	polygon_2: autoDraw = True
177.1660 	EXP 	New trial (rep=72, index=0): None
177.1682 	DATA 	Keypress: b
177.1820 	EXP 	Cross: autoDraw = False
177.1820 	EXP 	polygon_2: autoDraw = False
177.1820 	EXP 	polygon_2: fillColor = '[  0.   0. 255.] (rgb255)'
177.1820 	EXP 	polygon_2: lineColor = '[  0.   0. 255.] (rgb255)'
178.1629 	EXP 	Cross: autoDraw = True
178.3631 	EXP 	Cross: autoDraw = False
178.6635 	EXP 	polygon_2: autoDraw = True
179.1829 	EXP 	New trial (rep=73, index=0): None
179.1851 	DATA 	Keypress: v
179.1990 	EXP 	Cross: autoDraw = False
179.1990 	EXP 	polygon_2: autoDraw = False
179.1990 	EXP 	polygon_2: fillColor = '[  0.   0. 255.] (rgb255)'
179.1990 	EXP 	polygon_2: lineColor = '[  0.   0. 255.] (rgb255)'
180.1797 	EXP 	Cross: autoDraw = True
180.3796 	EXP 	Cross: autoDraw = False
180.8295 	EXP 	polygon_2: autoDraw = True
181.2992 	EXP 	New trial (rep=74, index=0): None
181.3013 	DATA 	Keypress: v
181.3150 	EXP 	Cross: autoDraw = False
181.3150 	EXP 	polygon_2: autoDraw = False
181.3150 	EXP 	polygon_2: fillColor = '[  0. 255.   0.] (rgb255)'
181.3150 	EXP 	polygon_2: lineColor = '[  0. 255.   0.] (rgb255)'
182.2967 	EXP 	Cross: autoDraw = True
182.4962 	EXP 	Cross: autoDraw = False
182.8295 	EXP 	polygon_2: autoDraw = True
183.4494 	EXP 	New trial (rep=75, index=0): None
183.4518 	DATA 	Keypress: b
183.4656 	EXP 	Cross: autoDraw = False
183.4656 	EXP 	polygon_2: autoDraw = False
183.4656 	EXP 	polygon_2: fillColor = '[  0.   0. 255.] (rgb255)'
183.4656 	EXP 	polygon_2: lineColor = '[  0.   0. 255.] (rgb255)'
184.4462 	EXP 	Cross: autoDraw = True
184.6462 	EXP 	Cross: autoDraw = False
185.1799 	EXP 	polygon_2: autoDraw = True
185.7660 	EXP 	New trial (rep=76, index=0): None
185.7681 	DATA 	Keypress: v
185.7819 	EXP 	Cross: autoDraw = False
185.7819 	EXP 	polygon_2: autoDraw = False
185.7819 	EXP 	polygon_2: fillColor = '[  0. 255.   0.] (rgb255)'
185.7819 	EXP 	polygon_2: lineColor = '[  0. 255.   0.] (rgb255)'
186.7628 	EXP 	Cross: autoDraw = True
186.9630 	EXP 	Cross: autoDraw = False
187.6295 	EXP 	polygon_2: autoDraw = True
188.1318 	EXP 	New trial (rep=77, index=0): None
188.1337 	DATA 	Keypress: b
188.1474 	EXP 	Cross: autoDraw = False
188.1474 	EXP 	polygon_2: autoDraw = False
188.1474 	EXP 	polygon_2: fillColor = '[255.   0.   0.] (rgb255)'
188.1474 	EXP 	polygon_2: lineColor = '[255.   0.   0.] (rgb255)'
189.1294 	EXP 	Cross: autoDraw = True
189.3294 	EXP 	Cross: autoDraw = False
189.6794 	EXP 	polygon_2: autoDraw = True
190.4157 	EXP 	New trial (rep=78, index=0): None
190.4178 	DATA 	Keypress: n
190.4316 	EXP 	Cross: autoDraw = False
190.4316 	EXP 	polygon_2: autoDraw = False
190.4316 	EXP 	polygon_2: fillColor = '[  0.   0. 255.] (rgb255)'
190.4316 	EXP 	polygon_2: lineColor = '[  0.   0. 255.] (rgb255)'
191.4126 	EXP 	Cross: autoDraw = True
191.6127 	EXP 	Cross: autoDraw = False
192.0962 	EXP 	polygon_2: autoDraw = True
192.9484 	EXP 	New trial (rep=79, index=0): None
192.9502 	DATA 	Keypress: v
192.9641 	EXP 	Cross: autoDraw = False
192.9641 	EXP 	polygon_2: autoDraw = False
192.9641 	EXP 	polygon_2: fillColor = '[255.   0.   0.] (rgb255)'
192.9641 	EXP 	polygon_2: lineColor = '[255.   0.   0.] (rgb255)'
193.9459 	EXP 	Cross: autoDraw = True
194.1459 	EXP 	Cross: autoDraw = False
194.5791 	EXP 	polygon_2: autoDraw = True
195.4820 	EXP 	New trial (rep=80, index=0): None
195.4840 	DATA 	Keypress: n
195.4979 	EXP 	Cross: autoDraw = False
195.4979 	EXP 	polygon_2: autoDraw = False
195.4979 	EXP 	polygon_2: fillColor = '[255.   0.   0.] (rgb255)'
195.4979 	EXP 	polygon_2: lineColor = '[255.   0.   0.] (rgb255)'
196.4794 	EXP 	Cross: autoDraw = True
196.6793 	EXP 	Cross: autoDraw = False
196.9959 	EXP 	polygon_2: autoDraw = True
197.6312 	EXP 	New trial (rep=81, index=0): None
197.6332 	DATA 	Keypress: n
197.6469 	EXP 	Cross: autoDraw = False
197.6469 	EXP 	polygon_2: autoDraw = False
197.6469 	EXP 	polygon_2: fillColor = '[  0. 255.   0.] (rgb255)'
197.6469 	EXP 	polygon_2: lineColor = '[  0. 255.   0.] (rgb255)'
198.6295 	EXP 	Cross: autoDraw = True
198.8295 	EXP 	Cross: autoDraw = False
199.1291 	EXP 	polygon_2: autoDraw = True
199.7822 	EXP 	New trial (rep=82, index=0): None
199.7841 	DATA 	Keypress: b
199.7979 	EXP 	Cross: autoDraw = False
199.7979 	EXP 	polygon_2: autoDraw = False
199.7979 	EXP 	polygon_2: fillColor = '[  0. 255.   0.] (rgb255)'
199.7979 	EXP 	polygon_2: lineColor = '[  0. 255.   0.] (rgb255)'
200.7795 	EXP 	Cross: autoDraw = True
200.9789 	EXP 	Cross: autoDraw = False
201.7456 	EXP 	polygon_2: autoDraw = True
202.2147 	EXP 	New trial (rep=83, index=0): None
202.2167 	DATA 	Keypress: b
202.2306 	EXP 	Cross: autoDraw = False
202.2306 	EXP 	polygon_2: autoDraw = False
202.2306 	EXP 	polygon_2: fillColor = '[  0. 255.   0.] (rgb255)'
202.2306 	EXP 	polygon_2: lineColor = '[  0. 255.   0.] (rgb255)'
203.2126 	EXP 	Cross: autoDraw = True
203.4123 	EXP 	Cross: autoDraw = False
204.0126 	EXP 	polygon_2: autoDraw = True
204.4148 	EXP 	New trial (rep=84, index=0): None
204.4168 	DATA 	Keypress: b
204.4307 	EXP 	Cross: autoDraw = False
204.4307 	EXP 	polygon_2: autoDraw = False
204.4307 	EXP 	polygon_2: fillColor = '[  0.   0. 255.] (rgb255)'
204.4307 	EXP 	polygon_2: lineColor = '[  0.   0. 255.] (rgb255)'
205.4126 	EXP 	Cross: autoDraw = True
205.6126 	EXP 	Cross: autoDraw = False
206.3959 	EXP 	polygon_2: autoDraw = True
206.8978 	EXP 	New trial (rep=85, index=0): None
206.8998 	DATA 	Keypress: v
206.9136 	EXP 	Cross: autoDraw = False
206.9136 	EXP 	polygon_2: autoDraw = False
206.9136 	EXP 	polygon_2: fillColor = '[255.   0.   0.] (rgb255)'
206.9136 	EXP 	polygon_2: lineColor = '[255.   0.   0.] (rgb255)'
207.8954 	EXP 	Cross: autoDraw = True
208.0958 	EXP 	Cross: autoDraw = False
208.6627 	EXP 	polygon_2: autoDraw = True
209.1819 	EXP 	New trial (rep=86, index=0): None
209.1841 	DATA 	Keypress: n
209.1981 	EXP 	Cross: autoDraw = False
209.1981 	EXP 	polygon_2: autoDraw = False
209.1981 	EXP 	polygon_2: fillColor = '[255.   0.   0.] (rgb255)'
209.1981 	EXP 	polygon_2: lineColor = '[255.   0.   0.] (rgb255)'
210.1789 	EXP 	Cross: autoDraw = True
210.3791 	EXP 	Cross: autoDraw = False
211.0621 	EXP 	polygon_2: autoDraw = True
211.4642 	EXP 	New trial (rep=87, index=0): None
211.4659 	DATA 	Keypress: n
211.4797 	EXP 	Cross: autoDraw = False
211.4797 	EXP 	polygon_2: autoDraw = False
211.4797 	EXP 	polygon_2: fillColor = '[  0.   0. 255.] (rgb255)'
211.4797 	EXP 	polygon_2: lineColor = '[  0.   0. 255.] (rgb255)'
212.4626 	EXP 	Cross: autoDraw = True
212.6624 	EXP 	Cross: autoDraw = False
212.9622 	EXP 	polygon_2: autoDraw = True
213.7324 	EXP 	New trial (rep=88, index=0): None
213.7348 	DATA 	Keypress: v
213.7487 	EXP 	Cross: autoDraw = False
213.7487 	EXP 	polygon_2: autoDraw = False
213.7487 	EXP 	polygon_2: fillColor = '[255.   0.   0.] (rgb255)'
213.7487 	EXP 	polygon_2: lineColor = '[255.   0.   0.] (rgb255)'
214.7291 	EXP 	Cross: autoDraw = True
214.9285 	EXP 	Cross: autoDraw = False
215.6787 	EXP 	polygon_2: autoDraw = True
216.2151 	EXP 	New trial (rep=89, index=0): None
216.2174 	DATA 	Keypress: n
216.2312 	EXP 	Cross: autoDraw = False
216.2312 	EXP 	polygon_2: autoDraw = False
216.2312 	EXP 	polygon_2: fillColor = '[  0. 255.   0.] (rgb255)'
216.2312 	EXP 	polygon_2: lineColor = '[  0. 255.   0.] (rgb255)'
217.2122 	EXP 	Cross: autoDraw = True
217.4118 	EXP 	Cross: autoDraw = False
217.7455 	EXP 	polygon_2: autoDraw = True
218.2611 	DATA 	Keypress: b
218.2785 	EXP 	Cross: autoDraw = False
218.2785 	EXP 	polygon_2: autoDraw = False
218.2785 	EXP 	thanksText: autoDraw = True
220.2621 	EXP 	thanksText: autoDraw = False
220.5460 	EXP 	window1: mouseVisible = True
