0.6116 	WARNING 	We strongly recommend you activate the PTB sound engine in PsychoPy prefs as the preferred audio engine. Its timing is vastly superior. Your prefs are currently set to use ['sounddevice', 'PTB', 'pyo', 'pygame'] (in that order).
14.6150 	WARNING 	User requested fullscreen with size [1920 1080], but screen is actually [1680, 1050]. Using actual size
15.3729 	EXP 	Created window1 = Window(allowGUI=True, allowStencil=False, args=UNKNOWN, autoLog=True, bitsMode=UNKNOWN, blendMode='avg', bpc=(8, 8, 8), color=array([0., 0., 0.]), colorSpace='rgb', depthBits=8, fullscr=<method-wrapper '__getattribute__' of attributeSetter object at 0x143694710>, gamma=None, gammaErrorPolicy='raise', kwargs=UNKNOWN, lms=UNKNOWN, monitor=<psychopy.monitors.calibTools.Monitor object at 0x14b4c0400>, multiSample=False, name='window1', numSamples=2, pos=[420.0, 262.5], screen=0, size=array([3360, 2100]), stencilBits=0, stereo=False, units='norm', useFBO=True, useRetina=True, viewOri=0.0, viewPos=None, viewScale=None, waitBlanking=True, winType='pyglet')
15.3730 	EXP 	window1: recordFrameIntervals = False
15.5439 	EXP 	window1: recordFrameIntervals = True
15.7286 	EXP 	window1: recordFrameIntervals = False
16.2185 	EXP 	Created ExperimentInstructions = TextStim(__class__=<class 'psychopy.visual.text.TextStim'>, alignHoriz=method-wrapper(...), alignText='center', alignVert=method-wrapper(...), anchorHoriz='center', anchorVert='center', antialias=True, autoLog=True, bold=False, color='white', colorSpace='named', contrast=1.0, depth=0.0, flipHoriz=False, flipVert=False, font='Arial', fontFiles=[], height=0.1, italic=False, languageStyle='LTR', name='ExperimentInstructions', opacity=1.0, ori=0, pos=array([0., 0.]), rgb=array([255., 255., 255.]), text=str(...), units='norm', win=Window(...), wrapWidth=1)
16.6102 	EXP 	Created Cross = ShapeStim(__class__=<class 'psychopy.visual.shape.ShapeStim'>, autoDraw=False, autoLog=True, closeShape=True, contrast=1.0, depth=-1.0, fillColor=array([1., 1., 1.]), fillColorSpace='rgb', interpolate=True, lineColor=array([1., 1., 1.]), lineColorSpace='rgb', lineWidth=1, name='Cross', opacity=1.0, ori=array(0.), pos=array([0., 0.]), size=array([1., 1.]), units='deg', vertices=ndarray(...), win=Window(...), windingRule=None)
16.6206 	EXP 	Created polygon_2 = Polygon(__class__=<class 'psychopy.visual.polygon.Polygon'>, autoDraw=False, autoLog=True, closeShape=True, color=method-wrapper(...), colorSpace=None, contrast=1.0, depth=-2.0, fillColor=array([1., 1., 1.]), fillColorSpace='rgb255', fillRGB=array([1., 1., 1.]), interpolate=True, lineColor=array([1., 1., 1.]), lineColorSpace='rgb255', lineRGB=array([1., 1., 1.]), lineWidth=1, name='polygon_2', opacity=1.0, ori=array(0.), pos=array([0., 0.]), size=array([2.74, 2.74]), units='deg', vertices=ndarray(...), win=Window(...))
17.0234 	EXP 	Created thanksText = TextStim(__class__=<class 'psychopy.visual.text.TextStim'>, alignHoriz=method-wrapper(...), alignText='center', alignVert=method-wrapper(...), anchorHoriz='center', anchorVert='center', antialias=True, autoLog=True, bold=False, color=array([1., 1., 1.]), colorSpace='rgb', contrast=1.0, depth=0.0, flipHoriz=False, flipVert=False, font='arial', fontFiles=[], height=0.3, italic=False, languageStyle='LTR', name='thanksText', opacity=1.0, ori=0, pos=array([0., 0.]), rgb=array([1., 1., 1.]), text=str(...), units='norm', win=Window(...), wrapWidth=1)
17.0440 	EXP 	ExperimentInstructions: autoDraw = True
18.0957 	EXP 	Created sequence: random, trialTypes=1, nReps=90, seed=None
18.0963 	EXP 	New trial (rep=0, index=0): None
18.0996 	DATA 	Keypress: space
18.1138 	EXP 	ExperimentInstructions: autoDraw = False
18.1138 	EXP 	polygon_2: fillColor = '[255. 255.   0.] (rgb255)'
18.1138 	EXP 	polygon_2: lineColor = '[255. 255.   0.] (rgb255)'
19.1109 	EXP 	Cross: autoDraw = True
19.3108 	EXP 	Cross: autoDraw = False
19.9443 	EXP 	polygon_2: autoDraw = True
20.9300 	EXP 	New trial (rep=1, index=0): None
20.9317 	DATA 	Keypress: n
20.9457 	EXP 	Cross: autoDraw = False
20.9457 	EXP 	polygon_2: autoDraw = False
20.9457 	EXP 	polygon_2: fillColor = '[255. 255.   0.] (rgb255)'
20.9457 	EXP 	polygon_2: lineColor = '[255. 255.   0.] (rgb255)'
21.9274 	EXP 	Cross: autoDraw = True
22.1283 	EXP 	Cross: autoDraw = False
22.4612 	EXP 	polygon_2: autoDraw = True
22.9467 	EXP 	New trial (rep=2, index=0): None
22.9515 	DATA 	Keypress: n
22.9776 	EXP 	Cross: autoDraw = False
22.9776 	EXP 	polygon_2: autoDraw = False
22.9776 	EXP 	polygon_2: fillColor = '[  0.   0. 255.] (rgb255)'
22.9776 	EXP 	polygon_2: lineColor = '[  0.   0. 255.] (rgb255)'
23.9449 	EXP 	Cross: autoDraw = True
24.1445 	EXP 	Cross: autoDraw = False
24.7279 	EXP 	polygon_2: autoDraw = True
25.6137 	EXP 	New trial (rep=3, index=0): None
25.6159 	DATA 	Keypress: b
25.6297 	EXP 	Cross: autoDraw = False
25.6297 	EXP 	polygon_2: autoDraw = False
25.6297 	EXP 	polygon_2: fillColor = '[  0.   0. 255.] (rgb255)'
25.6297 	EXP 	polygon_2: lineColor = '[  0.   0. 255.] (rgb255)'
26.6107 	EXP 	Cross: autoDraw = True
26.8106 	EXP 	Cross: autoDraw = False
27.1610 	EXP 	polygon_2: autoDraw = True
27.4629 	EXP 	New trial (rep=4, index=0): None
27.4647 	DATA 	Keypress: b
27.4785 	EXP 	Cross: autoDraw = False
27.4785 	EXP 	polygon_2: autoDraw = False
27.4785 	EXP 	polygon_2: fillColor = '[255. 255.   0.] (rgb255)'
27.4785 	EXP 	polygon_2: lineColor = '[255. 255.   0.] (rgb255)'
28.4605 	EXP 	Cross: autoDraw = True
28.6605 	EXP 	Cross: autoDraw = False
29.0938 	EXP 	polygon_2: autoDraw = True
29.5461 	EXP 	New trial (rep=5, index=0): None
29.5479 	DATA 	Keypress: n
29.5618 	EXP 	Cross: autoDraw = False
29.5618 	EXP 	polygon_2: autoDraw = False
29.5618 	EXP 	polygon_2: fillColor = '[  0.   0. 255.] (rgb255)'
29.5618 	EXP 	polygon_2: lineColor = '[  0.   0. 255.] (rgb255)'
30.5443 	EXP 	Cross: autoDraw = True
30.7436 	EXP 	Cross: autoDraw = False
31.1936 	EXP 	polygon_2: autoDraw = True
31.7962 	EXP 	New trial (rep=6, index=0): None
31.7979 	DATA 	Keypress: b
31.8117 	EXP 	Cross: autoDraw = False
31.8117 	EXP 	polygon_2: autoDraw = False
31.8117 	EXP 	polygon_2: fillColor = '[255.   0.   0.] (rgb255)'
31.8117 	EXP 	polygon_2: lineColor = '[255.   0.   0.] (rgb255)'
32.7937 	EXP 	Cross: autoDraw = True
32.9945 	EXP 	Cross: autoDraw = False
33.3436 	EXP 	polygon_2: autoDraw = True
33.7625 	EXP 	New trial (rep=7, index=0): None
33.7641 	DATA 	Keypress: v
33.7780 	EXP 	Cross: autoDraw = False
33.7780 	EXP 	polygon_2: autoDraw = False
33.7780 	EXP 	polygon_2: fillColor = '[255.   0.   0.] (rgb255)'
33.7780 	EXP 	polygon_2: lineColor = '[255.   0.   0.] (rgb255)'
34.7603 	EXP 	Cross: autoDraw = True
34.9608 	EXP 	Cross: autoDraw = False
35.3436 	EXP 	polygon_2: autoDraw = True
35.6621 	EXP 	New trial (rep=8, index=0): None
35.6637 	DATA 	Keypress: v
35.6776 	EXP 	Cross: autoDraw = False
35.6776 	EXP 	polygon_2: autoDraw = False
35.6776 	EXP 	polygon_2: fillColor = '[255. 255.   0.] (rgb255)'
35.6776 	EXP 	polygon_2: lineColor = '[255. 255.   0.] (rgb255)'
36.6603 	EXP 	Cross: autoDraw = True
36.8603 	EXP 	Cross: autoDraw = False
37.3603 	EXP 	polygon_2: autoDraw = True
37.7971 	EXP 	New trial (rep=9, index=0): None
37.7995 	DATA 	Keypress: n
37.8135 	EXP 	Cross: autoDraw = False
37.8135 	EXP 	polygon_2: autoDraw = False
37.8135 	EXP 	polygon_2: fillColor = '[255. 255.   0.] (rgb255)'
37.8135 	EXP 	polygon_2: lineColor = '[255. 255.   0.] (rgb255)'
38.7938 	EXP 	Cross: autoDraw = True
38.9942 	EXP 	Cross: autoDraw = False
39.3104 	EXP 	polygon_2: autoDraw = True
39.7292 	EXP 	New trial (rep=10, index=0): None
39.7310 	DATA 	Keypress: n
39.7449 	EXP 	Cross: autoDraw = False
39.7449 	EXP 	polygon_2: autoDraw = False
39.7449 	EXP 	polygon_2: fillColor = '[255.   0.   0.] (rgb255)'
39.7449 	EXP 	polygon_2: lineColor = '[255.   0.   0.] (rgb255)'
40.7271 	EXP 	Cross: autoDraw = True
40.9273 	EXP 	Cross: autoDraw = False
41.2936 	EXP 	polygon_2: autoDraw = True
41.7293 	EXP 	New trial (rep=11, index=0): None
41.7310 	DATA 	Keypress: v
41.7449 	EXP 	Cross: autoDraw = False
41.7449 	EXP 	polygon_2: autoDraw = False
41.7449 	EXP 	polygon_2: fillColor = '[255.   0.   0.] (rgb255)'
41.7449 	EXP 	polygon_2: lineColor = '[255.   0.   0.] (rgb255)'
42.7270 	EXP 	Cross: autoDraw = True
42.9270 	EXP 	Cross: autoDraw = False
43.2609 	EXP 	polygon_2: autoDraw = True
43.5628 	EXP 	New trial (rep=12, index=0): None
43.5646 	DATA 	Keypress: v
43.5784 	EXP 	Cross: autoDraw = False
43.5784 	EXP 	polygon_2: autoDraw = False
43.5784 	EXP 	polygon_2: fillColor = '[255. 255.   0.] (rgb255)'
43.5784 	EXP 	polygon_2: lineColor = '[255. 255.   0.] (rgb255)'
44.5599 	EXP 	Cross: autoDraw = True
44.7603 	EXP 	Cross: autoDraw = False
45.1437 	EXP 	polygon_2: autoDraw = True
45.5794 	EXP 	New trial (rep=13, index=0): None
45.5813 	DATA 	Keypress: n
45.5953 	EXP 	Cross: autoDraw = False
45.5953 	EXP 	polygon_2: autoDraw = False
45.5953 	EXP 	polygon_2: fillColor = '[255. 255.   0.] (rgb255)'
45.5953 	EXP 	polygon_2: lineColor = '[255. 255.   0.] (rgb255)'
46.5773 	EXP 	Cross: autoDraw = True
46.7767 	EXP 	Cross: autoDraw = False
47.1435 	EXP 	polygon_2: autoDraw = True
47.4632 	EXP 	New trial (rep=14, index=0): None
47.4649 	DATA 	Keypress: n
47.4788 	EXP 	Cross: autoDraw = False
47.4788 	EXP 	polygon_2: autoDraw = False
47.4788 	EXP 	polygon_2: fillColor = '[255.   0.   0.] (rgb255)'
47.4788 	EXP 	polygon_2: lineColor = '[255.   0.   0.] (rgb255)'
48.4601 	EXP 	Cross: autoDraw = True
48.6599 	EXP 	Cross: autoDraw = False
49.3438 	EXP 	polygon_2: autoDraw = True
49.7137 	EXP 	New trial (rep=15, index=0): None
49.7162 	DATA 	Keypress: v
49.7301 	EXP 	Cross: autoDraw = False
49.7301 	EXP 	polygon_2: autoDraw = False
49.7301 	EXP 	polygon_2: fillColor = '[255. 255.   0.] (rgb255)'
49.7301 	EXP 	polygon_2: lineColor = '[255. 255.   0.] (rgb255)'
50.7098 	EXP 	Cross: autoDraw = True
50.9112 	EXP 	Cross: autoDraw = False
51.3099 	EXP 	polygon_2: autoDraw = True
51.7794 	EXP 	New trial (rep=16, index=0): None
51.7814 	DATA 	Keypress: n
51.7951 	EXP 	Cross: autoDraw = False
51.7951 	EXP 	polygon_2: autoDraw = False
51.7951 	EXP 	polygon_2: fillColor = '[255.   0.   0.] (rgb255)'
51.7951 	EXP 	polygon_2: lineColor = '[255.   0.   0.] (rgb255)'
52.7763 	EXP 	Cross: autoDraw = True
52.9764 	EXP 	Cross: autoDraw = False
53.6432 	EXP 	polygon_2: autoDraw = True
54.0290 	EXP 	New trial (rep=17, index=0): None
54.0308 	DATA 	Keypress: v
54.0446 	EXP 	Cross: autoDraw = False
54.0446 	EXP 	polygon_2: autoDraw = False
54.0446 	EXP 	polygon_2: fillColor = '[255. 255.   0.] (rgb255)'
54.0446 	EXP 	polygon_2: lineColor = '[255. 255.   0.] (rgb255)'
55.0267 	EXP 	Cross: autoDraw = True
55.2265 	EXP 	Cross: autoDraw = False
55.7436 	EXP 	polygon_2: autoDraw = True
56.2118 	EXP 	New trial (rep=18, index=0): None
56.2135 	DATA 	Keypress: n
56.2273 	EXP 	Cross: autoDraw = False
56.2273 	EXP 	polygon_2: autoDraw = False
56.2273 	EXP 	polygon_2: fillColor = '[255.   0.   0.] (rgb255)'
56.2273 	EXP 	polygon_2: lineColor = '[255.   0.   0.] (rgb255)'
57.2094 	EXP 	Cross: autoDraw = True
57.4099 	EXP 	Cross: autoDraw = False
58.1598 	EXP 	polygon_2: autoDraw = True
58.5787 	EXP 	New trial (rep=19, index=0): None
58.5803 	DATA 	Keypress: v
58.5943 	EXP 	Cross: autoDraw = False
58.5943 	EXP 	polygon_2: autoDraw = False
58.5943 	EXP 	polygon_2: fillColor = '[255. 255.   0.] (rgb255)'
58.5943 	EXP 	polygon_2: lineColor = '[255. 255.   0.] (rgb255)'
59.5768 	EXP 	Cross: autoDraw = True
59.7764 	EXP 	Cross: autoDraw = False
60.2600 	EXP 	polygon_2: autoDraw = True
60.8120 	EXP 	New trial (rep=20, index=0): None
60.8138 	DATA 	Keypress: n
60.8276 	EXP 	Cross: autoDraw = False
60.8276 	EXP 	polygon_2: autoDraw = False
60.8276 	EXP 	polygon_2: fillColor = '[255.   0.   0.] (rgb255)'
60.8276 	EXP 	polygon_2: lineColor = '[255.   0.   0.] (rgb255)'
61.8098 	EXP 	Cross: autoDraw = True
62.0103 	EXP 	Cross: autoDraw = False
62.6763 	EXP 	polygon_2: autoDraw = True
63.0953 	EXP 	New trial (rep=21, index=0): None
63.0970 	DATA 	Keypress: v
63.1110 	EXP 	Cross: autoDraw = False
63.1110 	EXP 	polygon_2: autoDraw = False
63.1110 	EXP 	polygon_2: fillColor = '[255.   0.   0.] (rgb255)'
63.1110 	EXP 	polygon_2: lineColor = '[255.   0.   0.] (rgb255)'
64.0935 	EXP 	Cross: autoDraw = True
64.2930 	EXP 	Cross: autoDraw = False
64.7596 	EXP 	polygon_2: autoDraw = True
65.2631 	EXP 	New trial (rep=22, index=0): None
65.2654 	DATA 	Keypress: v
65.2793 	EXP 	Cross: autoDraw = False
65.2793 	EXP 	polygon_2: autoDraw = False
65.2793 	EXP 	polygon_2: fillColor = '[255.   0.   0.] (rgb255)'
65.2793 	EXP 	polygon_2: lineColor = '[255.   0.   0.] (rgb255)'
66.2598 	EXP 	Cross: autoDraw = True
66.4600 	EXP 	Cross: autoDraw = False
67.1430 	EXP 	polygon_2: autoDraw = True
67.5796 	EXP 	New trial (rep=23, index=0): None
67.5819 	DATA 	Keypress: v
67.5958 	EXP 	Cross: autoDraw = False
67.5958 	EXP 	polygon_2: autoDraw = False
67.5958 	EXP 	polygon_2: fillColor = '[255. 255.   0.] (rgb255)'
67.5958 	EXP 	polygon_2: lineColor = '[255. 255.   0.] (rgb255)'
68.5762 	EXP 	Cross: autoDraw = True
68.7764 	EXP 	Cross: autoDraw = False
69.4095 	EXP 	polygon_2: autoDraw = True
69.8292 	EXP 	New trial (rep=24, index=0): None
69.8313 	DATA 	Keypress: n
69.8451 	EXP 	Cross: autoDraw = False
69.8451 	EXP 	polygon_2: autoDraw = False
69.8451 	EXP 	polygon_2: fillColor = '[  0.   0. 255.] (rgb255)'
69.8451 	EXP 	polygon_2: lineColor = '[  0.   0. 255.] (rgb255)'
70.8262 	EXP 	Cross: autoDraw = True
71.0261 	EXP 	Cross: autoDraw = False
71.7427 	EXP 	polygon_2: autoDraw = True
72.5956 	EXP 	New trial (rep=25, index=0): None
72.5977 	DATA 	Keypress: b
72.6116 	EXP 	Cross: autoDraw = False
72.6116 	EXP 	polygon_2: autoDraw = False
72.6116 	EXP 	polygon_2: fillColor = '[255. 255.   0.] (rgb255)'
72.6116 	EXP 	polygon_2: lineColor = '[255. 255.   0.] (rgb255)'
73.5932 	EXP 	Cross: autoDraw = True
73.7925 	EXP 	Cross: autoDraw = False
74.4098 	EXP 	polygon_2: autoDraw = True
74.9116 	EXP 	New trial (rep=26, index=0): None
74.9136 	DATA 	Keypress: n
74.9274 	EXP 	Cross: autoDraw = False
74.9274 	EXP 	polygon_2: autoDraw = False
74.9274 	EXP 	polygon_2: fillColor = '[255.   0.   0.] (rgb255)'
74.9274 	EXP 	polygon_2: lineColor = '[255.   0.   0.] (rgb255)'
75.9092 	EXP 	Cross: autoDraw = True
76.1093 	EXP 	Cross: autoDraw = False
76.4427 	EXP 	polygon_2: autoDraw = True
77.0452 	EXP 	New trial (rep=27, index=0): None
77.0471 	DATA 	Keypress: v
77.0608 	EXP 	Cross: autoDraw = False
77.0608 	EXP 	polygon_2: autoDraw = False
77.0608 	EXP 	polygon_2: fillColor = '[255. 255.   0.] (rgb255)'
77.0608 	EXP 	polygon_2: lineColor = '[255. 255.   0.] (rgb255)'
78.0427 	EXP 	Cross: autoDraw = True
78.2430 	EXP 	Cross: autoDraw = False
78.7431 	EXP 	polygon_2: autoDraw = True
79.1612 	EXP 	New trial (rep=28, index=0): None
79.1630 	DATA 	Keypress: n
79.1766 	EXP 	Cross: autoDraw = False
79.1766 	EXP 	polygon_2: autoDraw = False
79.1766 	EXP 	polygon_2: fillColor = '[255. 255.   0.] (rgb255)'
79.1766 	EXP 	polygon_2: lineColor = '[255. 255.   0.] (rgb255)'
80.1592 	EXP 	Cross: autoDraw = True
80.3596 	EXP 	Cross: autoDraw = False
80.8763 	EXP 	polygon_2: autoDraw = True
81.2958 	EXP 	New trial (rep=29, index=0): None
81.2981 	DATA 	Keypress: v
81.3122 	EXP 	Cross: autoDraw = False
81.3122 	EXP 	polygon_2: autoDraw = False
81.3122 	EXP 	polygon_2: fillColor = '[255. 255.   0.] (rgb255)'
81.3122 	EXP 	polygon_2: lineColor = '[255. 255.   0.] (rgb255)'
81.4109 	DATA 	Keypress: n
82.2926 	EXP 	Cross: autoDraw = True
82.4929 	EXP 	Cross: autoDraw = False
82.9592 	EXP 	polygon_2: autoDraw = True
83.4119 	EXP 	New trial (rep=30, index=0): None
83.4138 	DATA 	Keypress: n
83.4276 	EXP 	Cross: autoDraw = False
83.4276 	EXP 	polygon_2: autoDraw = False
83.4276 	EXP 	polygon_2: fillColor = '[255. 255.   0.] (rgb255)'
83.4276 	EXP 	polygon_2: lineColor = '[255. 255.   0.] (rgb255)'
84.4092 	EXP 	Cross: autoDraw = True
84.6092 	EXP 	Cross: autoDraw = False
85.0093 	EXP 	polygon_2: autoDraw = True
85.4286 	EXP 	New trial (rep=31, index=0): None
85.4304 	DATA 	Keypress: n
85.4443 	EXP 	Cross: autoDraw = False
85.4443 	EXP 	polygon_2: autoDraw = False
85.4443 	EXP 	polygon_2: fillColor = '[255.   0.   0.] (rgb255)'
85.4443 	EXP 	polygon_2: lineColor = '[255.   0.   0.] (rgb255)'
86.4258 	EXP 	Cross: autoDraw = True
86.6262 	EXP 	Cross: autoDraw = False
87.2924 	EXP 	polygon_2: autoDraw = True
87.7956 	EXP 	New trial (rep=32, index=0): None
87.7978 	DATA 	Keypress: v
87.8115 	EXP 	Cross: autoDraw = False
87.8115 	EXP 	polygon_2: autoDraw = False
87.8115 	EXP 	polygon_2: fillColor = '[  0.   0. 255.] (rgb255)'
87.8115 	EXP 	polygon_2: lineColor = '[  0.   0. 255.] (rgb255)'
88.7923 	EXP 	Cross: autoDraw = True
88.9927 	EXP 	Cross: autoDraw = False
89.5429 	EXP 	polygon_2: autoDraw = True
89.9947 	EXP 	New trial (rep=33, index=0): None
89.9966 	DATA 	Keypress: b
90.0114 	EXP 	Cross: autoDraw = False
90.0114 	EXP 	polygon_2: autoDraw = False
90.0114 	EXP 	polygon_2: fillColor = '[  0.   0. 255.] (rgb255)'
90.0114 	EXP 	polygon_2: lineColor = '[  0.   0. 255.] (rgb255)'
90.9924 	EXP 	Cross: autoDraw = True
91.1923 	EXP 	Cross: autoDraw = False
91.9588 	EXP 	polygon_2: autoDraw = True
92.3451 	EXP 	New trial (rep=34, index=0): None
92.3475 	DATA 	Keypress: b
92.3615 	EXP 	Cross: autoDraw = False
92.3615 	EXP 	polygon_2: autoDraw = False
92.3615 	EXP 	polygon_2: fillColor = '[255. 255.   0.] (rgb255)'
92.3615 	EXP 	polygon_2: lineColor = '[255. 255.   0.] (rgb255)'
93.3423 	EXP 	Cross: autoDraw = True
93.5422 	EXP 	Cross: autoDraw = False
93.8920 	EXP 	polygon_2: autoDraw = True
94.4607 	EXP 	New trial (rep=35, index=0): None
94.4625 	DATA 	Keypress: n
94.4761 	EXP 	Cross: autoDraw = False
94.4761 	EXP 	polygon_2: autoDraw = False
94.4761 	EXP 	polygon_2: fillColor = '[255.   0.   0.] (rgb255)'
94.4761 	EXP 	polygon_2: lineColor = '[255.   0.   0.] (rgb255)'
95.4587 	EXP 	Cross: autoDraw = True
95.6587 	EXP 	Cross: autoDraw = False
96.2762 	EXP 	polygon_2: autoDraw = True
96.6951 	EXP 	New trial (rep=36, index=0): None
96.6970 	DATA 	Keypress: v
96.7107 	EXP 	Cross: autoDraw = False
96.7107 	EXP 	polygon_2: autoDraw = False
96.7107 	EXP 	polygon_2: fillColor = '[255.   0.   0.] (rgb255)'
96.7107 	EXP 	polygon_2: lineColor = '[255.   0.   0.] (rgb255)'
97.6925 	EXP 	Cross: autoDraw = True
97.8922 	EXP 	Cross: autoDraw = False
98.2088 	EXP 	polygon_2: autoDraw = True
98.6449 	EXP 	New trial (rep=37, index=0): None
98.6470 	DATA 	Keypress: n
98.6608 	EXP 	Cross: autoDraw = False
98.6608 	EXP 	polygon_2: autoDraw = False
98.6608 	EXP 	polygon_2: fillColor = '[  0.   0. 255.] (rgb255)'
98.6608 	EXP 	polygon_2: lineColor = '[  0.   0. 255.] (rgb255)'
99.6419 	EXP 	Cross: autoDraw = True
99.8419 	EXP 	Cross: autoDraw = False
100.2588 	EXP 	polygon_2: autoDraw = True
100.7611 	EXP 	New trial (rep=38, index=0): None
100.7629 	DATA 	Keypress: b
100.7765 	EXP 	Cross: autoDraw = False
100.7765 	EXP 	polygon_2: autoDraw = False
100.7765 	EXP 	polygon_2: fillColor = '[255.   0.   0.] (rgb255)'
100.7765 	EXP 	polygon_2: lineColor = '[255.   0.   0.] (rgb255)'
101.7592 	EXP 	Cross: autoDraw = True
101.9587 	EXP 	Cross: autoDraw = False
102.3425 	EXP 	polygon_2: autoDraw = True
102.8109 	EXP 	New trial (rep=39, index=0): None
102.8126 	DATA 	Keypress: v
102.8264 	EXP 	Cross: autoDraw = False
102.8264 	EXP 	polygon_2: autoDraw = False
102.8264 	EXP 	polygon_2: fillColor = '[255. 255.   0.] (rgb255)'
102.8264 	EXP 	polygon_2: lineColor = '[255. 255.   0.] (rgb255)'
103.8081 	EXP 	Cross: autoDraw = True
104.0081 	EXP 	Cross: autoDraw = False
104.6418 	EXP 	polygon_2: autoDraw = True
105.0109 	EXP 	New trial (rep=40, index=0): None
105.0129 	DATA 	Keypress: n
105.0269 	EXP 	Cross: autoDraw = False
105.0269 	EXP 	polygon_2: autoDraw = False
105.0269 	EXP 	polygon_2: fillColor = '[255. 255.   0.] (rgb255)'
105.0269 	EXP 	polygon_2: lineColor = '[255. 255.   0.] (rgb255)'
106.0085 	EXP 	Cross: autoDraw = True
106.2084 	EXP 	Cross: autoDraw = False
106.6587 	EXP 	polygon_2: autoDraw = True
107.0939 	EXP 	New trial (rep=41, index=0): None
107.0957 	DATA 	Keypress: n
107.1095 	EXP 	Cross: autoDraw = False
107.1095 	EXP 	polygon_2: autoDraw = False
107.1095 	EXP 	polygon_2: fillColor = '[255. 255.   0.] (rgb255)'
107.1095 	EXP 	polygon_2: lineColor = '[255. 255.   0.] (rgb255)'
108.0919 	EXP 	Cross: autoDraw = True
108.2919 	EXP 	Cross: autoDraw = False
108.7583 	EXP 	polygon_2: autoDraw = True
109.1945 	EXP 	New trial (rep=42, index=0): None
109.1963 	DATA 	Keypress: n
109.2102 	EXP 	Cross: autoDraw = False
109.2102 	EXP 	polygon_2: autoDraw = False
109.2102 	EXP 	polygon_2: fillColor = '[  0.   0. 255.] (rgb255)'
109.2102 	EXP 	polygon_2: lineColor = '[  0.   0. 255.] (rgb255)'
110.1920 	EXP 	Cross: autoDraw = True
110.3918 	EXP 	Cross: autoDraw = False
110.9423 	EXP 	polygon_2: autoDraw = True
111.4942 	EXP 	New trial (rep=43, index=0): None
111.4962 	DATA 	Keypress: b
111.5100 	EXP 	Cross: autoDraw = False
111.5100 	EXP 	polygon_2: autoDraw = False
111.5100 	EXP 	polygon_2: fillColor = '[255.   0.   0.] (rgb255)'
111.5100 	EXP 	polygon_2: lineColor = '[255.   0.   0.] (rgb255)'
112.4922 	EXP 	Cross: autoDraw = True
112.6917 	EXP 	Cross: autoDraw = False
113.3922 	EXP 	polygon_2: autoDraw = True
113.8602 	EXP 	New trial (rep=44, index=0): None
113.8619 	DATA 	Keypress: v
113.8755 	EXP 	Cross: autoDraw = False
113.8755 	EXP 	polygon_2: autoDraw = False
113.8755 	EXP 	polygon_2: fillColor = '[255.   0.   0.] (rgb255)'
113.8755 	EXP 	polygon_2: lineColor = '[255.   0.   0.] (rgb255)'
114.8584 	EXP 	Cross: autoDraw = True
115.0587 	EXP 	Cross: autoDraw = False
115.5421 	EXP 	polygon_2: autoDraw = True
116.1778 	EXP 	New trial (rep=45, index=0): None
116.1797 	DATA 	Keypress: v
116.1936 	EXP 	Cross: autoDraw = False
116.1936 	EXP 	polygon_2: autoDraw = False
116.1936 	EXP 	polygon_2: fillColor = '[255. 255.   0.] (rgb255)'
116.1936 	EXP 	polygon_2: lineColor = '[255. 255.   0.] (rgb255)'
117.1748 	EXP 	Cross: autoDraw = True
117.3749 	EXP 	Cross: autoDraw = False
118.0745 	EXP 	polygon_2: autoDraw = True
118.4946 	EXP 	New trial (rep=46, index=0): None
118.4966 	DATA 	Keypress: n
118.5104 	EXP 	Cross: autoDraw = False
118.5104 	EXP 	polygon_2: autoDraw = False
118.5104 	EXP 	polygon_2: fillColor = '[  0.   0. 255.] (rgb255)'
118.5104 	EXP 	polygon_2: lineColor = '[  0.   0. 255.] (rgb255)'
119.4913 	EXP 	Cross: autoDraw = True
119.6912 	EXP 	Cross: autoDraw = False
120.1245 	EXP 	polygon_2: autoDraw = True
120.5603 	EXP 	New trial (rep=47, index=0): None
120.5618 	DATA 	Keypress: b
120.5758 	EXP 	Cross: autoDraw = False
120.5758 	EXP 	polygon_2: autoDraw = False
120.5758 	EXP 	polygon_2: fillColor = '[255. 255.   0.] (rgb255)'
120.5758 	EXP 	polygon_2: lineColor = '[255. 255.   0.] (rgb255)'
121.5579 	EXP 	Cross: autoDraw = True
121.7580 	EXP 	Cross: autoDraw = False
122.3085 	EXP 	polygon_2: autoDraw = True
122.9110 	EXP 	New trial (rep=48, index=0): None
122.9128 	DATA 	Keypress: n
122.9268 	EXP 	Cross: autoDraw = False
122.9268 	EXP 	polygon_2: autoDraw = False
122.9268 	EXP 	polygon_2: fillColor = '[  0.   0. 255.] (rgb255)'
122.9268 	EXP 	polygon_2: lineColor = '[  0.   0. 255.] (rgb255)'
123.9081 	EXP 	Cross: autoDraw = True
124.1081 	EXP 	Cross: autoDraw = False
124.6250 	EXP 	polygon_2: autoDraw = True
125.0105 	EXP 	New trial (rep=49, index=0): None
125.0124 	DATA 	Keypress: b
125.0263 	EXP 	Cross: autoDraw = False
125.0263 	EXP 	polygon_2: autoDraw = False
125.0263 	EXP 	polygon_2: fillColor = '[  0.   0. 255.] (rgb255)'
125.0263 	EXP 	polygon_2: lineColor = '[  0.   0. 255.] (rgb255)'
126.0079 	EXP 	Cross: autoDraw = True
126.2079 	EXP 	Cross: autoDraw = False
126.9582 	EXP 	polygon_2: autoDraw = True
127.4435 	EXP 	New trial (rep=50, index=0): None
127.4455 	DATA 	Keypress: b
127.4592 	EXP 	Cross: autoDraw = False
127.4592 	EXP 	polygon_2: autoDraw = False
127.4592 	EXP 	polygon_2: fillColor = '[255. 255.   0.] (rgb255)'
127.4592 	EXP 	polygon_2: lineColor = '[255. 255.   0.] (rgb255)'
128.4411 	EXP 	Cross: autoDraw = True
128.6410 	EXP 	Cross: autoDraw = False
129.3090 	EXP 	polygon_2: autoDraw = True
129.7766 	EXP 	New trial (rep=51, index=0): None
129.7780 	DATA 	Keypress: n
129.7916 	EXP 	Cross: autoDraw = False
129.7916 	EXP 	polygon_2: autoDraw = False
129.7916 	EXP 	polygon_2: fillColor = '[255.   0.   0.] (rgb255)'
129.7916 	EXP 	polygon_2: lineColor = '[255.   0.   0.] (rgb255)'
130.7747 	EXP 	Cross: autoDraw = True
130.9754 	EXP 	Cross: autoDraw = False
131.3724 	EXP 	polygon_2: autoDraw = True
131.9439 	EXP 	New trial (rep=52, index=0): None
131.9457 	DATA 	Keypress: v
131.9595 	EXP 	Cross: autoDraw = False
131.9595 	EXP 	polygon_2: autoDraw = False
131.9595 	EXP 	polygon_2: fillColor = '[255.   0.   0.] (rgb255)'
131.9595 	EXP 	polygon_2: lineColor = '[255.   0.   0.] (rgb255)'
132.9415 	EXP 	Cross: autoDraw = True
133.1411 	EXP 	Cross: autoDraw = False
133.7075 	EXP 	polygon_2: autoDraw = True
134.0932 	EXP 	New trial (rep=53, index=0): None
134.0949 	DATA 	Keypress: v
134.1087 	EXP 	Cross: autoDraw = False
134.1087 	EXP 	polygon_2: autoDraw = False
134.1087 	EXP 	polygon_2: fillColor = '[255.   0.   0.] (rgb255)'
134.1087 	EXP 	polygon_2: lineColor = '[255.   0.   0.] (rgb255)'
135.0912 	EXP 	Cross: autoDraw = True
135.2911 	EXP 	Cross: autoDraw = False
135.9243 	EXP 	polygon_2: autoDraw = True
136.4105 	EXP 	New trial (rep=54, index=0): None
136.4122 	DATA 	Keypress: v
136.4259 	EXP 	Cross: autoDraw = False
136.4259 	EXP 	polygon_2: autoDraw = False
136.4259 	EXP 	polygon_2: fillColor = '[255.   0.   0.] (rgb255)'
136.4259 	EXP 	polygon_2: lineColor = '[255.   0.   0.] (rgb255)'
137.4077 	EXP 	Cross: autoDraw = True
137.6077 	EXP 	Cross: autoDraw = False
137.9244 	EXP 	polygon_2: autoDraw = True
138.3938 	EXP 	New trial (rep=55, index=0): None
138.3960 	DATA 	Keypress: v
138.4098 	EXP 	Cross: autoDraw = False
138.4098 	EXP 	polygon_2: autoDraw = False
138.4098 	EXP 	polygon_2: fillColor = '[255.   0.   0.] (rgb255)'
138.4098 	EXP 	polygon_2: lineColor = '[255.   0.   0.] (rgb255)'
139.3910 	EXP 	Cross: autoDraw = True
139.5908 	EXP 	Cross: autoDraw = False
140.0078 	EXP 	polygon_2: autoDraw = True
140.6930 	EXP 	New trial (rep=56, index=0): None
140.6948 	DATA 	Keypress: v
140.7085 	EXP 	Cross: autoDraw = False
140.7085 	EXP 	polygon_2: autoDraw = False
140.7085 	EXP 	polygon_2: fillColor = '[255.   0.   0.] (rgb255)'
140.7085 	EXP 	polygon_2: lineColor = '[255.   0.   0.] (rgb255)'
141.6911 	EXP 	Cross: autoDraw = True
141.8910 	EXP 	Cross: autoDraw = False
142.6241 	EXP 	polygon_2: autoDraw = True
142.9446 	EXP 	New trial (rep=57, index=0): None
142.9468 	DATA 	Keypress: v
142.9606 	EXP 	Cross: autoDraw = False
142.9606 	EXP 	polygon_2: autoDraw = False
142.9606 	EXP 	polygon_2: fillColor = '[255. 255.   0.] (rgb255)'
142.9606 	EXP 	polygon_2: lineColor = '[255. 255.   0.] (rgb255)'
143.9408 	EXP 	Cross: autoDraw = True
144.1407 	EXP 	Cross: autoDraw = False
144.9074 	EXP 	polygon_2: autoDraw = True
145.3428 	EXP 	New trial (rep=58, index=0): None
145.3446 	DATA 	Keypress: n
145.3582 	EXP 	Cross: autoDraw = False
145.3582 	EXP 	polygon_2: autoDraw = False
145.3582 	EXP 	polygon_2: fillColor = '[255.   0.   0.] (rgb255)'
145.3582 	EXP 	polygon_2: lineColor = '[255.   0.   0.] (rgb255)'
146.3409 	EXP 	Cross: autoDraw = True
146.5412 	EXP 	Cross: autoDraw = False
146.8745 	EXP 	polygon_2: autoDraw = True
147.4771 	EXP 	New trial (rep=59, index=0): None
147.4791 	DATA 	Keypress: v
147.4931 	EXP 	Cross: autoDraw = False
147.4931 	EXP 	polygon_2: autoDraw = False
147.4931 	EXP 	polygon_2: fillColor = '[  0.   0. 255.] (rgb255)'
147.4931 	EXP 	polygon_2: lineColor = '[  0.   0. 255.] (rgb255)'
148.4743 	EXP 	Cross: autoDraw = True
148.6745 	EXP 	Cross: autoDraw = False
149.2578 	EXP 	polygon_2: autoDraw = True
149.7769 	EXP 	New trial (rep=60, index=0): None
149.7791 	DATA 	Keypress: b
149.7928 	EXP 	Cross: autoDraw = False
149.7928 	EXP 	polygon_2: autoDraw = False
149.7928 	EXP 	polygon_2: fillColor = '[  0.   0. 255.] (rgb255)'
149.7928 	EXP 	polygon_2: lineColor = '[  0.   0. 255.] (rgb255)'
150.7739 	EXP 	Cross: autoDraw = True
150.9741 	EXP 	Cross: autoDraw = False
151.3073 	EXP 	polygon_2: autoDraw = True
151.7102 	EXP 	New trial (rep=61, index=0): None
151.7122 	DATA 	Keypress: b
151.7260 	EXP 	Cross: autoDraw = False
151.7260 	EXP 	polygon_2: autoDraw = False
151.7260 	EXP 	polygon_2: fillColor = '[  0.   0. 255.] (rgb255)'
151.7260 	EXP 	polygon_2: lineColor = '[  0.   0. 255.] (rgb255)'
152.7078 	EXP 	Cross: autoDraw = True
152.9072 	EXP 	Cross: autoDraw = False
153.4573 	EXP 	polygon_2: autoDraw = True
153.7937 	EXP 	New trial (rep=62, index=0): None
153.7958 	DATA 	Keypress: b
153.8098 	EXP 	Cross: autoDraw = False
153.8098 	EXP 	polygon_2: autoDraw = False
153.8098 	EXP 	polygon_2: fillColor = '[255.   0.   0.] (rgb255)'
153.8098 	EXP 	polygon_2: lineColor = '[255.   0.   0.] (rgb255)'
154.7905 	EXP 	Cross: autoDraw = True
154.9908 	EXP 	Cross: autoDraw = False
155.7575 	EXP 	polygon_2: autoDraw = True
156.3599 	EXP 	New trial (rep=63, index=0): None
156.3620 	DATA 	Keypress: v
156.3757 	EXP 	Cross: autoDraw = False
156.3757 	EXP 	polygon_2: autoDraw = False
156.3757 	EXP 	polygon_2: fillColor = '[255. 255.   0.] (rgb255)'
156.3757 	EXP 	polygon_2: lineColor = '[255. 255.   0.] (rgb255)'
157.3577 	EXP 	Cross: autoDraw = True
157.5570 	EXP 	Cross: autoDraw = False
158.2903 	EXP 	polygon_2: autoDraw = True
158.6436 	EXP 	New trial (rep=64, index=0): None
158.6455 	DATA 	Keypress: n
158.6593 	EXP 	Cross: autoDraw = False
158.6593 	EXP 	polygon_2: autoDraw = False
158.6593 	EXP 	polygon_2: fillColor = '[255.   0.   0.] (rgb255)'
158.6593 	EXP 	polygon_2: lineColor = '[255.   0.   0.] (rgb255)'
159.6403 	EXP 	Cross: autoDraw = True
159.8403 	EXP 	Cross: autoDraw = False
160.5404 	EXP 	polygon_2: autoDraw = True
160.9769 	EXP 	New trial (rep=65, index=0): None
160.9791 	DATA 	Keypress: v
160.9929 	EXP 	Cross: autoDraw = False
160.9929 	EXP 	polygon_2: autoDraw = False
160.9929 	EXP 	polygon_2: fillColor = '[  0.   0. 255.] (rgb255)'
160.9929 	EXP 	polygon_2: lineColor = '[  0.   0. 255.] (rgb255)'
161.9737 	EXP 	Cross: autoDraw = True
162.1738 	EXP 	Cross: autoDraw = False
162.9234 	EXP 	polygon_2: autoDraw = True
163.2590 	EXP 	New trial (rep=66, index=0): None
163.2607 	DATA 	Keypress: b
163.2746 	EXP 	Cross: autoDraw = False
163.2746 	EXP 	polygon_2: autoDraw = False
163.2746 	EXP 	polygon_2: fillColor = '[255. 255.   0.] (rgb255)'
163.2746 	EXP 	polygon_2: lineColor = '[255. 255.   0.] (rgb255)'
164.2568 	EXP 	Cross: autoDraw = True
164.4570 	EXP 	Cross: autoDraw = False
165.0405 	EXP 	polygon_2: autoDraw = True
165.5600 	EXP 	New trial (rep=67, index=0): None
165.5617 	DATA 	Keypress: n
165.5756 	EXP 	Cross: autoDraw = False
165.5756 	EXP 	polygon_2: autoDraw = False
165.5756 	EXP 	polygon_2: fillColor = '[255. 255.   0.] (rgb255)'
165.5756 	EXP 	polygon_2: lineColor = '[255. 255.   0.] (rgb255)'
166.5568 	EXP 	Cross: autoDraw = True
166.7569 	EXP 	Cross: autoDraw = False
167.5403 	EXP 	polygon_2: autoDraw = True
168.0756 	EXP 	New trial (rep=68, index=0): None
168.0774 	DATA 	Keypress: n
168.0912 	EXP 	Cross: autoDraw = False
168.0912 	EXP 	polygon_2: autoDraw = False
168.0912 	EXP 	polygon_2: fillColor = '[255. 255.   0.] (rgb255)'
168.0912 	EXP 	polygon_2: lineColor = '[255. 255.   0.] (rgb255)'
169.0738 	EXP 	Cross: autoDraw = True
169.2735 	EXP 	Cross: autoDraw = False
169.9066 	EXP 	polygon_2: autoDraw = True
170.3590 	EXP 	New trial (rep=69, index=0): None
170.3608 	DATA 	Keypress: n
170.3745 	EXP 	Cross: autoDraw = False
170.3745 	EXP 	polygon_2: autoDraw = False
170.3745 	EXP 	polygon_2: fillColor = '[255. 255.   0.] (rgb255)'
170.3745 	EXP 	polygon_2: lineColor = '[255. 255.   0.] (rgb255)'
171.3568 	EXP 	Cross: autoDraw = True
171.5567 	EXP 	Cross: autoDraw = False
172.0567 	EXP 	polygon_2: autoDraw = True
172.3928 	EXP 	New trial (rep=70, index=0): None
172.3949 	DATA 	Keypress: n
172.4086 	EXP 	Cross: autoDraw = False
172.4086 	EXP 	polygon_2: autoDraw = False
172.4086 	EXP 	polygon_2: fillColor = '[255. 255.   0.] (rgb255)'
172.4086 	EXP 	polygon_2: lineColor = '[255. 255.   0.] (rgb255)'
173.3900 	EXP 	Cross: autoDraw = True
173.5899 	EXP 	Cross: autoDraw = False
174.2400 	EXP 	polygon_2: autoDraw = True
174.6425 	EXP 	New trial (rep=71, index=0): None
174.6446 	DATA 	Keypress: n
174.6584 	EXP 	Cross: autoDraw = False
174.6584 	EXP 	polygon_2: autoDraw = False
174.6584 	EXP 	polygon_2: fillColor = '[255.   0.   0.] (rgb255)'
174.6584 	EXP 	polygon_2: lineColor = '[255.   0.   0.] (rgb255)'
175.6402 	EXP 	Cross: autoDraw = True
175.8401 	EXP 	Cross: autoDraw = False
176.5900 	EXP 	polygon_2: autoDraw = True
177.1094 	EXP 	New trial (rep=72, index=0): None
177.1116 	DATA 	Keypress: v
177.1253 	EXP 	Cross: autoDraw = False
177.1253 	EXP 	polygon_2: autoDraw = False
177.1253 	EXP 	polygon_2: fillColor = '[255.   0.   0.] (rgb255)'
177.1253 	EXP 	polygon_2: lineColor = '[255.   0.   0.] (rgb255)'
178.1061 	EXP 	Cross: autoDraw = True
178.3063 	EXP 	Cross: autoDraw = False
178.6396 	EXP 	polygon_2: autoDraw = True
179.0757 	EXP 	New trial (rep=73, index=0): None
179.0777 	DATA 	Keypress: v
179.0916 	EXP 	Cross: autoDraw = False
179.0916 	EXP 	polygon_2: autoDraw = False
179.0916 	EXP 	polygon_2: fillColor = '[  0.   0. 255.] (rgb255)'
179.0916 	EXP 	polygon_2: lineColor = '[  0.   0. 255.] (rgb255)'
180.0731 	EXP 	Cross: autoDraw = True
180.2732 	EXP 	Cross: autoDraw = False
180.7063 	EXP 	polygon_2: autoDraw = True
181.1256 	EXP 	New trial (rep=74, index=0): None
181.1274 	DATA 	Keypress: b
181.1413 	EXP 	Cross: autoDraw = False
181.1413 	EXP 	polygon_2: autoDraw = False
181.1413 	EXP 	polygon_2: fillColor = '[255. 255.   0.] (rgb255)'
181.1413 	EXP 	polygon_2: lineColor = '[255. 255.   0.] (rgb255)'
182.1234 	EXP 	Cross: autoDraw = True
182.3230 	EXP 	Cross: autoDraw = False
182.6735 	EXP 	polygon_2: autoDraw = True
183.5583 	EXP 	New trial (rep=75, index=0): None
183.5601 	DATA 	Keypress: n
183.5740 	EXP 	Cross: autoDraw = False
183.5740 	EXP 	polygon_2: autoDraw = False
183.5740 	EXP 	polygon_2: fillColor = '[  0.   0. 255.] (rgb255)'
183.5740 	EXP 	polygon_2: lineColor = '[  0.   0. 255.] (rgb255)'
184.5568 	EXP 	Cross: autoDraw = True
184.7568 	EXP 	Cross: autoDraw = False
185.2228 	EXP 	polygon_2: autoDraw = True
185.7428 	EXP 	New trial (rep=76, index=0): None
185.7451 	DATA 	Keypress: b
185.7590 	EXP 	Cross: autoDraw = False
185.7590 	EXP 	polygon_2: autoDraw = False
185.7590 	EXP 	polygon_2: fillColor = '[255. 255.   0.] (rgb255)'
185.7590 	EXP 	polygon_2: lineColor = '[255. 255.   0.] (rgb255)'
186.7396 	EXP 	Cross: autoDraw = True
186.9396 	EXP 	Cross: autoDraw = False
187.6895 	EXP 	polygon_2: autoDraw = True
188.1091 	EXP 	New trial (rep=77, index=0): None
188.1113 	DATA 	Keypress: n
188.1250 	EXP 	Cross: autoDraw = False
188.1250 	EXP 	polygon_2: autoDraw = False
188.1250 	EXP 	polygon_2: fillColor = '[255. 255.   0.] (rgb255)'
188.1250 	EXP 	polygon_2: lineColor = '[255. 255.   0.] (rgb255)'
189.1061 	EXP 	Cross: autoDraw = True
189.3061 	EXP 	Cross: autoDraw = False
190.0395 	EXP 	polygon_2: autoDraw = True
190.5247 	EXP 	New trial (rep=78, index=0): None
190.5263 	DATA 	Keypress: n
190.5401 	EXP 	Cross: autoDraw = False
190.5401 	EXP 	polygon_2: autoDraw = False
190.5401 	EXP 	polygon_2: fillColor = '[255.   0.   0.] (rgb255)'
190.5401 	EXP 	polygon_2: lineColor = '[255.   0.   0.] (rgb255)'
191.5231 	EXP 	Cross: autoDraw = True
191.7228 	EXP 	Cross: autoDraw = False
192.5066 	EXP 	polygon_2: autoDraw = True
193.1424 	EXP 	New trial (rep=79, index=0): None
193.1445 	DATA 	Keypress: v
193.1582 	EXP 	Cross: autoDraw = False
193.1582 	EXP 	polygon_2: autoDraw = False
193.1582 	EXP 	polygon_2: fillColor = '[255.   0.   0.] (rgb255)'
193.1582 	EXP 	polygon_2: lineColor = '[255.   0.   0.] (rgb255)'
194.1393 	EXP 	Cross: autoDraw = True
194.3394 	EXP 	Cross: autoDraw = False
194.6728 	EXP 	polygon_2: autoDraw = True
195.4757 	EXP 	New trial (rep=80, index=0): None
195.4776 	DATA 	Keypress: v
195.4915 	EXP 	Cross: autoDraw = False
195.4915 	EXP 	polygon_2: autoDraw = False
195.4915 	EXP 	polygon_2: fillColor = '[  0.   0. 255.] (rgb255)'
195.4915 	EXP 	polygon_2: lineColor = '[  0.   0. 255.] (rgb255)'
196.4726 	EXP 	Cross: autoDraw = True
196.6727 	EXP 	Cross: autoDraw = False
197.4560 	EXP 	polygon_2: autoDraw = True
198.2414 	EXP 	New trial (rep=81, index=0): None
198.2430 	DATA 	Keypress: b
198.2569 	EXP 	Cross: autoDraw = False
198.2569 	EXP 	polygon_2: autoDraw = False
198.2569 	EXP 	polygon_2: fillColor = '[  0.   0. 255.] (rgb255)'
198.2569 	EXP 	polygon_2: lineColor = '[  0.   0. 255.] (rgb255)'
199.2390 	EXP 	Cross: autoDraw = True
199.4390 	EXP 	Cross: autoDraw = False
199.7557 	EXP 	polygon_2: autoDraw = True
200.1915 	EXP 	New trial (rep=82, index=0): None
200.1934 	DATA 	Keypress: b
200.2073 	EXP 	Cross: autoDraw = False
200.2073 	EXP 	polygon_2: autoDraw = False
200.2073 	EXP 	polygon_2: fillColor = '[255.   0.   0.] (rgb255)'
200.2073 	EXP 	polygon_2: lineColor = '[255.   0.   0.] (rgb255)'
201.1891 	EXP 	Cross: autoDraw = True
201.3891 	EXP 	Cross: autoDraw = False
202.1396 	EXP 	polygon_2: autoDraw = True
202.7077 	EXP 	New trial (rep=83, index=0): None
202.7091 	DATA 	Keypress: v
202.7231 	EXP 	Cross: autoDraw = False
202.7231 	EXP 	polygon_2: autoDraw = False
202.7231 	EXP 	polygon_2: fillColor = '[255. 255.   0.] (rgb255)'
202.7231 	EXP 	polygon_2: lineColor = '[255. 255.   0.] (rgb255)'
203.7056 	EXP 	Cross: autoDraw = True
203.9058 	EXP 	Cross: autoDraw = False
204.3557 	EXP 	polygon_2: autoDraw = True
204.8590 	EXP 	New trial (rep=84, index=0): None
204.8613 	DATA 	Keypress: n
204.8751 	EXP 	Cross: autoDraw = False
204.8751 	EXP 	polygon_2: autoDraw = False
204.8751 	EXP 	polygon_2: fillColor = '[255.   0.   0.] (rgb255)'
204.8751 	EXP 	polygon_2: lineColor = '[255.   0.   0.] (rgb255)'
205.8557 	EXP 	Cross: autoDraw = True
206.0557 	EXP 	Cross: autoDraw = False
206.5891 	EXP 	polygon_2: autoDraw = True
207.1257 	EXP 	New trial (rep=85, index=0): None
207.1281 	DATA 	Keypress: v
207.1420 	EXP 	Cross: autoDraw = False
207.1420 	EXP 	polygon_2: autoDraw = False
207.1420 	EXP 	polygon_2: fillColor = '[255. 255.   0.] (rgb255)'
207.1420 	EXP 	polygon_2: lineColor = '[255. 255.   0.] (rgb255)'
208.1221 	EXP 	Cross: autoDraw = True
208.3226 	EXP 	Cross: autoDraw = False
208.7057 	EXP 	polygon_2: autoDraw = True
209.3746 	EXP 	New trial (rep=86, index=0): None
209.3762 	DATA 	Keypress: n
209.3901 	EXP 	Cross: autoDraw = False
209.3901 	EXP 	polygon_2: autoDraw = False
209.3901 	EXP 	polygon_2: fillColor = '[255. 255.   0.] (rgb255)'
209.3901 	EXP 	polygon_2: lineColor = '[255. 255.   0.] (rgb255)'
210.3722 	EXP 	Cross: autoDraw = True
210.5722 	EXP 	Cross: autoDraw = False
211.0392 	EXP 	polygon_2: autoDraw = True
211.4573 	EXP 	New trial (rep=87, index=0): None
211.4590 	DATA 	Keypress: n
211.4726 	EXP 	Cross: autoDraw = False
211.4726 	EXP 	polygon_2: autoDraw = False
211.4726 	EXP 	polygon_2: fillColor = '[  0.   0. 255.] (rgb255)'
211.4726 	EXP 	polygon_2: lineColor = '[  0.   0. 255.] (rgb255)'
212.4557 	EXP 	Cross: autoDraw = True
212.6558 	EXP 	Cross: autoDraw = False
213.2889 	EXP 	polygon_2: autoDraw = True
213.9244 	EXP 	New trial (rep=88, index=0): None
213.9259 	DATA 	Keypress: b
213.9396 	EXP 	Cross: autoDraw = False
213.9396 	EXP 	polygon_2: autoDraw = False
213.9396 	EXP 	polygon_2: fillColor = '[255. 255.   0.] (rgb255)'
213.9396 	EXP 	polygon_2: lineColor = '[255. 255.   0.] (rgb255)'
214.9223 	EXP 	Cross: autoDraw = True
215.1222 	EXP 	Cross: autoDraw = False
215.9060 	EXP 	polygon_2: autoDraw = True
216.4248 	EXP 	New trial (rep=89, index=0): None
216.4264 	DATA 	Keypress: n
216.4403 	EXP 	Cross: autoDraw = False
216.4403 	EXP 	polygon_2: autoDraw = False
216.4403 	EXP 	polygon_2: fillColor = '[255.   0.   0.] (rgb255)'
216.4403 	EXP 	polygon_2: lineColor = '[255.   0.   0.] (rgb255)'
217.4221 	EXP 	Cross: autoDraw = True
217.6221 	EXP 	Cross: autoDraw = False
218.0224 	EXP 	polygon_2: autoDraw = True
218.5664 	DATA 	Keypress: v
218.5886 	EXP 	Cross: autoDraw = False
218.5886 	EXP 	polygon_2: autoDraw = False
218.5886 	EXP 	thanksText: autoDraw = True
220.5707 	EXP 	thanksText: autoDraw = False
220.8532 	EXP 	window1: mouseVisible = True
