0.5885 	WARNING 	We strongly recommend you activate the PTB sound engine in PsychoPy prefs as the preferred audio engine. Its timing is vastly superior. Your prefs are currently set to use ['sounddevice', 'PTB', 'pyo', 'pygame'] (in that order).
149.9356 	WARNING 	User requested fullscreen with size [1920 1080], but screen is actually [1680, 1050]. Using actual size
150.6449 	EXP 	Created window1 = Window(allowGUI=True, allowStencil=False, args=UNKNOWN, autoLog=True, bitsMode=UNKNOWN, blendMode='avg', bpc=(8, 8, 8), color=array([0., 0., 0.]), colorSpace='rgb', depthBits=8, fullscr=<method-wrapper '__getattribute__' of attributeSetter object at 0x1434ab710>, gamma=None, gammaErrorPolicy='raise', kwargs=UNKNOWN, lms=UNKNOWN, monitor=<psychopy.monitors.calibTools.Monitor object at 0x149fb0fd0>, multiSample=False, name='window1', numSamples=2, pos=[420.0, 262.5], screen=0, size=array([3360, 2100]), stencilBits=0, stereo=False, units='norm', useFBO=True, useRetina=True, viewOri=0.0, viewPos=None, viewScale=None, waitBlanking=True, winType='pyglet')
150.6450 	EXP 	window1: recordFrameIntervals = False
150.8116 	EXP 	window1: recordFrameIntervals = True
150.9946 	EXP 	window1: recordFrameIntervals = False
151.5444 	EXP 	Created ExperimentInstructions = TextStim(__class__=<class 'psychopy.visual.text.TextStim'>, alignHoriz=method-wrapper(...), alignText='center', alignVert=method-wrapper(...), anchorHoriz='center', anchorVert='center', antialias=True, autoLog=True, bold=False, color='white', colorSpace='named', contrast=1.0, depth=0.0, flipHoriz=False, flipVert=False, font='Arial', fontFiles=[], height=0.1, italic=False, languageStyle='LTR', name='ExperimentInstructions', opacity=1.0, ori=0, pos=array([0., 0.]), rgb=array([255., 255., 255.]), text=str(...), units='norm', win=Window(...), wrapWidth=1)
152.0222 	EXP 	Created Cross = ShapeStim(__class__=<class 'psychopy.visual.shape.ShapeStim'>, autoDraw=False, autoLog=True, closeShape=True, contrast=1.0, depth=-1.0, fillColor=array([1., 1., 1.]), fillColorSpace='rgb', interpolate=True, lineColor=array([1., 1., 1.]), lineColorSpace='rgb', lineWidth=1, name='Cross', opacity=1.0, ori=array(0.), pos=array([0., 0.]), size=array([1., 1.]), units='deg', vertices=ndarray(...), win=Window(...), windingRule=None)
152.0319 	EXP 	Created polygon_2 = Polygon(__class__=<class 'psychopy.visual.polygon.Polygon'>, autoDraw=False, autoLog=True, closeShape=True, color=method-wrapper(...), colorSpace=None, contrast=1.0, depth=-2.0, fillColor=array([255., 255.,   0.]), fillColorSpace='rgb255', fillRGB=array([255., 255.,   0.]), interpolate=True, lineColor=array([255., 255.,   0.]), lineColorSpace='rgb255', lineRGB=array([255., 255.,   0.]), lineWidth=1, name='polygon_2', opacity=1.0, ori=array(0.), pos=array([0., 0.]), size=array([2.74, 2.74]), units='deg', vertices=ndarray(...), win=Window(...))
152.5111 	EXP 	Created thanksText = TextStim(__class__=<class 'psychopy.visual.text.TextStim'>, alignHoriz=method-wrapper(...), alignText='center', alignVert=method-wrapper(...), anchorHoriz='center', anchorVert='center', antialias=True, autoLog=True, bold=False, color=array([1., 1., 1.]), colorSpace='rgb', contrast=1.0, depth=0.0, flipHoriz=False, flipVert=False, font='arial', fontFiles=[], height=0.3, italic=False, languageStyle='LTR', name='thanksText', opacity=1.0, ori=0, pos=array([0., 0.]), rgb=array([1., 1., 1.]), text=str(...), units='norm', win=Window(...), wrapWidth=1)
152.5326 	EXP 	ExperimentInstructions: autoDraw = True
153.9179 	EXP 	Created sequence: random, trialTypes=1, nReps=50, seed=None
153.9183 	EXP 	New trial (rep=0, index=0): None
153.9214 	DATA 	Keypress: space
153.9353 	EXP 	ExperimentInstructions: autoDraw = False
154.9329 	EXP 	Cross: autoDraw = True
155.1329 	EXP 	Cross: autoDraw = False
155.4335 	EXP 	polygon_2: autoDraw = True
155.7011 	EXP 	New trial (rep=1, index=0): None
155.7025 	DATA 	Keypress: b
155.7163 	EXP 	Cross: autoDraw = False
155.7163 	EXP 	polygon_2: autoDraw = False
156.6994 	EXP 	Cross: autoDraw = True
156.8998 	EXP 	Cross: autoDraw = False
157.3827 	EXP 	polygon_2: autoDraw = True
157.6015 	EXP 	New trial (rep=2, index=0): None
157.6032 	DATA 	Keypress: b
157.6171 	EXP 	Cross: autoDraw = False
157.6171 	EXP 	polygon_2: autoDraw = False
158.5996 	EXP 	Cross: autoDraw = True
158.7991 	EXP 	Cross: autoDraw = False
159.4492 	EXP 	polygon_2: autoDraw = True
159.6845 	EXP 	New trial (rep=3, index=0): None
159.6859 	DATA 	Keypress: b
159.6998 	EXP 	Cross: autoDraw = False
159.6998 	EXP 	polygon_2: autoDraw = False
160.6825 	EXP 	Cross: autoDraw = True
160.8824 	EXP 	Cross: autoDraw = False
161.2658 	EXP 	polygon_2: autoDraw = True
161.4674 	EXP 	New trial (rep=4, index=0): None
161.4688 	DATA 	Keypress: b
161.4826 	EXP 	Cross: autoDraw = False
161.4826 	EXP 	polygon_2: autoDraw = False
162.4662 	EXP 	Cross: autoDraw = True
162.6662 	EXP 	Cross: autoDraw = False
163.2489 	EXP 	polygon_2: autoDraw = True
163.4351 	EXP 	New trial (rep=5, index=0): None
163.4373 	DATA 	Keypress: b
163.4511 	EXP 	Cross: autoDraw = False
163.4511 	EXP 	polygon_2: autoDraw = False
164.4324 	EXP 	Cross: autoDraw = True
164.6324 	EXP 	Cross: autoDraw = False
164.9658 	EXP 	polygon_2: autoDraw = True
165.2006 	EXP 	New trial (rep=6, index=0): None
165.2021 	DATA 	Keypress: b
165.2160 	EXP 	Cross: autoDraw = False
165.2160 	EXP 	polygon_2: autoDraw = False
166.1995 	EXP 	Cross: autoDraw = True
166.3990 	EXP 	Cross: autoDraw = False
166.7827 	EXP 	polygon_2: autoDraw = True
167.0003 	EXP 	New trial (rep=7, index=0): None
167.0019 	DATA 	Keypress: b
167.0188 	EXP 	Cross: autoDraw = False
167.0188 	EXP 	polygon_2: autoDraw = False
167.9990 	EXP 	Cross: autoDraw = True
168.1993 	EXP 	Cross: autoDraw = False
168.7503 	DATA 	Keypress: b
168.8490 	EXP 	polygon_2: autoDraw = True
169.2006 	EXP 	New trial (rep=8, index=0): None
169.2020 	DATA 	Keypress: b
169.2157 	EXP 	Cross: autoDraw = False
169.2157 	EXP 	polygon_2: autoDraw = False
170.1991 	EXP 	Cross: autoDraw = True
170.3991 	EXP 	Cross: autoDraw = False
170.9824 	EXP 	polygon_2: autoDraw = True
171.2011 	EXP 	New trial (rep=9, index=0): None
171.2026 	DATA 	Keypress: b
171.2163 	EXP 	Cross: autoDraw = False
171.2163 	EXP 	polygon_2: autoDraw = False
172.1989 	EXP 	Cross: autoDraw = True
172.3991 	EXP 	Cross: autoDraw = False
173.1488 	EXP 	polygon_2: autoDraw = True
173.3004 	EXP 	New trial (rep=10, index=0): None
173.3017 	DATA 	Keypress: b
173.3155 	EXP 	Cross: autoDraw = False
173.3155 	EXP 	polygon_2: autoDraw = False
174.2994 	EXP 	Cross: autoDraw = True
174.4993 	EXP 	Cross: autoDraw = False
175.2491 	EXP 	polygon_2: autoDraw = True
175.4514 	EXP 	New trial (rep=11, index=0): None
175.4535 	DATA 	Keypress: b
175.4674 	EXP 	Cross: autoDraw = False
175.4674 	EXP 	polygon_2: autoDraw = False
176.4489 	EXP 	Cross: autoDraw = True
176.6488 	EXP 	Cross: autoDraw = False
177.1654 	EXP 	polygon_2: autoDraw = True
177.4015 	EXP 	New trial (rep=12, index=0): None
177.4036 	DATA 	Keypress: b
177.4173 	EXP 	Cross: autoDraw = False
177.4173 	EXP 	polygon_2: autoDraw = False
178.3988 	EXP 	Cross: autoDraw = True
178.5988 	EXP 	Cross: autoDraw = False
179.1671 	DATA 	Keypress: b
179.2488 	EXP 	polygon_2: autoDraw = True
179.5504 	EXP 	New trial (rep=13, index=0): None
179.5517 	DATA 	Keypress: b
179.5656 	EXP 	Cross: autoDraw = False
179.5656 	EXP 	polygon_2: autoDraw = False
180.5489 	EXP 	Cross: autoDraw = True
180.7488 	EXP 	Cross: autoDraw = False
181.1324 	EXP 	polygon_2: autoDraw = True
181.4006 	EXP 	New trial (rep=14, index=0): None
181.4019 	DATA 	Keypress: b
181.4156 	EXP 	Cross: autoDraw = False
181.4156 	EXP 	polygon_2: autoDraw = False
182.3986 	EXP 	Cross: autoDraw = True
182.5986 	EXP 	Cross: autoDraw = False
183.2655 	EXP 	polygon_2: autoDraw = True
183.8679 	EXP 	New trial (rep=15, index=0): None
183.8699 	DATA 	Keypress: b
183.8839 	EXP 	Cross: autoDraw = False
183.8839 	EXP 	polygon_2: autoDraw = False
184.8653 	EXP 	Cross: autoDraw = True
185.0654 	EXP 	Cross: autoDraw = False
185.4824 	EXP 	polygon_2: autoDraw = True
185.7514 	EXP 	New trial (rep=16, index=0): None
185.7529 	DATA 	Keypress: b
185.7667 	EXP 	Cross: autoDraw = False
185.7667 	EXP 	polygon_2: autoDraw = False
186.7487 	EXP 	Cross: autoDraw = True
186.9489 	EXP 	Cross: autoDraw = False
187.4984 	EXP 	polygon_2: autoDraw = True
187.7167 	EXP 	New trial (rep=17, index=0): None
187.7181 	DATA 	Keypress: b
187.7320 	EXP 	Cross: autoDraw = False
187.7320 	EXP 	polygon_2: autoDraw = False
188.7149 	EXP 	Cross: autoDraw = True
188.9149 	EXP 	Cross: autoDraw = False
189.2484 	EXP 	polygon_2: autoDraw = True
189.5165 	EXP 	New trial (rep=18, index=0): None
189.5180 	DATA 	Keypress: b
189.5319 	EXP 	Cross: autoDraw = False
189.5319 	EXP 	polygon_2: autoDraw = False
190.5155 	EXP 	Cross: autoDraw = True
190.7150 	EXP 	Cross: autoDraw = False
191.3655 	EXP 	polygon_2: autoDraw = True
191.3832 	EXP 	New trial (rep=19, index=0): None
191.3845 	DATA 	Keypress: b
191.3985 	EXP 	Cross: autoDraw = False
191.3985 	EXP 	polygon_2: autoDraw = False
192.3818 	EXP 	Cross: autoDraw = True
192.5817 	EXP 	Cross: autoDraw = False
192.9317 	EXP 	polygon_2: autoDraw = True
193.1677 	EXP 	New trial (rep=20, index=0): None
193.1696 	DATA 	Keypress: b
193.1835 	EXP 	Cross: autoDraw = False
193.1835 	EXP 	polygon_2: autoDraw = False
194.1650 	EXP 	Cross: autoDraw = True
194.3651 	EXP 	Cross: autoDraw = False
194.9983 	EXP 	polygon_2: autoDraw = True
195.0497 	EXP 	New trial (rep=21, index=0): None
195.0511 	DATA 	Keypress: b
195.0651 	EXP 	Cross: autoDraw = False
195.0651 	EXP 	polygon_2: autoDraw = False
196.0483 	EXP 	Cross: autoDraw = True
196.2484 	EXP 	Cross: autoDraw = False
196.9154 	EXP 	polygon_2: autoDraw = True
197.0511 	EXP 	New trial (rep=22, index=0): None
197.0533 	DATA 	Keypress: b
197.0671 	EXP 	Cross: autoDraw = False
197.0671 	EXP 	polygon_2: autoDraw = False
198.0482 	EXP 	Cross: autoDraw = True
198.2483 	EXP 	Cross: autoDraw = False
198.6982 	EXP 	polygon_2: autoDraw = True
198.9672 	EXP 	New trial (rep=23, index=0): None
198.9693 	DATA 	Keypress: b
198.9832 	EXP 	Cross: autoDraw = False
198.9832 	EXP 	polygon_2: autoDraw = False
199.9654 	EXP 	Cross: autoDraw = True
200.1647 	EXP 	Cross: autoDraw = False
200.5983 	EXP 	polygon_2: autoDraw = True
200.8503 	EXP 	New trial (rep=24, index=0): None
200.8520 	DATA 	Keypress: b
200.8659 	EXP 	Cross: autoDraw = False
200.8659 	EXP 	polygon_2: autoDraw = False
201.8481 	EXP 	Cross: autoDraw = True
202.0484 	EXP 	Cross: autoDraw = False
202.4653 	EXP 	polygon_2: autoDraw = True
202.6997 	EXP 	New trial (rep=25, index=0): None
202.7014 	DATA 	Keypress: b
202.7152 	EXP 	Cross: autoDraw = False
202.7152 	EXP 	polygon_2: autoDraw = False
203.6986 	EXP 	Cross: autoDraw = True
203.8985 	EXP 	Cross: autoDraw = False
204.2984 	EXP 	polygon_2: autoDraw = True
204.5333 	EXP 	New trial (rep=26, index=0): None
204.5346 	DATA 	Keypress: b
204.5484 	EXP 	Cross: autoDraw = False
204.5484 	EXP 	polygon_2: autoDraw = False
205.5313 	EXP 	Cross: autoDraw = True
205.7314 	EXP 	Cross: autoDraw = False
206.3315 	EXP 	polygon_2: autoDraw = True
206.3335 	DATA 	Keypress: b
206.7164 	EXP 	New trial (rep=27, index=0): None
206.7180 	DATA 	Keypress: b
206.7318 	EXP 	Cross: autoDraw = False
206.7318 	EXP 	polygon_2: autoDraw = False
207.7151 	EXP 	Cross: autoDraw = True
207.9151 	EXP 	Cross: autoDraw = False
208.3646 	EXP 	polygon_2: autoDraw = True
208.5832 	EXP 	New trial (rep=28, index=0): None
208.5846 	DATA 	Keypress: b
208.5985 	EXP 	Cross: autoDraw = False
208.5985 	EXP 	polygon_2: autoDraw = False
209.5818 	EXP 	Cross: autoDraw = True
209.7813 	EXP 	Cross: autoDraw = False
210.1481 	EXP 	polygon_2: autoDraw = True
210.1663 	EXP 	New trial (rep=29, index=0): None
210.1676 	DATA 	Keypress: b
210.1812 	EXP 	Cross: autoDraw = False
210.1812 	EXP 	polygon_2: autoDraw = False
211.1644 	EXP 	Cross: autoDraw = True
211.3644 	EXP 	Cross: autoDraw = False
211.8483 	EXP 	polygon_2: autoDraw = True
211.9992 	EXP 	New trial (rep=30, index=0): None
212.0006 	DATA 	Keypress: b
212.0145 	EXP 	Cross: autoDraw = False
212.0145 	EXP 	polygon_2: autoDraw = False
212.9978 	EXP 	Cross: autoDraw = True
213.1983 	EXP 	Cross: autoDraw = False
213.7815 	EXP 	polygon_2: autoDraw = True
213.9992 	EXP 	New trial (rep=31, index=0): None
214.0005 	DATA 	Keypress: b
214.0145 	EXP 	Cross: autoDraw = False
214.0145 	EXP 	polygon_2: autoDraw = False
214.9981 	EXP 	Cross: autoDraw = True
215.1978 	EXP 	Cross: autoDraw = False
215.8144 	EXP 	polygon_2: autoDraw = True
216.0502 	EXP 	New trial (rep=32, index=0): None
216.0525 	DATA 	Keypress: b
216.0664 	EXP 	Cross: autoDraw = False
216.0664 	EXP 	polygon_2: autoDraw = False
217.0476 	EXP 	Cross: autoDraw = True
217.2477 	EXP 	Cross: autoDraw = False
217.7644 	EXP 	polygon_2: autoDraw = True
218.0333 	EXP 	New trial (rep=33, index=0): None
218.0354 	DATA 	Keypress: b
218.0493 	EXP 	Cross: autoDraw = False
218.0493 	EXP 	polygon_2: autoDraw = False
219.0309 	EXP 	Cross: autoDraw = True
219.2311 	EXP 	Cross: autoDraw = False
219.7475 	EXP 	polygon_2: autoDraw = True
219.8495 	EXP 	New trial (rep=34, index=0): None
219.8509 	DATA 	Keypress: b
219.8646 	EXP 	Cross: autoDraw = False
219.8646 	EXP 	polygon_2: autoDraw = False
220.8475 	EXP 	Cross: autoDraw = True
221.0476 	EXP 	Cross: autoDraw = False
221.7311 	EXP 	polygon_2: autoDraw = True
221.8665 	EXP 	New trial (rep=35, index=0): None
221.8680 	DATA 	Keypress: b
221.8816 	EXP 	Cross: autoDraw = False
221.8816 	EXP 	polygon_2: autoDraw = False
222.8642 	EXP 	Cross: autoDraw = True
223.0642 	EXP 	Cross: autoDraw = False
223.4475 	EXP 	polygon_2: autoDraw = True
223.7836 	EXP 	New trial (rep=36, index=0): None
223.7855 	DATA 	Keypress: b
223.7992 	EXP 	Cross: autoDraw = False
223.7992 	EXP 	polygon_2: autoDraw = False
224.7808 	EXP 	Cross: autoDraw = True
224.9807 	EXP 	Cross: autoDraw = False
225.7310 	EXP 	polygon_2: autoDraw = True
225.9658 	EXP 	New trial (rep=37, index=0): None
225.9673 	DATA 	Keypress: b
225.9812 	EXP 	Cross: autoDraw = False
225.9812 	EXP 	polygon_2: autoDraw = False
226.9644 	EXP 	Cross: autoDraw = True
227.1641 	EXP 	Cross: autoDraw = False
227.7309 	EXP 	polygon_2: autoDraw = True
227.9826 	EXP 	New trial (rep=38, index=0): None
227.9839 	DATA 	Keypress: b
227.9977 	EXP 	Cross: autoDraw = False
227.9977 	EXP 	polygon_2: autoDraw = False
228.9811 	EXP 	Cross: autoDraw = True
229.1808 	EXP 	Cross: autoDraw = False
229.5806 	EXP 	polygon_2: autoDraw = True
229.7997 	EXP 	New trial (rep=39, index=0): None
229.8018 	DATA 	Keypress: b
229.8157 	EXP 	Cross: autoDraw = False
229.8157 	EXP 	polygon_2: autoDraw = False
230.7971 	EXP 	Cross: autoDraw = True
230.9976 	EXP 	Cross: autoDraw = False
231.3139 	EXP 	polygon_2: autoDraw = True
231.5821 	EXP 	New trial (rep=40, index=0): None
231.5835 	DATA 	Keypress: b
231.5974 	EXP 	Cross: autoDraw = False
231.5974 	EXP 	polygon_2: autoDraw = False
232.5810 	EXP 	Cross: autoDraw = True
232.7811 	EXP 	Cross: autoDraw = False
233.4140 	EXP 	polygon_2: autoDraw = True
233.4830 	EXP 	New trial (rep=41, index=0): None
233.4852 	DATA 	Keypress: b
233.4991 	EXP 	Cross: autoDraw = False
233.4991 	EXP 	polygon_2: autoDraw = False
234.4811 	EXP 	Cross: autoDraw = True
234.6805 	EXP 	Cross: autoDraw = False
235.0308 	EXP 	polygon_2: autoDraw = True
235.4828 	EXP 	New trial (rep=42, index=0): None
235.4848 	DATA 	Keypress: b
235.4986 	EXP 	Cross: autoDraw = False
235.4986 	EXP 	polygon_2: autoDraw = False
236.4804 	EXP 	Cross: autoDraw = True
236.6803 	EXP 	Cross: autoDraw = False
237.1303 	EXP 	polygon_2: autoDraw = True
237.3329 	EXP 	New trial (rep=43, index=0): None
237.3346 	DATA 	Keypress: b
237.3483 	EXP 	Cross: autoDraw = False
237.3483 	EXP 	polygon_2: autoDraw = False
238.3305 	EXP 	Cross: autoDraw = True
238.5309 	EXP 	Cross: autoDraw = False
238.8304 	EXP 	polygon_2: autoDraw = True
238.8991 	EXP 	New trial (rep=44, index=0): None
238.9005 	DATA 	Keypress: b
238.9144 	EXP 	Cross: autoDraw = False
238.9144 	EXP 	polygon_2: autoDraw = False
239.8975 	EXP 	Cross: autoDraw = True
240.0975 	EXP 	Cross: autoDraw = False
240.4834 	DATA 	Keypress: b
240.6470 	EXP 	polygon_2: autoDraw = True
240.7988 	EXP 	New trial (rep=45, index=0): None
240.8002 	DATA 	Keypress: b
240.8139 	EXP 	Cross: autoDraw = False
240.8139 	EXP 	polygon_2: autoDraw = False
241.7970 	EXP 	Cross: autoDraw = True
241.9971 	EXP 	Cross: autoDraw = False
242.6485 	DATA 	Keypress: b
242.7137 	EXP 	polygon_2: autoDraw = True
243.1330 	EXP 	New trial (rep=46, index=0): None
243.1352 	DATA 	Keypress: b
243.1490 	EXP 	Cross: autoDraw = False
243.1490 	EXP 	polygon_2: autoDraw = False
244.1303 	EXP 	Cross: autoDraw = True
244.3304 	EXP 	Cross: autoDraw = False
244.9971 	EXP 	polygon_2: autoDraw = True
245.2151 	EXP 	New trial (rep=47, index=0): None
245.2165 	DATA 	Keypress: b
245.2305 	EXP 	Cross: autoDraw = False
245.2305 	EXP 	polygon_2: autoDraw = False
246.2138 	EXP 	Cross: autoDraw = True
246.4140 	EXP 	Cross: autoDraw = False
246.8639 	EXP 	polygon_2: autoDraw = True
247.0986 	EXP 	New trial (rep=48, index=0): None
247.1001 	DATA 	Keypress: b
247.1140 	EXP 	Cross: autoDraw = False
247.1140 	EXP 	polygon_2: autoDraw = False
248.0973 	EXP 	Cross: autoDraw = True
248.2973 	EXP 	Cross: autoDraw = False
249.0173 	DATA 	Keypress: b
249.0314 	EXP 	polygon_2: autoDraw = True
249.3988 	EXP 	New trial (rep=49, index=0): None
249.4000 	DATA 	Keypress: b
249.4137 	EXP 	Cross: autoDraw = False
249.4137 	EXP 	polygon_2: autoDraw = False
250.3969 	EXP 	Cross: autoDraw = True
250.5969 	EXP 	Cross: autoDraw = False
251.0136 	EXP 	polygon_2: autoDraw = True
251.2854 	DATA 	Keypress: b
251.2998 	EXP 	Cross: autoDraw = False
251.2998 	EXP 	polygon_2: autoDraw = False
251.2998 	EXP 	thanksText: autoDraw = True
253.2936 	EXP 	thanksText: autoDraw = False
253.5660 	EXP 	window1: mouseVisible = True
